CC(=O)N([Lu])c1noc2c1CCC([Re])([1Re])C2([Re])[1Re] [0Lu] 1.single.ism [0Re] 1.single_fusion.ism [1Re] 1.single_fusion.ism
O=C(C[1Lu])N([Lu])c1noc2c1CCC([Re])C2[Re] [1Lu] 1.single.ism [0Lu] 1.single.ism [0Re] 1.single_fusion.ism
O=C(C=[Hf])Nc1noc2c1C(=[2Hf])CCC2=[1Hf] [0Hf] 1.double.ism [2Hf] 1.double.ism [1Hf] 1.double.ism
O=C(C=[Hf])Nc1noc2c1C([Lu])CCC2=[1Hf] [0Hf] 1.double.ism [0Lu] 1.single.ism [1Hf] 1.double.ism
CC(=O)Nc1noc2c1C([Re])([1Re])C([Re])([1Re])C([2Re])C2[2Re] [0Re] 1.single_fusion.ism [1Re] 1.single_fusion.ism [2Re] 1.single_fusion.ism
CC(=O)Nc1noc2c1C([Re])C([Re])CC2([W])[W] [0W] 2.spiro.ism [0Re] 1.single_fusion.ism
O=C(C[Lu])Nc1noc2c1C([Re])C([Re])C([1Lu])C2 [0Lu] 1.single.ism [1Lu] 1.single.ism [0Re] 1.single_fusion.ism
CC(=O)Nc1noc2c1C([Lu])([Re])C([Re])CC2 [0Lu] 1.single.ism [0Re] 2.single_fusion.ism
CC(=O)Nc1noc2c1C([Lu])([Re])C([Re])CC2 [0Lu] 2.single.ism [0Re] 1.single_fusion.ism
CC(=O)Nc1noc2c1C([Lu])([Re])C([1Lu])([Re])CC2 [0Lu] 1.single.ism [0Re] 1.single_fusion.ism [1Lu] 1.single.ism
O=C(C[Lu])Nc1noc2c1C([Re])C([1Lu])([Re])CC2 [0Lu] 1.single.ism [1Lu] 1.single.ism [0Re] 1.single_fusion.ism
CC(=O)N([1Lu])c1noc2c1C(=[Hf])CCC2[Lu] [1Lu] 1.single.ism [0Hf] 1.double.ism [0Lu] 1.single.ism
O=C(C[2Lu])N([1Lu])c1noc2c1CCCC2[Lu] [2Lu] 1.single.ism [1Lu] 1.single.ism [0Lu] 1.single.ism
CC(=O)Nc1noc2c1C(=[Hf])C([Re])C([Re])C2[Lu] [0Hf] 1.double.ism [0Lu] 1.single.ism [0Re] 1.single_fusion.ism
CC(=O)Nc1noc2c1CC([2Lu])CC2([Lu])[1Lu] [2Lu] 1.single.ism [0Lu] 1.single.ism [1Lu] 1.single.ism
CC(=O)Nc1noc2c1CCC([2Lu])C2([Lu])[1Lu] [2Lu] 1.single.ism [0Lu] 1.single.ism [1Lu] 1.single.ism
CC(=O)N([Lu])c1noc2c1C([Re])C([Re])CC2[1Lu] [0Lu] 1.single.ism [1Lu] 1.single.ism [0Re] 1.single_fusion.ism
CC(=O)Nc1noc2c1C([Re])([1Re])C([Re])([1Re])CC2 [0Re] 1.single_fusion.ism [1Re] 2.single_fusion.ism
O=C(C#[Ta])Nc1noc2c1CC([Re])C([Re])C2[Lu] [0Ta] 1.triple.ism [0Lu] 1.single.ism [0Re] 1.single_fusion.ism
O=C(C#[Ta])Nc1noc2c1C(=[Hf])CCC2[Lu] [0Ta] 1.triple.ism [0Hf] 1.double.ism [0Lu] 1.single.ism
CC(=O)Nc1noc2c1C([Re])C([Re])CC2([Lu])[1Lu] [0Lu] 1.single.ism [1Lu] 1.single.ism [0Re] 1.single_fusion.ism
O=C(C#[Ta])Nc1noc2c1C(=[Hf])CC([Re])C2[Re] [0Ta] 1.triple.ism [0Hf] 1.double.ism [0Re] 1.single_fusion.ism
CC(=O)Nc1noc2c1C(=[Hf])CC([Lu])([Re])C2[Re] [0Hf] 1.double.ism [0Lu] 1.single.ism [0Re] 1.single_fusion.ism
CC(=O)N([Lu])c1noc2c1C(=[Hf])CC([Re])C2[Re] [0Lu] 1.single.ism [0Hf] 1.double.ism [0Re] 1.single_fusion.ism
CC(=O)N([Lu])c1noc2c1C([Re])C([Re])CC2 [0Lu] 1.single.ism [0Re] 2.single_fusion.ism
CC(=O)N([Lu])c1noc2c1C([Re])C([Re])CC2 [0Lu] 2.single.ism [0Re] 1.single_fusion.ism
O=C(C=[Hf])N([Lu])c1noc2c1CC([Re])C([Re])C2 [0Hf] 1.double.ism [0Lu] 1.single.ism [0Re] 1.single_fusion.ism
O=C(C([1Lu])=[Hf])N([Lu])c1noc2c1CCCC2 [1Lu] 1.single.ism [0Hf] 1.double.ism [0Lu] 1.single.ism
CC(=O)N([1Lu])c1noc2c1CC([Re])C([Re])C2[Lu] [1Lu] 1.single.ism [0Lu] 1.single.ism [0Re] 1.single_fusion.ism
O=C(C=[1Hf])Nc1noc2c1CC([Lu])C(=[Hf])C2 [1Hf] 1.double.ism [0Lu] 1.single.ism [0Hf] 1.double.ism
O=C(C=[Hf])Nc1noc2c1CC(=[2Hf])CC2=[1Hf] [0Hf] 1.double.ism [2Hf] 1.double.ism [1Hf] 1.double.ism
CC(=O)N([Lu])c1noc2c1C([Re])C([1Lu])([Re])CC2 [0Lu] 1.single.ism [1Lu] 1.single.ism [0Re] 1.single_fusion.ism
O=C(C#[Ta])Nc1noc2c1C(=[1Hf])C(=[Hf])CC2 [0Ta] 1.triple.ism [1Hf] 1.double.ism [0Hf] 1.double.ism
O=C(C#[Ta])Nc1noc2c1C([Lu])C(=[Hf])CC2 [0Ta] 1.triple.ism [0Lu] 1.single.ism [0Hf] 1.double.ism
O=C(C#[Ta])N([Lu])c1noc2c1CC(=[Hf])CC2 [0Ta] 1.triple.ism [0Lu] 1.single.ism [0Hf] 1.double.ism
O=C(C#[Ta])Nc1noc2c1CC(=[Hf])C([Lu])C2 [0Ta] 1.triple.ism [0Hf] 1.double.ism [0Lu] 1.single.ism
O=C(C[Lu])Nc1noc2c1C([Re])C([Re])CC2 [0Lu] 1.single.ism [0Re] 2.single_fusion.ism
O=C(C[Lu])Nc1noc2c1C([Re])C([Re])CC2 [0Lu] 2.single.ism [0Re] 1.single_fusion.ism
O=C(C[1Lu])Nc1noc2c1C([Re])C([Re])CC2[Lu] [1Lu] 1.single.ism [0Lu] 1.single.ism [0Re] 1.single_fusion.ism
O=C(C[1Lu])Nc1noc2c1C(=[Hf])CCC2[Lu] [1Lu] 1.single.ism [0Hf] 1.double.ism [0Lu] 1.single.ism
CC(=O)Nc1noc2c1C([1Lu])([Re])C([Re])CC2[Lu] [1Lu] 1.single.ism [0Re] 1.single_fusion.ism [0Lu] 1.single.ism
O=C(C#[Ta])Nc1noc2c1C([1Lu])CCC2[Lu] [0Ta] 1.triple.ism [1Lu] 1.single.ism [0Lu] 1.single.ism
CC(=O)N([2Lu])c1noc2c1C([1Lu])CCC2[Lu] [2Lu] 1.single.ism [1Lu] 1.single.ism [0Lu] 1.single.ism
O=C(C[2Lu])Nc1noc2c1C([1Lu])CCC2[Lu] [2Lu] 1.single.ism [1Lu] 1.single.ism [0Lu] 1.single.ism
CC(=O)Nc1noc2c1C([Re])([1Re])C([Re])([1Re])C(=[Hf])C2 [0Hf] 1.double.ism [0Re] 1.single_fusion.ism [1Re] 1.single_fusion.ism
O=C(C=[1Hf])Nc1noc2c1C([Re])C([Re])C(=[Hf])C2 [1Hf] 1.double.ism [0Hf] 1.double.ism [0Re] 1.single_fusion.ism
O=C(C[Lu])Nc1noc2c1C(=[Hf])CC([Re])C2[Re] [0Lu] 1.single.ism [0Hf] 1.double.ism [0Re] 1.single_fusion.ism
CC(=O)Nc1noc2c1C(=[2Hf])C(=[1Hf])C(=[Hf])C2 [2Hf] 1.double.ism [1Hf] 1.double.ism [0Hf] 1.double.ism
O=C(C=[2Hf])Nc1noc2c1CC(=[1Hf])C(=[Hf])C2 [2Hf] 1.double.ism [1Hf] 1.double.ism [0Hf] 1.double.ism
O=C(C=[Hf])Nc1noc2c1CCC(=[2Hf])C2=[1Hf] [0Hf] 1.double.ism [2Hf] 1.double.ism [1Hf] 1.double.ism
CC(=O)Nc1noc2c1CC([1Lu])C([Re])C2([Lu])[Re] [1Lu] 1.single.ism [0Lu] 1.single.ism [0Re] 1.single_fusion.ism
O=C(C#[Ta])Nc1noc2c1CC(=[Hf])C([Re])C2[Re] [0Ta] 1.triple.ism [0Hf] 1.double.ism [0Re] 1.single_fusion.ism
CC(=O)Nc1noc2c1C(=[1Hf])C(=[Hf])CC2[Lu] [1Hf] 1.double.ism [0Hf] 1.double.ism [0Lu] 1.single.ism
O=C(C=[1Hf])Nc1noc2c1CC(=[Hf])CC2[Lu] [1Hf] 1.double.ism [0Hf] 1.double.ism [0Lu] 1.single.ism
O=C(C[1Lu])Nc1noc2c1CC(=[Hf])CC2[Lu] [1Lu] 1.single.ism [0Hf] 1.double.ism [0Lu] 1.single.ism
O=C(Nc1noc2c1C(=[Hf])CCC2)C([W])[W] [0Hf] 1.double.ism [0W] 2.spiro.ism
O=C(C=[Hf])Nc1noc2c1C(=[1Hf])C([Re])C([Re])C2 [0Hf] 1.double.ism [1Hf] 1.double.ism [0Re] 1.single_fusion.ism
O=C(C=[Hf])Nc1noc2c1C(=[1Hf])C([Lu])CC2 [0Hf] 1.double.ism [1Hf] 1.double.ism [0Lu] 1.single.ism
O=C(C=[Hf])N([Lu])c1noc2c1C(=[1Hf])CCC2 [0Hf] 1.double.ism [0Lu] 1.single.ism [1Hf] 1.double.ism
CC(=O)N([1Lu])c1noc2c1CCC([Lu])([2Lu])C2 [1Lu] 1.single.ism [0Lu] 1.single.ism [2Lu] 1.single.ism
CC(=O)N([Lu])c1noc2c1C(=[Hf])CCC2=[1Hf] [0Lu] 1.single.ism [0Hf] 1.double.ism [1Hf] 1.double.ism
O=C(Nc1noc2c1CCC([Lu])C2)C([W])[W] [0Lu] 1.single.ism [0W] 2.spiro.ism
O=C(C#[Ta])Nc1noc2c1CC([1Re])C([Re])([1Re])C2[Re] [0Ta] 1.triple.ism [1Re] 1.single_fusion.ism [0Re] 1.single_fusion.ism
CC(=O)Nc1noc2c1C(=[Hf])C([1Re])C([Re])([1Re])C2[Re] [0Hf] 1.double.ism [1Re] 1.single_fusion.ism [0Re] 1.single_fusion.ism
O=C(C[Lu])Nc1noc2c1CC([1Re])C([Re])([1Re])C2[Re] [0Lu] 1.single.ism [1Re] 1.single_fusion.ism [0Re] 1.single_fusion.ism
CC(=O)Nc1noc2c1C([Lu])C([1Re])C([Re])([1Re])C2[Re] [0Lu] 1.single.ism [1Re] 1.single_fusion.ism [0Re] 1.single_fusion.ism
CC(=O)Nc1noc2c1CCCC2([W])[W] [0W] 3.spiro.ism
O=C(C[Lu])Nc1noc2c1C([1Lu])C([Re])C([Re])C2 [0Lu] 1.single.ism [1Lu] 1.single.ism [0Re] 1.single_fusion.ism
O=C(Nc1noc2c1C([1Lu])CCC2)C([Lu])[2Lu] [1Lu] 1.single.ism [0Lu] 1.single.ism [2Lu] 1.single.ism
O=C(Nc1noc2c1CCC([Lu])C2)C([1Lu])[2Lu] [0Lu] 1.single.ism [1Lu] 1.single.ism [2Lu] 1.single.ism
O=C(Nc1noc2c1C(=[Hf])CCC2)C([Lu])[1Lu] [0Hf] 1.double.ism [0Lu] 1.single.ism [1Lu] 1.single.ism
O=C(Nc1noc2c1CCCC2[Lu])C([W])[W] [0Lu] 1.single.ism [0W] 2.spiro.ism
CC(=O)Nc1noc2c1CC([W])([W])CC2=[Hf] [0W] 2.spiro.ism [0Hf] 1.double.ism
O=C(C#[Ta])Nc1noc2c1C(=[1Hf])CC(=[Hf])C2 [0Ta] 1.triple.ism [1Hf] 1.double.ism [0Hf] 1.double.ism
O=C(C#[Ta])Nc1noc2c1CC(=[1Hf])C(=[Hf])C2 [0Ta] 1.triple.ism [1Hf] 1.double.ism [0Hf] 1.double.ism
O=C(C=[1Hf])Nc1noc2c1CCC(=[Hf])C2[Lu] [1Hf] 1.double.ism [0Hf] 1.double.ism [0Lu] 1.single.ism
O=C(C[1Lu])N([Lu])c1noc2c1CCC(=[Hf])C2 [1Lu] 1.single.ism [0Lu] 1.single.ism [0Hf] 1.double.ism
O=C(C#[Ta])Nc1noc2c1CCCC2=[Hf] [0Ta] 1.triple.ism [0Hf] 2.double.ism
O=C(C#[Ta])Nc1noc2c1CCCC2=[Hf] [0Ta] 2.triple.ism [0Hf] 1.double.ism
CC(=O)Nc1noc2c1CC([Re])C([1Lu])([Re])C2[Lu] [1Lu] 1.single.ism [0Re] 1.single_fusion.ism [0Lu] 1.single.ism
CC(=O)Nc1noc2c1C(=[Hf])CC([1Lu])C2[Lu] [0Hf] 1.double.ism [1Lu] 1.single.ism [0Lu] 1.single.ism
CC(=O)Nc1noc2c1CC([2Lu])C([1Lu])C2[Lu] [2Lu] 1.single.ism [1Lu] 1.single.ism [0Lu] 1.single.ism
O=C(C[2Lu])Nc1noc2c1CCC([1Lu])C2[Lu] [2Lu] 1.single.ism [1Lu] 1.single.ism [0Lu] 1.single.ism
CC(=O)N([2Lu])c1noc2c1CCC([1Lu])C2[Lu] [2Lu] 1.single.ism [1Lu] 1.single.ism [0Lu] 1.single.ism
CC(=O)Nc1noc2c1C([2Lu])CC([1Lu])C2[Lu] [2Lu] 1.single.ism [1Lu] 1.single.ism [0Lu] 1.single.ism
O=C(C=[Hf])Nc1noc2c1CCCC2[Lu] [0Hf] 1.double.ism [0Lu] 2.single.ism
O=C(C=[Hf])Nc1noc2c1CCCC2[Lu] [0Hf] 2.double.ism [0Lu] 1.single.ism
O=C(C[Lu])Nc1noc2c1CC([W])([W])CC2 [0Lu] 1.single.ism [0W] 2.spiro.ism
CC(=O)Nc1noc2c1C([2Lu])C([Lu])C([1Lu])C2 [2Lu] 1.single.ism [0Lu] 1.single.ism [1Lu] 1.single.ism
O=C(Nc1noc2c1CC(=[Hf])CC2)C([Lu])[1Lu] [0Hf] 1.double.ism [0Lu] 1.single.ism [1Lu] 1.single.ism
O=C(C=[Hf])Nc1noc2c1C([Lu])CCC2 [0Hf] 1.double.ism [0Lu] 2.single.ism
O=C(C=[Hf])Nc1noc2c1C([Lu])CCC2 [0Hf] 2.double.ism [0Lu] 1.single.ism
CC(=O)Nc1noc2c1CC(=[1Hf])C(=[Hf])C2[Lu] [1Hf] 1.double.ism [0Hf] 1.double.ism [0Lu] 1.single.ism
O=C(C[Lu])Nc1noc2c1C(=[1Hf])C(=[Hf])CC2 [0Lu] 1.single.ism [1Hf] 1.double.ism [0Hf] 1.double.ism
CC(=O)Nc1noc2c1C([Lu])([1Lu])CCC2=[Hf] [0Lu] 1.single.ism [1Lu] 1.single.ism [0Hf] 1.double.ism
O=C(C#[Ta])N([1Lu])c1noc2c1CCCC2[Lu] [0Ta] 1.triple.ism [1Lu] 1.single.ism [0Lu] 1.single.ism
CC(=O)N([1Lu])c1noc2c1CC(=[Hf])CC2[Lu] [1Lu] 1.single.ism [0Hf] 1.double.ism [0Lu] 1.single.ism
O=C(Nc1noc2c1CCCC2)C([W])[W] [0W] 3.spiro.ism
CC(=O)Nc1noc2c1C([W])([W])CC([Re])C2[Re] [0W] 2.spiro.ism [0Re] 1.single_fusion.ism
O=C(C[2Lu])Nc1noc2c1CC([Lu])([1Lu])CC2 [2Lu] 1.single.ism [0Lu] 1.single.ism [1Lu] 1.single.ism
CC(=O)Nc1noc2c1C([2Lu])C([Lu])([1Lu])CC2 [2Lu] 1.single.ism [0Lu] 1.single.ism [1Lu] 1.single.ism
O=C(C=[1Hf])Nc1noc2c1C(=[2Hf])CC(=[Hf])C2 [1Hf] 1.double.ism [2Hf] 1.double.ism [0Hf] 1.double.ism
O=C(C[1Lu])Nc1noc2c1C(=[Hf])C([Lu])CC2 [1Lu] 1.single.ism [0Hf] 1.double.ism [0Lu] 1.single.ism
CC(=O)Nc1noc2c1C([Re])C([Lu])([Re])C(=[Hf])C2 [0Lu] 1.single.ism [0Re] 1.single_fusion.ism [0Hf] 1.double.ism
O=C(C[2Lu])Nc1noc2c1C([Lu])CC([1Lu])C2 [2Lu] 1.single.ism [0Lu] 1.single.ism [1Lu] 1.single.ism
CC(=O)Nc1noc2c1C([Lu])([2Lu])CC([1Lu])C2 [0Lu] 1.single.ism [2Lu] 1.single.ism [1Lu] 1.single.ism
CC(=O)N([Lu])c1noc2c1CCC([1Lu])C2=[Hf] [0Lu] 1.single.ism [1Lu] 1.single.ism [0Hf] 1.double.ism
CC(=O)Nc1noc2c1CC(=[Hf])C([Re])C2[Re] [0Hf] 1.double.ism [0Re] 2.single_fusion.ism
CC(=O)Nc1noc2c1CC(=[Hf])C([Re])C2[Re] [0Hf] 2.double.ism [0Re] 1.single_fusion.ism
CC(=O)Nc1noc2c1C([2Re])C([1Re])([2Re])C([Re])([1Re])C2[Re] [2Re] 1.single_fusion.ism [0Re] 1.single_fusion.ism [1Re] 1.single_fusion.ism
O=C(C[Lu])Nc1noc2c1C([1Lu])CC(=[Hf])C2 [0Lu] 1.single.ism [1Lu] 1.single.ism [0Hf] 1.double.ism
O=C(C=[Hf])Nc1noc2c1CC(=[1Hf])C([Re])C2[Re] [0Hf] 1.double.ism [1Hf] 1.double.ism [0Re] 1.single_fusion.ism
O=C(C([Lu])[1Lu])N([2Lu])c1noc2c1CCCC2 [0Lu] 1.single.ism [1Lu] 1.single.ism [2Lu] 1.single.ism
CC(=O)Nc1noc2c1CC([Lu])([1Re])C([Re])([1Re])C2[Re] [0Lu] 1.single.ism [1Re] 1.single_fusion.ism [0Re] 1.single_fusion.ism
O=C(C=[Hf])Nc1noc2c1C([Lu])CC([1Lu])C2 [0Hf] 1.double.ism [0Lu] 1.single.ism [1Lu] 1.single.ism
O=C(C#[Ta])Nc1noc2c1C([Re])C([Re])([1Re])C([1Re])C2 [0Ta] 1.triple.ism [0Re] 1.single_fusion.ism [1Re] 1.single_fusion.ism
CC(=O)Nc1noc2c1C([Lu])CCC2([1Lu])[2Lu] [0Lu] 1.single.ism [1Lu] 1.single.ism [2Lu] 1.single.ism
CC(=O)Nc1noc2c1C([Lu])CC([Re])C2([1Lu])[Re] [0Lu] 1.single.ism [1Lu] 1.single.ism [0Re] 1.single_fusion.ism
CC(=O)Nc1noc2c1CC([Lu])([Re])C([1Lu])([Re])C2 [0Lu] 1.single.ism [0Re] 1.single_fusion.ism [1Lu] 1.single.ism
CC(=O)N([Lu])c1noc2c1C([1Lu])CC(=[Hf])C2 [0Lu] 1.single.ism [1Lu] 1.single.ism [0Hf] 1.double.ism
O=C(C#[Ta])Nc1noc2c1CC([Re])C([Re])C2 [0Ta] 1.triple.ism [0Re] 2.single_fusion.ism
O=C(C#[Ta])Nc1noc2c1CC([Re])C([Re])C2 [0Ta] 2.triple.ism [0Re] 1.single_fusion.ism
CC(=O)Nc1noc2c1CC([Re])C([Re])C2=[Hf] [0Hf] 1.double.ism [0Re] 2.single_fusion.ism
CC(=O)Nc1noc2c1CC([Re])C([Re])C2=[Hf] [0Hf] 2.double.ism [0Re] 1.single_fusion.ism
CC(=O)Nc1noc2c1C([Re])C([Re])CC2=[Hf] [0Hf] 1.double.ism [0Re] 2.single_fusion.ism
CC(=O)Nc1noc2c1C([Re])C([Re])CC2=[Hf] [0Hf] 2.double.ism [0Re] 1.single_fusion.ism
O=C(Nc1noc2c1CCCC2=[Hf])C([W])[W] [0Hf] 1.double.ism [0W] 2.spiro.ism
O=C(C=[1Hf])Nc1noc2c1CCCC2=[Hf] [1Hf] 1.double.ism [0Hf] 2.double.ism
O=C(C=[1Hf])Nc1noc2c1CCCC2=[Hf] [1Hf] 2.double.ism [0Hf] 1.double.ism
CC(=O)Nc1noc2c1CCC(=[1Hf])C2=[Hf] [1Hf] 1.double.ism [0Hf] 2.double.ism
CC(=O)Nc1noc2c1CCC(=[1Hf])C2=[Hf] [1Hf] 2.double.ism [0Hf] 1.double.ism
CC(=O)Nc1noc2c1C(=[1Hf])CC(=[2Hf])C2=[Hf] [1Hf] 1.double.ism [2Hf] 1.double.ism [0Hf] 1.double.ism
CC(=O)Nc1noc2c1C(=[1Hf])CCC2=[Hf] [1Hf] 1.double.ism [0Hf] 2.double.ism
CC(=O)Nc1noc2c1C(=[1Hf])CCC2=[Hf] [1Hf] 2.double.ism [0Hf] 1.double.ism
CC(=O)Nc1noc2c1CC(=[1Hf])C(=[2Hf])C2=[Hf] [1Hf] 1.double.ism [2Hf] 1.double.ism [0Hf] 1.double.ism
CC(=O)N([Lu])c1noc2c1C([1Lu])CCC2=[Hf] [0Lu] 1.single.ism [1Lu] 1.single.ism [0Hf] 1.double.ism
CC(=O)Nc1noc2c1CC([Lu])CC2=[Hf] [0Lu] 1.single.ism [0Hf] 2.double.ism
CC(=O)Nc1noc2c1CC([Lu])CC2=[Hf] [0Lu] 2.single.ism [0Hf] 1.double.ism
O=C(C[1Lu])Nc1noc2c1CCC(=[Hf])C2[Lu] [1Lu] 1.single.ism [0Hf] 1.double.ism [0Lu] 1.single.ism
CC(=O)Nc1noc2c1C(=[Hf])C([1Lu])CC2[Lu] [0Hf] 1.double.ism [1Lu] 1.single.ism [0Lu] 1.single.ism
CC(=O)Nc1noc2c1C([Re])C([Re])([1Re])C([1Re])C2=[Hf] [0Hf] 1.double.ism [0Re] 1.single_fusion.ism [1Re] 1.single_fusion.ism
CC(=O)Nc1noc2c1CC([Lu])([1Lu])CC2=[Hf] [0Lu] 1.single.ism [1Lu] 1.single.ism [0Hf] 1.double.ism
CC(=O)Nc1noc2c1C(=[Hf])CCC2 [0Hf] 3.double.ism
CC(=O)Nc1noc2c1C([W])([W])CC(=[Hf])C2 [0W] 2.spiro.ism [0Hf] 1.double.ism
CC(=O)Nc1noc2c1C([Lu])CC([1Lu])C2=[Hf] [0Lu] 1.single.ism [1Lu] 1.single.ism [0Hf] 1.double.ism
CC(=O)N([Lu])c1noc2c1C([Re])C([Re])C([1Re])C2[1Re] [0Lu] 1.single.ism [0Re] 1.single_fusion.ism [1Re] 1.single_fusion.ism
CC(=O)Nc1noc2c1CC(=[1Hf])CC2=[Hf] [1Hf] 1.double.ism [0Hf] 2.double.ism
CC(=O)Nc1noc2c1CC(=[1Hf])CC2=[Hf] [1Hf] 2.double.ism [0Hf] 1.double.ism
CC(=O)Nc1noc2c1C(=[1Hf])C([Lu])C(=[Hf])C2 [1Hf] 1.double.ism [0Lu] 1.single.ism [0Hf] 1.double.ism
O=C(C=[Hf])N([Lu])c1noc2c1CCC(=[1Hf])C2 [0Hf] 1.double.ism [0Lu] 1.single.ism [1Hf] 1.double.ism
CC(=O)Nc1noc2c1C([1Lu])C(=[Hf])CC2[Lu] [1Lu] 1.single.ism [0Hf] 1.double.ism [0Lu] 1.single.ism
CC(=O)Nc1noc2c1C([Lu])([1Lu])CCC2 [0Lu] 1.single.ism [1Lu] 2.single.ism
CC(=O)N([Lu])c1noc2c1CCCC2=[Hf] [0Lu] 1.single.ism [0Hf] 2.double.ism
CC(=O)N([Lu])c1noc2c1CCCC2=[Hf] [0Lu] 2.single.ism [0Hf] 1.double.ism
O=C(C#[Ta])Nc1noc2c1C([Re])C([Re])CC2=[Hf] [0Ta] 1.triple.ism [0Hf] 1.double.ism [0Re] 1.single_fusion.ism
O=C(C#[Ta])Nc1noc2c1C([Re])C([Re])C(=[Hf])C2 [0Ta] 1.triple.ism [0Hf] 1.double.ism [0Re] 1.single_fusion.ism
O=C(C#[Ta])Nc1noc2c1C([Re])C([Re])C([Lu])C2 [0Ta] 1.triple.ism [0Lu] 1.single.ism [0Re] 1.single_fusion.ism
CC(=O)Nc1noc2c1CC([Lu])([1Lu])C([2Lu])C2 [0Lu] 1.single.ism [1Lu] 1.single.ism [2Lu] 1.single.ism
CC(=O)N([2Lu])c1noc2c1C([Lu])CC([1Lu])C2 [2Lu] 1.single.ism [0Lu] 1.single.ism [1Lu] 1.single.ism
CC(=O)Nc1noc2c1C([Lu])C([1Lu])C(=[Hf])C2 [0Lu] 1.single.ism [1Lu] 1.single.ism [0Hf] 1.double.ism
O=C(C=[Hf])N([Lu])c1noc2c1C([Re])C([Re])CC2 [0Hf] 1.double.ism [0Lu] 1.single.ism [0Re] 1.single_fusion.ism
CC(=O)Nc1noc2c1CCC([Lu])([2Lu])C2[1Lu] [0Lu] 1.single.ism [2Lu] 1.single.ism [1Lu] 1.single.ism
O=C(C#[Ta])Nc1noc2c1C([Lu])CC(=[Hf])C2 [0Ta] 1.triple.ism [0Lu] 1.single.ism [0Hf] 1.double.ism
O=C(C[Lu])N([1Lu])c1noc2c1CC(=[Hf])CC2 [0Lu] 1.single.ism [1Lu] 1.single.ism [0Hf] 1.double.ism
CC(=O)Nc1noc2c1C([Lu])C([Re])C([1Lu])([Re])C2 [0Lu] 1.single.ism [1Lu] 1.single.ism [0Re] 1.single_fusion.ism
O=C(C=[Hf])Nc1noc2c1CC([Lu])C([1Lu])C2 [0Hf] 1.double.ism [0Lu] 1.single.ism [1Lu] 1.single.ism
O=C(C#[Ta])N([Lu])c1noc2c1C([1Lu])CCC2 [0Ta] 1.triple.ism [0Lu] 1.single.ism [1Lu] 1.single.ism
O=C(C#[Ta])Nc1noc2c1CC(=[Hf])CC2[Lu] [0Ta] 1.triple.ism [0Hf] 1.double.ism [0Lu] 1.single.ism
O=C(Nc1noc2c1CCCC2)C([Lu])([1Lu])[2Lu] [0Lu] 1.single.ism [1Lu] 1.single.ism [2Lu] 1.single.ism
O=C(C=[Hf])Nc1noc2c1C([Re])C([Lu])([Re])CC2 [0Hf] 1.double.ism [0Lu] 1.single.ism [0Re] 1.single_fusion.ism
O=C(Nc1noc2c1C([Re])C([Re])CC2)C([W])[W] [0W] 2.spiro.ism [0Re] 1.single_fusion.ism
CC(=O)N([Lu])c1noc2c1CC([1Re])C([Re])([1Re])C2[Re] [0Lu] 1.single.ism [1Re] 1.single_fusion.ism [0Re] 1.single_fusion.ism
O=C(C#[Ta])Nc1noc2c1CC([Lu])CC2=[Hf] [0Ta] 1.triple.ism [0Lu] 1.single.ism [0Hf] 1.double.ism
O=C(C#[Ta])Nc1noc2c1CC([Lu])C(=[Hf])C2 [0Ta] 1.triple.ism [0Lu] 1.single.ism [0Hf] 1.double.ism
O=C(C#[Ta])N([1Lu])c1noc2c1CC([Lu])CC2 [0Ta] 1.triple.ism [1Lu] 1.single.ism [0Lu] 1.single.ism
O=C(C#[Ta])Nc1noc2c1C([1Lu])C([Lu])CC2 [0Ta] 1.triple.ism [1Lu] 1.single.ism [0Lu] 1.single.ism
O=C(C[Lu])Nc1noc2c1CC(=[Hf])C([1Lu])C2 [0Lu] 1.single.ism [0Hf] 1.double.ism [1Lu] 1.single.ism
CC(=O)Nc1noc2c1C([Re])C([Lu])([Re])CC2[1Lu] [0Lu] 1.single.ism [0Re] 1.single_fusion.ism [1Lu] 1.single.ism
CC(=O)N([Lu])c1noc2c1CC([1Lu])C(=[Hf])C2 [0Lu] 1.single.ism [1Lu] 1.single.ism [0Hf] 1.double.ism
CC(=O)Nc1noc2c1CCC([Lu])C2[1Lu] [0Lu] 1.single.ism [1Lu] 2.single.ism
CC(=O)Nc1noc2c1CCC([Lu])C2[1Lu] [0Lu] 2.single.ism [1Lu] 1.single.ism
O=C(C#[Ta])Nc1noc2c1C([Re])C([Re])CC2[Lu] [0Ta] 1.triple.ism [0Lu] 1.single.ism [0Re] 1.single_fusion.ism
CC(=O)Nc1noc2c1C(=[1Hf])C(=[Hf])C([Re])C2[Re] [1Hf] 1.double.ism [0Hf] 1.double.ism [0Re] 1.single_fusion.ism
CC(=O)N([Lu])c1noc2c1CC(=[Hf])C([Re])C2[Re] [0Lu] 1.single.ism [0Hf] 1.double.ism [0Re] 1.single_fusion.ism
CC(=O)N([1Lu])c1noc2c1CCC([Re])C2([Lu])[Re] [1Lu] 1.single.ism [0Lu] 1.single.ism [0Re] 1.single_fusion.ism
CC(=O)Nc1noc2c1CC(=[Hf])C([Lu])([Re])C2[Re] [0Hf] 1.double.ism [0Lu] 1.single.ism [0Re] 1.single_fusion.ism
O=C(C#[Ta])Nc1noc2c1CCC([1Lu])C2[Lu] [0Ta] 1.triple.ism [1Lu] 1.single.ism [0Lu] 1.single.ism
CC(=O)Nc1noc2c1C([W])([W])C([Lu])CC2 [0W] 2.spiro.ism [0Lu] 1.single.ism
O=C(C[1Lu])Nc1noc2c1CC([Lu])C(=[Hf])C2 [1Lu] 1.single.ism [0Lu] 1.single.ism [0Hf] 1.double.ism
O=C(C=[1Hf])Nc1noc2c1C(=[Hf])CC([Re])C2[Re] [1Hf] 1.double.ism [0Hf] 1.double.ism [0Re] 1.single_fusion.ism
O=C(C#[Ta])N([Lu])c1noc2c1CCC([Re])C2[Re] [0Ta] 1.triple.ism [0Lu] 1.single.ism [0Re] 1.single_fusion.ism
CC(=O)Nc1noc2c1CC([Re])C([Lu])([Re])C2 [0Lu] 1.single.ism [0Re] 2.single_fusion.ism
CC(=O)Nc1noc2c1CC([Re])C([Lu])([Re])C2 [0Lu] 2.single.ism [0Re] 1.single_fusion.ism
CC(=O)Nc1noc2c1C([Re])C([Re])C([Lu])C2 [0Lu] 1.single.ism [0Re] 2.single_fusion.ism
CC(=O)Nc1noc2c1C([Re])C([Re])C([Lu])C2 [0Lu] 2.single.ism [0Re] 1.single_fusion.ism
CC(=O)Nc1noc2c1CC([W])([W])C([Lu])C2 [0W] 2.spiro.ism [0Lu] 1.single.ism
CC(=O)Nc1noc2c1CCC([Lu])C2=[Hf] [0Lu] 1.single.ism [0Hf] 2.double.ism
CC(=O)Nc1noc2c1CCC([Lu])C2=[Hf] [0Lu] 2.single.ism [0Hf] 1.double.ism
O=C(C=[Hf])Nc1noc2c1CCC([Lu])C2=[1Hf] [0Hf] 1.double.ism [0Lu] 1.single.ism [1Hf] 1.double.ism
O=C(C=[Hf])Nc1noc2c1CC(=[1Hf])C([Lu])C2 [0Hf] 1.double.ism [1Hf] 1.double.ism [0Lu] 1.single.ism
O=C(C=[Hf])Nc1noc2c1C(=[1Hf])CC([Lu])C2 [0Hf] 1.double.ism [1Hf] 1.double.ism [0Lu] 1.single.ism
CC(=O)N([1Lu])c1noc2c1CCC([Lu])C2 [1Lu] 1.single.ism [0Lu] 2.single.ism
CC(=O)N([1Lu])c1noc2c1CCC([Lu])C2 [1Lu] 2.single.ism [0Lu] 1.single.ism
O=C(C[1Lu])Nc1noc2c1CCC([Lu])C2 [1Lu] 1.single.ism [0Lu] 2.single.ism
O=C(C[1Lu])Nc1noc2c1CCC([Lu])C2 [1Lu] 2.single.ism [0Lu] 1.single.ism
CC(=O)Nc1noc2c1C([1Lu])CC([Lu])C2 [1Lu] 1.single.ism [0Lu] 2.single.ism
CC(=O)Nc1noc2c1C([1Lu])CC([Lu])C2 [1Lu] 2.single.ism [0Lu] 1.single.ism
CC(=O)Nc1noc2c1C([1Lu])CC([Lu])([2Lu])C2 [1Lu] 1.single.ism [0Lu] 1.single.ism [2Lu] 1.single.ism
CC(=O)N([1Lu])c1noc2c1CC([2Lu])C([Lu])C2 [1Lu] 1.single.ism [2Lu] 1.single.ism [0Lu] 1.single.ism
O=C(C=[Hf])N([Lu])c1noc2c1CC(=[1Hf])CC2 [0Hf] 1.double.ism [0Lu] 1.single.ism [1Hf] 1.double.ism
CC(=O)Nc1noc2c1CC([1Lu])C([Lu])C2 [1Lu] 1.single.ism [0Lu] 2.single.ism
CC(=O)Nc1noc2c1CC([1Lu])C([Lu])C2 [1Lu] 2.single.ism [0Lu] 1.single.ism
CC(=O)Nc1noc2c1CC([1Lu])C([Lu])([2Lu])C2 [1Lu] 1.single.ism [0Lu] 1.single.ism [2Lu] 1.single.ism
O=C(C[1Lu])Nc1noc2c1CCC([Lu])([2Lu])C2 [1Lu] 1.single.ism [0Lu] 1.single.ism [2Lu] 1.single.ism
CC(=O)Nc1noc2c1C(=[1Hf])CC(=[Hf])C2 [1Hf] 1.double.ism [0Hf] 2.double.ism
CC(=O)Nc1noc2c1C(=[1Hf])CC(=[Hf])C2 [1Hf] 2.double.ism [0Hf] 1.double.ism
O=C(C[1Lu])Nc1noc2c1CC([2Lu])C([Lu])C2 [1Lu] 1.single.ism [2Lu] 1.single.ism [0Lu] 1.single.ism
O=C(C[Lu])Nc1noc2c1C([1Lu])CCC2 [0Lu] 1.single.ism [1Lu] 2.single.ism
O=C(C[Lu])Nc1noc2c1C([1Lu])CCC2 [0Lu] 2.single.ism [1Lu] 1.single.ism
CC(=O)Nc1noc2c1C([Lu])C([1Lu])CC2=[Hf] [0Lu] 1.single.ism [1Lu] 1.single.ism [0Hf] 1.double.ism
CC(=O)Nc1noc2c1C([Lu])C(=[Hf])CC2=[1Hf] [0Lu] 1.single.ism [0Hf] 1.double.ism [1Hf] 1.double.ism
CC(=O)Nc1noc2c1C([1Re])C([1Re])C([Re])C2([Lu])[Re] [0Lu] 1.single.ism [0Re] 1.single_fusion.ism [1Re] 1.single_fusion.ism
CC(=O)Nc1noc2c1C(=[Hf])C([Lu])C([Re])C2[Re] [0Hf] 1.double.ism [0Lu] 1.single.ism [0Re] 1.single_fusion.ism
O=C(C=[Hf])Nc1noc2c1CC([Lu])CC2=[1Hf] [0Hf] 1.double.ism [0Lu] 1.single.ism [1Hf] 1.double.ism
CC(=O)Nc1noc2c1C([Lu])CC(=[Hf])C2 [0Lu] 1.single.ism [0Hf] 2.double.ism
CC(=O)Nc1noc2c1C([Lu])CC(=[Hf])C2 [0Lu] 2.single.ism [0Hf] 1.double.ism
O=C(C=[Hf])Nc1noc2c1CCCC2 [0Hf] 3.double.ism
O=C(C#[Ta])Nc1noc2c1CCC([Lu])C2 [0Ta] 1.triple.ism [0Lu] 2.single.ism
O=C(C#[Ta])Nc1noc2c1CCC([Lu])C2 [0Ta] 2.triple.ism [0Lu] 1.single.ism
O=C(C=[Hf])N([Lu])c1noc2c1C([1Lu])CCC2 [0Hf] 1.double.ism [0Lu] 1.single.ism [1Lu] 1.single.ism
O=C(C#[Ta])Nc1noc2c1C(=[Hf])C([Lu])CC2 [0Ta] 1.triple.ism [0Hf] 1.double.ism [0Lu] 1.single.ism
CC(=O)Nc1noc2c1C(=[Hf])C([Lu])([Re])C([Re])C2 [0Hf] 1.double.ism [0Lu] 1.single.ism [0Re] 1.single_fusion.ism
O=C(Nc1noc2c1CCCC2)C([Lu])[1Lu] [0Lu] 1.single.ism [1Lu] 2.single.ism
CC(=O)Nc1noc2c1C([Re])C([Re])C(=[Hf])C2[Lu] [0Hf] 1.double.ism [0Lu] 1.single.ism [0Re] 1.single_fusion.ism
CC(=O)N([Lu])c1noc2c1C(=[Hf])C([1Lu])CC2 [0Lu] 1.single.ism [0Hf] 1.double.ism [1Lu] 1.single.ism
CC(=O)Nc1noc2c1CC([W])([W])CC2[Lu] [0W] 2.spiro.ism [0Lu] 1.single.ism
CC(=O)Nc1noc2c1CC(=[Hf])C([Re])([1Re])C2([Re])[1Re] [0Hf] 1.double.ism [0Re] 1.single_fusion.ism [1Re] 1.single_fusion.ism
CC(=O)Nc1noc2c1CCC([Re])C2[Re] [0Re] 3.single_fusion.ism
O=C(C[Lu])Nc1noc2c1CC([1Lu])CC2 [0Lu] 1.single.ism [1Lu] 2.single.ism
O=C(C[Lu])Nc1noc2c1CC([1Lu])CC2 [0Lu] 2.single.ism [1Lu] 1.single.ism
CC(=O)Nc1noc2c1CC(=[Hf])C([Lu])([1Lu])C2 [0Hf] 1.double.ism [0Lu] 1.single.ism [1Lu] 1.single.ism
CC(=O)Nc1noc2c1C([Re])C([Re])C([Lu])([1Re])C2[1Re] [0Lu] 1.single.ism [1Re] 1.single_fusion.ism [0Re] 1.single_fusion.ism
CC(=O)N([Lu])c1noc2c1CC([1Lu])C([Re])C2[Re] [0Lu] 1.single.ism [1Lu] 1.single.ism [0Re] 1.single_fusion.ism
O=C(C=[Hf])Nc1noc2c1CCC([Lu])C2 [0Hf] 1.double.ism [0Lu] 2.single.ism
O=C(C=[Hf])Nc1noc2c1CCC([Lu])C2 [0Hf] 2.double.ism [0Lu] 1.single.ism
O=C(C=[Hf])Nc1noc2c1CCC([Re])([1Re])C2([Re])[1Re] [0Hf] 1.double.ism [0Re] 1.single_fusion.ism [1Re] 1.single_fusion.ism
O=C(C=[Hf])Nc1noc2c1C([1Re])C([1Re])C([Re])C2[Re] [0Hf] 1.double.ism [1Re] 1.single_fusion.ism [0Re] 1.single_fusion.ism
O=C(C=[Hf])Nc1noc2c1CC([1Re])C([Re])([1Re])C2[Re] [0Hf] 1.double.ism [1Re] 1.single_fusion.ism [0Re] 1.single_fusion.ism
O=C(C=[Hf])Nc1noc2c1CC([Lu])C([Re])C2[Re] [0Hf] 1.double.ism [0Lu] 1.single.ism [0Re] 1.single_fusion.ism
O=C(C=[Hf])Nc1noc2c1C([Lu])CC([Re])C2[Re] [0Hf] 1.double.ism [0Lu] 1.single.ism [0Re] 1.single_fusion.ism
CC(=O)N([Lu])c1noc2c1CCCC2 [0Lu] 3.single.ism
O=C(C[Lu])Nc1noc2c1CCC([Re])C2([1Lu])[Re] [0Lu] 1.single.ism [1Lu] 1.single.ism [0Re] 1.single_fusion.ism
CC(=O)Nc1noc2c1C([Lu])CC([Re])C2[Re] [0Lu] 1.single.ism [0Re] 2.single_fusion.ism
CC(=O)Nc1noc2c1C([Lu])CC([Re])C2[Re] [0Lu] 2.single.ism [0Re] 1.single_fusion.ism
O=C(Nc1noc2c1CCC([1Lu])C2)C([Lu])=[Hf] [1Lu] 1.single.ism [0Lu] 1.single.ism [0Hf] 1.double.ism
O=C(C[Lu])Nc1noc2c1CC([Re])C([Re])C2[1Lu] [0Lu] 1.single.ism [1Lu] 1.single.ism [0Re] 1.single_fusion.ism
O=C(C[Lu])Nc1noc2c1CC(=[Hf])CC2 [0Lu] 1.single.ism [0Hf] 2.double.ism
O=C(C[Lu])Nc1noc2c1CC(=[Hf])CC2 [0Lu] 2.single.ism [0Hf] 1.double.ism
CC(=O)Nc1noc2c1C(=[1Hf])C(=[Hf])CC2 [1Hf] 1.double.ism [0Hf] 2.double.ism
CC(=O)Nc1noc2c1C(=[1Hf])C(=[Hf])CC2 [1Hf] 2.double.ism [0Hf] 1.double.ism
CC(=O)Nc1noc2c1C([Lu])CCC2 [0Lu] 3.single.ism
CC(=O)Nc1noc2c1C([Re])C([Re])C([1Lu])C2[Lu] [1Lu] 1.single.ism [0Lu] 1.single.ism [0Re] 1.single_fusion.ism
CC(=O)Nc1noc2c1C([Lu])CC([W])([W])C2 [0Lu] 1.single.ism [0W] 2.spiro.ism
O=C(C[Lu])Nc1noc2c1CCC(=[Hf])C2 [0Lu] 1.single.ism [0Hf] 2.double.ism
O=C(C[Lu])Nc1noc2c1CCC(=[Hf])C2 [0Lu] 2.single.ism [0Hf] 1.double.ism
O=C(Nc1noc2c1CCCC2[Lu])C([1Lu])=[Hf] [0Lu] 1.single.ism [1Lu] 1.single.ism [0Hf] 1.double.ism
CC(=O)Nc1noc2c1C([Re])C([Lu])([Re])CC2 [0Lu] 1.single.ism [0Re] 2.single_fusion.ism
CC(=O)Nc1noc2c1C([Re])C([Lu])([Re])CC2 [0Lu] 2.single.ism [0Re] 1.single_fusion.ism
O=C(C=[Hf])Nc1noc2c1C([1Lu])CCC2[Lu] [0Hf] 1.double.ism [1Lu] 1.single.ism [0Lu] 1.single.ism
O=C(C#[Ta])Nc1noc2c1CC([Lu])C([Re])C2[Re] [0Ta] 1.triple.ism [0Lu] 1.single.ism [0Re] 1.single_fusion.ism
O=C(C=[Hf])N([1Lu])c1noc2c1CCCC2[Lu] [0Hf] 1.double.ism [1Lu] 1.single.ism [0Lu] 1.single.ism
CC(=O)Nc1noc2c1C([Re])C([Lu])([Re])C([1Re])C2[1Re] [0Lu] 1.single.ism [0Re] 1.single_fusion.ism [1Re] 1.single_fusion.ism
CC(=O)Nc1noc2c1CC([W])([W])C([Re])C2[Re] [0W] 2.spiro.ism [0Re] 1.single_fusion.ism
O=C(C=[1Hf])Nc1noc2c1C(=[Hf])CCC2 [1Hf] 1.double.ism [0Hf] 2.double.ism
O=C(C=[1Hf])Nc1noc2c1C(=[Hf])CCC2 [1Hf] 2.double.ism [0Hf] 1.double.ism
CC(=O)N([Lu])c1noc2c1C([Re])C([Re])C(=[Hf])C2 [0Lu] 1.single.ism [0Hf] 1.double.ism [0Re] 1.single_fusion.ism
O=C(C[Lu])Nc1noc2c1CCC([Re])C2[Re] [0Lu] 1.single.ism [0Re] 2.single_fusion.ism
O=C(C[Lu])Nc1noc2c1CCC([Re])C2[Re] [0Lu] 2.single.ism [0Re] 1.single_fusion.ism
CC(=O)N([Lu])c1noc2c1CC(=[1Hf])C(=[Hf])C2 [0Lu] 1.single.ism [1Hf] 1.double.ism [0Hf] 1.double.ism
CC(=O)N([Lu])c1noc2c1C(=[1Hf])CC(=[Hf])C2 [0Lu] 1.single.ism [1Hf] 1.double.ism [0Hf] 1.double.ism
CC(=O)Nc1noc2c1C(=[Hf])CC([Re])([1Re])C2([Re])[1Re] [0Hf] 1.double.ism [0Re] 1.single_fusion.ism [1Re] 1.single_fusion.ism
CC(=O)Nc1noc2c1C(=[Hf])CC(=[1Hf])C2[Lu] [0Hf] 1.double.ism [1Hf] 1.double.ism [0Lu] 1.single.ism
CC(=O)Nc1noc2c1C(=[Hf])C([W])([W])CC2 [0Hf] 1.double.ism [0W] 2.spiro.ism
O=C(Nc1noc2c1C([Re])C([Re])CC2)C([Lu])=[Hf] [0Lu] 1.single.ism [0Hf] 1.double.ism [0Re] 1.single_fusion.ism
O=C(C#[Ta])N([Lu])c1noc2c1CCCC2 [0Ta] 1.triple.ism [0Lu] 2.single.ism
O=C(C#[Ta])N([Lu])c1noc2c1CCCC2 [0Ta] 2.triple.ism [0Lu] 1.single.ism
O=C(C#[Ta])N([Lu])c1noc2c1CCC([1Lu])C2 [0Ta] 1.triple.ism [0Lu] 1.single.ism [1Lu] 1.single.ism
O=C(C=[Hf])Nc1noc2c1CCC([Re])C2([Lu])[Re] [0Hf] 1.double.ism [0Lu] 1.single.ism [0Re] 1.single_fusion.ism
CC(=O)N([Lu])c1noc2c1C([1Lu])([Re])C([Re])CC2 [0Lu] 1.single.ism [1Lu] 1.single.ism [0Re] 1.single_fusion.ism
CC(=O)Nc1noc2c1C(=[1Hf])C(=[2Hf])CC2=[Hf] [1Hf] 1.double.ism [2Hf] 1.double.ism [0Hf] 1.double.ism
O=C(C=[2Hf])Nc1noc2c1C(=[Hf])C(=[1Hf])CC2 [2Hf] 1.double.ism [0Hf] 1.double.ism [1Hf] 1.double.ism
CC(=O)N([Lu])c1noc2c1C(=[Hf])C(=[1Hf])CC2 [0Lu] 1.single.ism [0Hf] 1.double.ism [1Hf] 1.double.ism
O=C(C=[Hf])Nc1noc2c1CCC([Lu])([Re])C2[Re] [0Hf] 1.double.ism [0Lu] 1.single.ism [0Re] 1.single_fusion.ism
O=C(C=[Hf])Nc1noc2c1C([W])([W])CCC2 [0Hf] 1.double.ism [0W] 2.spiro.ism
CC(=O)Nc1noc2c1CC([Re])C([Re])C2[Lu] [0Lu] 1.single.ism [0Re] 2.single_fusion.ism
CC(=O)Nc1noc2c1CC([Re])C([Re])C2[Lu] [0Lu] 2.single.ism [0Re] 1.single_fusion.ism
O=C(Nc1noc2c1CCCC2=[Hf])C([Lu])[1Lu] [0Hf] 1.double.ism [0Lu] 1.single.ism [1Lu] 1.single.ism
CC(=O)Nc1noc2c1C([1Lu])CC(=[Hf])C2[Lu] [1Lu] 1.single.ism [0Hf] 1.double.ism [0Lu] 1.single.ism
CC(=O)Nc1noc2c1C(=[Hf])C([Re])C([Re])C2 [0Hf] 1.double.ism [0Re] 2.single_fusion.ism
CC(=O)Nc1noc2c1C(=[Hf])C([Re])C([Re])C2 [0Hf] 2.double.ism [0Re] 1.single_fusion.ism
CC(=O)N([Lu])c1noc2c1CCC(=[Hf])C2 [0Lu] 1.single.ism [0Hf] 2.double.ism
CC(=O)N([Lu])c1noc2c1CCC(=[Hf])C2 [0Lu] 2.single.ism [0Hf] 1.double.ism
CC(=O)Nc1noc2c1C([Lu])CC(=[Hf])C2=[1Hf] [0Lu] 1.single.ism [0Hf] 1.double.ism [1Hf] 1.double.ism
O=C(Nc1noc2c1CC(=[Hf])CC2)C([Lu])=[1Hf] [0Hf] 1.double.ism [0Lu] 1.single.ism [1Hf] 1.double.ism
O=C(C=[Hf])Nc1noc2c1CC([Lu])([1Lu])CC2 [0Hf] 1.double.ism [0Lu] 1.single.ism [1Lu] 1.single.ism
CC(=O)Nc1noc2c1CCC(=[Hf])C2 [0Hf] 3.double.ism
O=C(C=[Hf])Nc1noc2c1CCCC2([W])[W] [0Hf] 1.double.ism [0W] 2.spiro.ism
O=C(C=[Hf])Nc1noc2c1CCC([Re])C2[Re] [0Hf] 1.double.ism [0Re] 2.single_fusion.ism
O=C(C=[Hf])Nc1noc2c1CCC([Re])C2[Re] [0Hf] 2.double.ism [0Re] 1.single_fusion.ism
O=C(C=[Hf])Nc1noc2c1CC([W])([W])CC2 [0Hf] 1.double.ism [0W] 2.spiro.ism
O=C(C[2Lu])N([Lu])c1noc2c1CCC([1Lu])C2 [2Lu] 1.single.ism [0Lu] 1.single.ism [1Lu] 1.single.ism
CC(=O)N([Lu])c1noc2c1C([1Lu])([2Lu])CCC2 [0Lu] 1.single.ism [1Lu] 1.single.ism [2Lu] 1.single.ism
CC(=O)Nc1noc2c1CC([Lu])C([W])([W])C2 [0Lu] 1.single.ism [0W] 2.spiro.ism
O=C(C[Lu])Nc1noc2c1C([1Lu])C(=[Hf])CC2 [0Lu] 1.single.ism [1Lu] 1.single.ism [0Hf] 1.double.ism
CC(=O)N([1Lu])c1noc2c1CCCC2([Lu])[2Lu] [1Lu] 1.single.ism [0Lu] 1.single.ism [2Lu] 1.single.ism
O=C(Nc1noc2c1CCC(=[1Hf])C2)C([Lu])=[Hf] [1Hf] 1.double.ism [0Lu] 1.single.ism [0Hf] 1.double.ism
O=C(C[Lu])Nc1noc2c1CC(=[Hf])C([Re])C2[Re] [0Lu] 1.single.ism [0Hf] 1.double.ism [0Re] 1.single_fusion.ism
CC(=O)Nc1noc2c1CCC([W])([W])C2 [0W] 3.spiro.ism
CC(=O)N([Lu])c1noc2c1CCC(=[Hf])C2=[1Hf] [0Lu] 1.single.ism [0Hf] 1.double.ism [1Hf] 1.double.ism
O=C(C[Lu])Nc1noc2c1CCCC2[1Lu] [0Lu] 1.single.ism [1Lu] 2.single.ism
O=C(C[Lu])Nc1noc2c1CCCC2[1Lu] [0Lu] 2.single.ism [1Lu] 1.single.ism
CC(=O)Nc1noc2c1CCC([Lu])([Re])C2([1Lu])[Re] [0Lu] 1.single.ism [0Re] 1.single_fusion.ism [1Lu] 1.single.ism
CC(=O)Nc1noc2c1CC([Re])C([Re])C2([Lu])[1Lu] [0Lu] 1.single.ism [1Lu] 1.single.ism [0Re] 1.single_fusion.ism
CC(=O)Nc1noc2c1CCC([Re])([1Re])C2([Re])[1Re] [0Re] 1.single_fusion.ism [1Re] 2.single_fusion.ism
CC(=O)Nc1noc2c1C([1Re])C([1Re])C([Re])C2[Re] [1Re] 1.single_fusion.ism [0Re] 2.single_fusion.ism
CC(=O)Nc1noc2c1C([1Re])C([1Re])C([Re])C2[Re] [1Re] 2.single_fusion.ism [0Re] 1.single_fusion.ism
O=C(Nc1noc2c1CCC([Re])C2[Re])C([W])[W] [0W] 2.spiro.ism [0Re] 1.single_fusion.ism
CC(=O)Nc1noc2c1CCC([Lu])([Re])C2[Re] [0Lu] 1.single.ism [0Re] 2.single_fusion.ism
CC(=O)Nc1noc2c1CCC([Lu])([Re])C2[Re] [0Lu] 2.single.ism [0Re] 1.single_fusion.ism
CC(=O)Nc1noc2c1C([Lu])CC([1Lu])([Re])C2[Re] [0Lu] 1.single.ism [1Lu] 1.single.ism [0Re] 1.single_fusion.ism
O=C(C[Lu])Nc1noc2c1CC([1Lu])C([Re])C2[Re] [0Lu] 1.single.ism [1Lu] 1.single.ism [0Re] 1.single_fusion.ism
CC(=O)Nc1noc2c1CC([Lu])C([Re])C2[Re] [0Lu] 1.single.ism [0Re] 2.single_fusion.ism
CC(=O)Nc1noc2c1CC([Lu])C([Re])C2[Re] [0Lu] 2.single.ism [0Re] 1.single_fusion.ism
CC(=O)N([Lu])c1noc2c1C([1Lu])CC([Re])C2[Re] [0Lu] 1.single.ism [1Lu] 1.single.ism [0Re] 1.single_fusion.ism
CC(=O)Nc1noc2c1CC([Lu])([1Lu])C([Re])C2[Re] [0Lu] 1.single.ism [1Lu] 1.single.ism [0Re] 1.single_fusion.ism
O=C(Nc1noc2c1CCC([Re])C2[Re])C([Lu])[1Lu] [0Lu] 1.single.ism [1Lu] 1.single.ism [0Re] 1.single_fusion.ism
O=C(C[Lu])Nc1noc2c1CCC([1Lu])([Re])C2[Re] [0Lu] 1.single.ism [1Lu] 1.single.ism [0Re] 1.single_fusion.ism
O=C(C=[Hf])Nc1noc2c1CCC([1Lu])C2[Lu] [0Hf] 1.double.ism [1Lu] 1.single.ism [0Lu] 1.single.ism
O=C(C[Lu])N([1Lu])c1noc2c1C([2Lu])CCC2 [0Lu] 1.single.ism [1Lu] 1.single.ism [2Lu] 1.single.ism
CC(=O)Nc1noc2c1CCC([Lu])C2([W])[W] [0Lu] 1.single.ism [0W] 2.spiro.ism
O=C(C=[Hf])Nc1noc2c1CC(=[1Hf])CC2 [0Hf] 1.double.ism [1Hf] 2.double.ism
O=C(C=[Hf])Nc1noc2c1CC(=[1Hf])CC2 [0Hf] 2.double.ism [1Hf] 1.double.ism
CC(=O)Nc1noc2c1C([Lu])C(=[Hf])C([1Lu])C2 [0Lu] 1.single.ism [0Hf] 1.double.ism [1Lu] 1.single.ism
CC(=O)Nc1noc2c1C(=[Hf])C(=[1Hf])C([Lu])C2 [0Hf] 1.double.ism [1Hf] 1.double.ism [0Lu] 1.single.ism
O=C(C=[1Hf])Nc1noc2c1CCC(=[Hf])C2 [1Hf] 1.double.ism [0Hf] 2.double.ism
O=C(C=[1Hf])Nc1noc2c1CCC(=[Hf])C2 [1Hf] 2.double.ism [0Hf] 1.double.ism
CC(=O)Nc1noc2c1CC([Lu])CC2 [0Lu] 3.single.ism
CC(=O)Nc1noc2c1C([Lu])C(=[Hf])CC2 [0Lu] 1.single.ism [0Hf] 2.double.ism
CC(=O)Nc1noc2c1C([Lu])C(=[Hf])CC2 [0Lu] 2.single.ism [0Hf] 1.double.ism
CC(=O)Nc1noc2c1C(=[Hf])C([Lu])C([1Lu])C2 [0Hf] 1.double.ism [0Lu] 1.single.ism [1Lu] 1.single.ism
CC(=O)Nc1noc2c1CC([Lu])C(=[Hf])C2[1Lu] [0Lu] 1.single.ism [0Hf] 1.double.ism [1Lu] 1.single.ism
CC(=O)N([Lu])c1noc2c1CC([1Lu])CC2=[Hf] [0Lu] 1.single.ism [1Lu] 1.single.ism [0Hf] 1.double.ism
O=C(C=[Hf])Nc1noc2c1C([Re])C([Re])([1Re])C([1Re])C2 [0Hf] 1.double.ism [0Re] 1.single_fusion.ism [1Re] 1.single_fusion.ism
CC(=O)Nc1noc2c1C([Lu])C(=[Hf])C([Re])C2[Re] [0Lu] 1.single.ism [0Hf] 1.double.ism [0Re] 1.single_fusion.ism
CC(=O)Nc1noc2c1C([W])([W])CCC2 [0W] 3.spiro.ism
CC(=O)Nc1noc2c1C([Re])C([Re])C([1Re])([2Re])C2([1Re])[2Re] [0Re] 1.single_fusion.ism [1Re] 1.single_fusion.ism [2Re] 1.single_fusion.ism
O=C(C[Lu])N([1Lu])c1noc2c1CC([2Lu])CC2 [0Lu] 1.single.ism [1Lu] 1.single.ism [2Lu] 1.single.ism
CC(=O)Nc1noc2c1C([W])([W])C(=[Hf])CC2 [0W] 2.spiro.ism [0Hf] 1.double.ism
CC(=O)Nc1noc2c1C(=[Hf])CCC2([Lu])[1Lu] [0Hf] 1.double.ism [0Lu] 1.single.ism [1Lu] 1.single.ism
CC(=O)Nc1noc2c1C([Re])C([Re])([1Re])C([1Re])C2 [0Re] 1.single_fusion.ism [1Re] 2.single_fusion.ism
CC(=O)Nc1noc2c1C([Re])C([Re])([1Re])C([1Re])C2 [0Re] 2.single_fusion.ism [1Re] 1.single_fusion.ism
CC(=O)Nc1noc2c1CCC([W])([W])C2=[Hf] [0W] 2.spiro.ism [0Hf] 1.double.ism
O=C(C[Lu])Nc1noc2c1C([W])([W])CCC2 [0Lu] 1.single.ism [0W] 2.spiro.ism
O=C(Nc1noc2c1CCC([Re])C2[Re])C([Lu])=[Hf] [0Lu] 1.single.ism [0Hf] 1.double.ism [0Re] 1.single_fusion.ism
O=C(Nc1noc2c1CC([Re])C([Re])C2)C([Lu])=[Hf] [0Lu] 1.single.ism [0Hf] 1.double.ism [0Re] 1.single_fusion.ism
O=C(Nc1noc2c1C(=[1Hf])CCC2)C([Lu])=[Hf] [1Hf] 1.double.ism [0Lu] 1.single.ism [0Hf] 1.double.ism
CC(=O)Nc1noc2c1CC([Lu])C([1Lu])C2=[Hf] [0Lu] 1.single.ism [1Lu] 1.single.ism [0Hf] 1.double.ism
CC(=O)Nc1noc2c1CCC(=[Hf])C2([W])[W] [0Hf] 1.double.ism [0W] 2.spiro.ism
O=C(C#[Ta])Nc1noc2c1C([Lu])CC([1Lu])C2 [0Ta] 1.triple.ism [0Lu] 1.single.ism [1Lu] 1.single.ism
CC(=O)Nc1noc2c1C(=[Hf])C([Lu])CC2 [0Hf] 1.double.ism [0Lu] 2.single.ism
CC(=O)Nc1noc2c1C(=[Hf])C([Lu])CC2 [0Hf] 2.double.ism [0Lu] 1.single.ism
O=C(C#[Ta])Nc1noc2c1CCC(=[Hf])C2[Lu] [0Ta] 1.triple.ism [0Hf] 1.double.ism [0Lu] 1.single.ism
CC(=O)N([1Lu])c1noc2c1CCC(=[Hf])C2[Lu] [1Lu] 1.single.ism [0Hf] 1.double.ism [0Lu] 1.single.ism
CC(=O)Nc1noc2c1C([Re])C([Re])([1Re])C([1Re])C2[Lu] [0Lu] 1.single.ism [0Re] 1.single_fusion.ism [1Re] 1.single_fusion.ism
O=C(C#[Ta])Nc1noc2c1C([Lu])CCC2 [0Ta] 1.triple.ism [0Lu] 2.single.ism
O=C(C#[Ta])Nc1noc2c1C([Lu])CCC2 [0Ta] 2.triple.ism [0Lu] 1.single.ism
CC(=O)Nc1noc2c1CC([1Lu])([2Lu])CC2[Lu] [1Lu] 1.single.ism [2Lu] 1.single.ism [0Lu] 1.single.ism
CC(=O)Nc1noc2c1C([Re])C([Lu])([Re])C([1Lu])C2 [0Lu] 1.single.ism [0Re] 1.single_fusion.ism [1Lu] 1.single.ism
O=C(Nc1noc2c1CC(=[Hf])CC2)C([W])[W] [0Hf] 1.double.ism [0W] 2.spiro.ism
CC(=O)Nc1noc2c1CC(=[Hf])C([Lu])C2[1Lu] [0Hf] 1.double.ism [0Lu] 1.single.ism [1Lu] 1.single.ism
CC(=O)Nc1noc2c1CC(=[Hf])CC2([Lu])[1Lu] [0Hf] 1.double.ism [0Lu] 1.single.ism [1Lu] 1.single.ism
CC(=O)Nc1noc2c1CC(=[Hf])C([Lu])C2 [0Hf] 1.double.ism [0Lu] 2.single.ism
CC(=O)Nc1noc2c1CC(=[Hf])C([Lu])C2 [0Hf] 2.double.ism [0Lu] 1.single.ism
O=C(Nc1noc2c1CCC(=[Hf])C2)C([Lu])[1Lu] [0Hf] 1.double.ism [0Lu] 1.single.ism [1Lu] 1.single.ism
CC(=O)Nc1noc2c1C([Lu])([Re])C([Re])C([1Re])C2[1Re] [0Lu] 1.single.ism [0Re] 1.single_fusion.ism [1Re] 1.single_fusion.ism
CC(=O)Nc1noc2c1CC([1Lu])CC2[Lu] [1Lu] 1.single.ism [0Lu] 2.single.ism
CC(=O)Nc1noc2c1CC([1Lu])CC2[Lu] [1Lu] 2.single.ism [0Lu] 1.single.ism
CC(=O)N([Lu])c1noc2c1C(=[Hf])CC([1Lu])C2 [0Lu] 1.single.ism [0Hf] 1.double.ism [1Lu] 1.single.ism
CC(=O)N([Lu])c1noc2c1CC([1Lu])CC2 [0Lu] 1.single.ism [1Lu] 2.single.ism
CC(=O)N([Lu])c1noc2c1CC([1Lu])CC2 [0Lu] 2.single.ism [1Lu] 1.single.ism
CC(=O)N([Lu])c1noc2c1CC([1Lu])([2Lu])CC2 [0Lu] 1.single.ism [1Lu] 1.single.ism [2Lu] 1.single.ism
O=C(C#[Ta])N([Lu])c1noc2c1CCC(=[Hf])C2 [0Ta] 1.triple.ism [0Lu] 1.single.ism [0Hf] 1.double.ism
O=C(C=[Hf])Nc1noc2c1CCCC2([Lu])[1Lu] [0Hf] 1.double.ism [0Lu] 1.single.ism [1Lu] 1.single.ism
O=C(C[Lu])Nc1noc2c1CCC([1Lu])C2=[Hf] [0Lu] 1.single.ism [1Lu] 1.single.ism [0Hf] 1.double.ism
O=C(Nc1noc2c1CCCC2=[1Hf])C([Lu])=[Hf] [1Hf] 1.double.ism [0Lu] 1.single.ism [0Hf] 1.double.ism
O=C(C#[Ta])Nc1noc2c1CC([W])([W])CC2 [0Ta] 1.triple.ism [0W] 2.spiro.ism
O=C(Nc1noc2c1CC([1Lu])CC2)C([Lu])=[Hf] [1Lu] 1.single.ism [0Lu] 1.single.ism [0Hf] 1.double.ism
CC(=O)Nc1noc2c1CC([Lu])([1Lu])C(=[Hf])C2 [0Lu] 1.single.ism [1Lu] 1.single.ism [0Hf] 1.double.ism
O=C(C=[Hf])Nc1noc2c1C(=[1Hf])CCC2[Lu] [0Hf] 1.double.ism [1Hf] 1.double.ism [0Lu] 1.single.ism
O=C(C[Lu])Nc1noc2c1CC([2Lu])CC2[1Lu] [0Lu] 1.single.ism [2Lu] 1.single.ism [1Lu] 1.single.ism
CC(=O)Nc1noc2c1CC([Lu])C(=[Hf])C2=[1Hf] [0Lu] 1.single.ism [0Hf] 1.double.ism [1Hf] 1.double.ism
CC(=O)Nc1noc2c1CCC([Lu])([1Lu])C2 [0Lu] 1.single.ism [1Lu] 2.single.ism
CC(=O)Nc1noc2c1CC([Re])C([Re])([1Re])C2[1Re] [0Re] 1.single_fusion.ism [1Re] 2.single_fusion.ism
CC(=O)Nc1noc2c1CC([Re])C([Re])([1Re])C2[1Re] [0Re] 2.single_fusion.ism [1Re] 1.single_fusion.ism
O=C(C[Lu])Nc1noc2c1C([1Lu])CCC2=[Hf] [0Lu] 1.single.ism [1Lu] 1.single.ism [0Hf] 1.double.ism
O=C(C=[Hf])N([Lu])c1noc2c1CCCC2=[1Hf] [0Hf] 1.double.ism [0Lu] 1.single.ism [1Hf] 1.double.ism
CC(=O)Nc1noc2c1C(=[Hf])CCC2([W])[W] [0Hf] 1.double.ism [0W] 2.spiro.ism
CC(=O)Nc1noc2c1C(=[Hf])C([Lu])([1Lu])CC2 [0Hf] 1.double.ism [0Lu] 1.single.ism [1Lu] 1.single.ism
O=C(C[Lu])Nc1noc2c1C(=[Hf])CC([1Lu])C2 [0Lu] 1.single.ism [0Hf] 1.double.ism [1Lu] 1.single.ism
CC(=O)N([Lu])c1noc2c1C(=[Hf])CCC2 [0Lu] 1.single.ism [0Hf] 2.double.ism
CC(=O)N([Lu])c1noc2c1C(=[Hf])CCC2 [0Lu] 2.single.ism [0Hf] 1.double.ism
CC(=O)Nc1noc2c1C(=[Hf])CC([Lu])C2 [0Hf] 1.double.ism [0Lu] 2.single.ism
CC(=O)Nc1noc2c1C(=[Hf])CC([Lu])C2 [0Hf] 2.double.ism [0Lu] 1.single.ism
O=C(C[Lu])Nc1noc2c1C(=[Hf])CCC2 [0Lu] 1.single.ism [0Hf] 2.double.ism
O=C(C[Lu])Nc1noc2c1C(=[Hf])CCC2 [0Lu] 2.single.ism [0Hf] 1.double.ism
O=C(C=[Hf])Nc1noc2c1CC([Re])C([Re])C2 [0Hf] 1.double.ism [0Re] 2.single_fusion.ism
O=C(C=[Hf])Nc1noc2c1CC([Re])C([Re])C2 [0Hf] 2.double.ism [0Re] 1.single_fusion.ism
CC(=O)Nc1noc2c1CC([Re])C([Re])([1Re])C2([Lu])[1Re] [0Lu] 1.single.ism [1Re] 1.single_fusion.ism [0Re] 1.single_fusion.ism
O=C(C[Lu])Nc1noc2c1CC(=[1Hf])C(=[Hf])C2 [0Lu] 1.single.ism [1Hf] 1.double.ism [0Hf] 1.double.ism
O=C(Nc1noc2c1C([Re])C([Re])CC2)C([Lu])[1Lu] [0Lu] 1.single.ism [1Lu] 1.single.ism [0Re] 1.single_fusion.ism
O=C(Nc1noc2c1CCCC2[1Lu])C([Lu])[2Lu] [1Lu] 1.single.ism [0Lu] 1.single.ism [2Lu] 1.single.ism
O=C(C[Lu])N([1Lu])c1noc2c1CCCC2=[Hf] [0Lu] 1.single.ism [1Lu] 1.single.ism [0Hf] 1.double.ism
O=C(C#[Ta])Nc1noc2c1CC([1Lu])CC2[Lu] [0Ta] 1.triple.ism [1Lu] 1.single.ism [0Lu] 1.single.ism
CC(=O)Nc1noc2c1C([W])([W])C([Re])C([Re])C2 [0W] 2.spiro.ism [0Re] 1.single_fusion.ism
O=C(C[Lu])Nc1noc2c1CC([1Lu])CC2=[Hf] [0Lu] 1.single.ism [1Lu] 1.single.ism [0Hf] 1.double.ism
O=C(C[Lu])Nc1noc2c1CCCC2 [0Lu] 3.single.ism
O=C(C=[Hf])Nc1noc2c1C([Re])([1Re])C([Re])([1Re])CC2 [0Hf] 1.double.ism [0Re] 1.single_fusion.ism [1Re] 1.single_fusion.ism
O=C(C=[Hf])Nc1noc2c1C([Re])C([Re])CC2=[1Hf] [0Hf] 1.double.ism [1Hf] 1.double.ism [0Re] 1.single_fusion.ism
CC(=O)Nc1noc2c1C([Lu])CCC2[1Lu] [0Lu] 1.single.ism [1Lu] 2.single.ism
CC(=O)Nc1noc2c1C([Lu])CCC2[1Lu] [0Lu] 2.single.ism [1Lu] 1.single.ism
O=C(C=[Hf])Nc1noc2c1C([Lu])([Re])C([Re])CC2 [0Hf] 1.double.ism [0Lu] 1.single.ism [0Re] 1.single_fusion.ism
O=C(C[Lu])Nc1noc2c1CCCC2=[Hf] [0Lu] 1.single.ism [0Hf] 2.double.ism
O=C(C[Lu])Nc1noc2c1CCCC2=[Hf] [0Lu] 2.single.ism [0Hf] 1.double.ism
CC(=O)N([Lu])c1noc2c1CC(=[Hf])CC2 [0Lu] 1.single.ism [0Hf] 2.double.ism
CC(=O)N([Lu])c1noc2c1CC(=[Hf])CC2 [0Lu] 2.single.ism [0Hf] 1.double.ism
CC(=O)N([Lu])c1noc2c1C([1Lu])C(=[Hf])CC2 [0Lu] 1.single.ism [1Lu] 1.single.ism [0Hf] 1.double.ism
O=C(C=[Hf])Nc1noc2c1CC([Re])C([Re])C2[Lu] [0Hf] 1.double.ism [0Lu] 1.single.ism [0Re] 1.single_fusion.ism
CC(=O)Nc1noc2c1C([Re])C([Re])CC2[Lu] [0Lu] 1.single.ism [0Re] 2.single_fusion.ism
CC(=O)Nc1noc2c1C([Re])C([Re])CC2[Lu] [0Lu] 2.single.ism [0Re] 1.single_fusion.ism
CC(=O)Nc1noc2c1C(=[Hf])C([Re])C([Re])C2=[1Hf] [0Hf] 1.double.ism [1Hf] 1.double.ism [0Re] 1.single_fusion.ism
O=C(C=[Hf])Nc1noc2c1CC([Lu])CC2[1Lu] [0Hf] 1.double.ism [0Lu] 1.single.ism [1Lu] 1.single.ism
CC(=O)Nc1noc2c1CC(=[Hf])C([Re])C2([Lu])[Re] [0Hf] 1.double.ism [0Lu] 1.single.ism [0Re] 1.single_fusion.ism
O=C(C#[Ta])Nc1noc2c1CC([Lu])([Re])C([Re])C2 [0Ta] 1.triple.ism [0Lu] 1.single.ism [0Re] 1.single_fusion.ism
CC(=O)Nc1noc2c1C([Lu])([Re])C([Re])C([1Lu])C2 [0Lu] 1.single.ism [0Re] 1.single_fusion.ism [1Lu] 1.single.ism
O=C(C=[Hf])Nc1noc2c1CC([Re])C([Re])C2=[1Hf] [0Hf] 1.double.ism [1Hf] 1.double.ism [0Re] 1.single_fusion.ism
O=C(Nc1noc2c1C([1Lu])CCC2)C([Lu])=[Hf] [1Lu] 1.single.ism [0Lu] 1.single.ism [0Hf] 1.double.ism
O=C(C#[Ta])Nc1noc2c1CCCC2 [0Ta] 3.triple.ism
O=C(C#[Ta])Nc1noc2c1CCC([Re])C2[Re] [0Ta] 1.triple.ism [0Re] 2.single_fusion.ism
O=C(C#[Ta])Nc1noc2c1CCC([Re])C2[Re] [0Ta] 2.triple.ism [0Re] 1.single_fusion.ism
O=C(C[Lu])Nc1noc2c1C(=[Hf])CCC2=[1Hf] [0Lu] 1.single.ism [0Hf] 1.double.ism [1Hf] 1.double.ism
O=C(C=[Hf])Nc1noc2c1C([Re])C([Re])CC2[Lu] [0Hf] 1.double.ism [0Lu] 1.single.ism [0Re] 1.single_fusion.ism
CC(=O)N([Lu])c1noc2c1CCCC2[1Lu] [0Lu] 1.single.ism [1Lu] 2.single.ism
CC(=O)N([Lu])c1noc2c1CCCC2[1Lu] [0Lu] 2.single.ism [1Lu] 1.single.ism
CC(=O)Nc1noc2c1C([Lu])C([1Lu])CC2 [0Lu] 1.single.ism [1Lu] 2.single.ism
CC(=O)Nc1noc2c1C([Lu])C([1Lu])CC2 [0Lu] 2.single.ism [1Lu] 1.single.ism
O=C(C#[Ta])Nc1noc2c1C([Re])C([Lu])([Re])CC2 [0Ta] 1.triple.ism [0Lu] 1.single.ism [0Re] 1.single_fusion.ism
O=C(C#[Ta])Nc1noc2c1CCC([Re])C2([Lu])[Re] [0Ta] 1.triple.ism [0Lu] 1.single.ism [0Re] 1.single_fusion.ism
CC(=O)Nc1noc2c1C([Lu])([1Lu])CC([Re])C2[Re] [0Lu] 1.single.ism [1Lu] 1.single.ism [0Re] 1.single_fusion.ism
CC(=O)Nc1noc2c1C([Lu])([1Lu])C(=[Hf])CC2 [0Lu] 1.single.ism [1Lu] 1.single.ism [0Hf] 1.double.ism
O=C(C[Lu])Nc1noc2c1CC(=[Hf])CC2=[1Hf] [0Lu] 1.single.ism [0Hf] 1.double.ism [1Hf] 1.double.ism
CC(=O)Nc1noc2c1CC(=[Hf])C([W])([W])C2 [0Hf] 1.double.ism [0W] 2.spiro.ism
O=C(C=[Hf])N([Lu])c1noc2c1CCC([1Lu])C2 [0Hf] 1.double.ism [0Lu] 1.single.ism [1Lu] 1.single.ism
CC(=O)Nc1noc2c1CC([Lu])C([1Lu])([Re])C2[Re] [0Lu] 1.single.ism [1Lu] 1.single.ism [0Re] 1.single_fusion.ism
CC(=O)Nc1noc2c1C([Lu])CCC2=[Hf] [0Lu] 1.single.ism [0Hf] 2.double.ism
CC(=O)Nc1noc2c1C([Lu])CCC2=[Hf] [0Lu] 2.single.ism [0Hf] 1.double.ism
CC(=O)Nc1noc2c1C([Lu])C(=[1Hf])C(=[Hf])C2 [0Lu] 1.single.ism [1Hf] 1.double.ism [0Hf] 1.double.ism
CC(=O)N([Lu])c1noc2c1CC([W])([W])CC2 [0Lu] 1.single.ism [0W] 2.spiro.ism
O=C(C[Lu])N([1Lu])c1noc2c1CCCC2 [0Lu] 1.single.ism [1Lu] 2.single.ism
O=C(C[Lu])N([1Lu])c1noc2c1CCCC2 [0Lu] 2.single.ism [1Lu] 1.single.ism
O=C(C[1Lu])Nc1noc2c1CCCC2([Lu])[2Lu] [1Lu] 1.single.ism [0Lu] 1.single.ism [2Lu] 1.single.ism
CC(=O)Nc1noc2c1C([Lu])([1Lu])C([2Lu])CC2 [0Lu] 1.single.ism [1Lu] 1.single.ism [2Lu] 1.single.ism
O=C(C#[Ta])Nc1noc2c1C([Re])([1Re])C([Re])([1Re])CC2 [0Ta] 1.triple.ism [0Re] 1.single_fusion.ism [1Re] 1.single_fusion.ism
O=C(C#[Ta])Nc1noc2c1CC([Lu])C([1Lu])C2 [0Ta] 1.triple.ism [0Lu] 1.single.ism [1Lu] 1.single.ism
CC(=O)Nc1noc2c1C([Lu])([1Lu])CCC2[2Lu] [0Lu] 1.single.ism [1Lu] 1.single.ism [2Lu] 1.single.ism
O=C(C#[Ta])Nc1noc2c1CCCC2([Lu])[1Lu] [0Ta] 1.triple.ism [0Lu] 1.single.ism [1Lu] 1.single.ism
O=C(C#[Ta])Nc1noc2c1CCCC2([W])[W] [0Ta] 1.triple.ism [0W] 2.spiro.ism
CC(=O)N([Lu])c1noc2c1CCC([1Lu])([Re])C2[Re] [0Lu] 1.single.ism [1Lu] 1.single.ism [0Re] 1.single_fusion.ism
CC(=O)Nc1noc2c1C(=[Hf])CC([Re])C2([Lu])[Re] [0Hf] 1.double.ism [0Lu] 1.single.ism [0Re] 1.single_fusion.ism
O=C(C#[Ta])Nc1noc2c1C(=[Hf])CCC2 [0Ta] 1.triple.ism [0Hf] 2.double.ism
O=C(C#[Ta])Nc1noc2c1C(=[Hf])CCC2 [0Ta] 2.triple.ism [0Hf] 1.double.ism
CC(=O)Nc1noc2c1CCC([Re])C2([Lu])[Re] [0Lu] 1.single.ism [0Re] 2.single_fusion.ism
CC(=O)Nc1noc2c1CCC([Re])C2([Lu])[Re] [0Lu] 2.single.ism [0Re] 1.single_fusion.ism
O=C(C[Lu])N([1Lu])c1noc2c1C([Re])C([Re])CC2 [0Lu] 1.single.ism [1Lu] 1.single.ism [0Re] 1.single_fusion.ism
O=C(C[Lu])Nc1noc2c1C([1Lu])C([2Lu])CC2 [0Lu] 1.single.ism [1Lu] 1.single.ism [2Lu] 1.single.ism
O=C(C=[Hf])N([Lu])c1noc2c1CCC([Re])C2[Re] [0Hf] 1.double.ism [0Lu] 1.single.ism [0Re] 1.single_fusion.ism
CC(=O)Nc1noc2c1CCC(=[Hf])C2([Lu])[1Lu] [0Hf] 1.double.ism [0Lu] 1.single.ism [1Lu] 1.single.ism
O=C(C[Lu])Nc1noc2c1CCC([W])([W])C2 [0Lu] 1.single.ism [0W] 2.spiro.ism
CC(=O)Nc1noc2c1C(=[Hf])C([Lu])CC2=[1Hf] [0Hf] 1.double.ism [0Lu] 1.single.ism [1Hf] 1.double.ism
CC(=O)Nc1noc2c1C([Re])C([Re])([1Re])C([Lu])([1Re])C2 [0Lu] 1.single.ism [1Re] 1.single_fusion.ism [0Re] 1.single_fusion.ism
CC(=O)Nc1noc2c1C([Lu])([Re])C([Re])C(=[Hf])C2 [0Lu] 1.single.ism [0Re] 1.single_fusion.ism [0Hf] 1.double.ism
CC(=O)Nc1noc2c1CC([Re])C([Re])C2 [0Re] 3.single_fusion.ism
CC(=O)N([1Lu])c1noc2c1CC([2Lu])CC2[Lu] [1Lu] 1.single.ism [2Lu] 1.single.ism [0Lu] 1.single.ism
O=C(C[Lu])Nc1noc2c1C([1Lu])CC([Re])C2[Re] [0Lu] 1.single.ism [1Lu] 1.single.ism [0Re] 1.single_fusion.ism
O=C(C#[Ta])Nc1noc2c1CC(=[Hf])CC2=[1Hf] [0Ta] 1.triple.ism [0Hf] 1.double.ism [1Hf] 1.double.ism
CC(=O)N([Lu])c1noc2c1CC(=[Hf])C([1Lu])C2 [0Lu] 1.single.ism [0Hf] 1.double.ism [1Lu] 1.single.ism
CC(=O)N([Lu])c1noc2c1C([1Lu])CCC2 [0Lu] 1.single.ism [1Lu] 2.single.ism
CC(=O)N([Lu])c1noc2c1C([1Lu])CCC2 [0Lu] 2.single.ism [1Lu] 1.single.ism
CC(=O)N([Lu])c1noc2c1C([W])([W])CCC2 [0Lu] 1.single.ism [0W] 2.spiro.ism
O=C(C=[Hf])Nc1noc2c1C([Lu])CC(=[1Hf])C2 [0Hf] 1.double.ism [0Lu] 1.single.ism [1Hf] 1.double.ism
O=C(C=[Hf])Nc1noc2c1CC([Lu])CC2 [0Hf] 1.double.ism [0Lu] 2.single.ism
O=C(C=[Hf])Nc1noc2c1CC([Lu])CC2 [0Hf] 2.double.ism [0Lu] 1.single.ism
CC(=O)Nc1noc2c1C([W])([W])CCC2=[Hf] [0W] 2.spiro.ism [0Hf] 1.double.ism
CC(=O)Nc1noc2c1CCC([Lu])C2 [0Lu] 3.single.ism
O=C(C#[Ta])Nc1noc2c1CC([Lu])CC2 [0Ta] 1.triple.ism [0Lu] 2.single.ism
O=C(C#[Ta])Nc1noc2c1CC([Lu])CC2 [0Ta] 2.triple.ism [0Lu] 1.single.ism
CC(=O)Nc1noc2c1CC(=[Hf])C([Lu])C2=[1Hf] [0Hf] 1.double.ism [0Lu] 1.single.ism [1Hf] 1.double.ism
CC(=O)Nc1noc2c1CC([W])([W])CC2 [0W] 3.spiro.ism
CC(=O)Nc1noc2c1CC(=[Hf])C(=[1Hf])C2 [0Hf] 1.double.ism [1Hf] 2.double.ism
CC(=O)Nc1noc2c1CC(=[Hf])C(=[1Hf])C2 [0Hf] 2.double.ism [1Hf] 1.double.ism
CC(=O)Nc1noc2c1C(=[Hf])CC([Lu])([1Lu])C2 [0Hf] 1.double.ism [0Lu] 1.single.ism [1Lu] 1.single.ism
O=C(C#[Ta])Nc1noc2c1C([Re])C([Re])C([1Re])C2[1Re] [0Ta] 1.triple.ism [0Re] 1.single_fusion.ism [1Re] 1.single_fusion.ism
O=C(C[Lu])Nc1noc2c1C([Re])C([Re])C([1Re])C2[1Re] [0Lu] 1.single.ism [0Re] 1.single_fusion.ism [1Re] 1.single_fusion.ism
O=C(C#[Ta])Nc1noc2c1C([Re])C([Re])CC2 [0Ta] 1.triple.ism [0Re] 2.single_fusion.ism
O=C(C#[Ta])Nc1noc2c1C([Re])C([Re])CC2 [0Ta] 2.triple.ism [0Re] 1.single_fusion.ism
O=C(Nc1noc2c1CC([2Lu])CC2)C([Lu])[1Lu] [2Lu] 1.single.ism [0Lu] 1.single.ism [1Lu] 1.single.ism
CC(=O)Nc1noc2c1CCCC2=[Hf] [0Hf] 3.double.ism
CC(=O)Nc1noc2c1CC(=[Hf])CC2([W])[W] [0Hf] 1.double.ism [0W] 2.spiro.ism
CC(=O)N([Lu])c1noc2c1CC(=[Hf])CC2=[1Hf] [0Lu] 1.single.ism [0Hf] 1.double.ism [1Hf] 1.double.ism
O=C(C#[Ta])Nc1noc2c1C([Lu])([Re])C([Re])CC2 [0Ta] 1.triple.ism [0Lu] 1.single.ism [0Re] 1.single_fusion.ism
CC(=O)Nc1noc2c1CC([Lu])([1Lu])CC2 [0Lu] 1.single.ism [1Lu] 2.single.ism
O=C(C#[Ta])Nc1noc2c1C(=[Hf])CCC2=[1Hf] [0Ta] 1.triple.ism [0Hf] 1.double.ism [1Hf] 1.double.ism
O=C(C#[Ta])Nc1noc2c1CCC(=[Hf])C2 [0Ta] 1.triple.ism [0Hf] 2.double.ism
O=C(C#[Ta])Nc1noc2c1CCC(=[Hf])C2 [0Ta] 2.triple.ism [0Hf] 1.double.ism
CC(=O)Nc1noc2c1C([1Lu])C([2Lu])CC2[Lu] [1Lu] 1.single.ism [2Lu] 1.single.ism [0Lu] 1.single.ism
CC(=O)Nc1noc2c1C([W])([W])CCC2[Lu] [0W] 2.spiro.ism [0Lu] 1.single.ism
CC(=O)Nc1noc2c1CC(=[Hf])CC2[Lu] [0Hf] 1.double.ism [0Lu] 2.single.ism
CC(=O)Nc1noc2c1CC(=[Hf])CC2[Lu] [0Hf] 2.double.ism [0Lu] 1.single.ism
CC(=O)Nc1noc2c1C([Re])C([Re])C(=[Hf])C2 [0Hf] 1.double.ism [0Re] 2.single_fusion.ism
CC(=O)Nc1noc2c1C([Re])C([Re])C(=[Hf])C2 [0Hf] 2.double.ism [0Re] 1.single_fusion.ism
CC(=O)Nc1noc2c1C([Lu])C([W])([W])CC2 [0Lu] 1.single.ism [0W] 2.spiro.ism
CC(=O)Nc1noc2c1CCC([Lu])([1Lu])C2=[Hf] [0Lu] 1.single.ism [1Lu] 1.single.ism [0Hf] 1.double.ism
CC(=O)N([Lu])c1noc2c1CC([Re])C([1Lu])([Re])C2 [0Lu] 1.single.ism [1Lu] 1.single.ism [0Re] 1.single_fusion.ism
O=C(C[Lu])Nc1noc2c1C([Re])C([Re])C(=[Hf])C2 [0Lu] 1.single.ism [0Hf] 1.double.ism [0Re] 1.single_fusion.ism
O=C(C#[Ta])Nc1noc2c1CC(=[Hf])CC2 [0Ta] 1.triple.ism [0Hf] 2.double.ism
O=C(C#[Ta])Nc1noc2c1CC(=[Hf])CC2 [0Ta] 2.triple.ism [0Hf] 1.double.ism
O=C(C=[Hf])Nc1noc2c1C([Re])C([Re])C([Lu])C2 [0Hf] 1.double.ism [0Lu] 1.single.ism [0Re] 1.single_fusion.ism
O=C(C#[Ta])Nc1noc2c1CCC([Lu])([1Lu])C2 [0Ta] 1.triple.ism [0Lu] 1.single.ism [1Lu] 1.single.ism
O=C(Nc1noc2c1CCC(=[Hf])C2)C([W])[W] [0Hf] 1.double.ism [0W] 2.spiro.ism
O=C(C#[Ta])Nc1noc2c1C([Lu])([1Lu])CCC2 [0Ta] 1.triple.ism [0Lu] 1.single.ism [1Lu] 1.single.ism
CC(=O)N([Lu])c1noc2c1C([Re])C([Re])C([1Lu])C2 [0Lu] 1.single.ism [1Lu] 1.single.ism [0Re] 1.single_fusion.ism
O=C(C=[Hf])N([Lu])c1noc2c1CC([1Lu])CC2 [0Hf] 1.double.ism [0Lu] 1.single.ism [1Lu] 1.single.ism
CC(=O)Nc1noc2c1C(=[Hf])CC([Lu])C2=[1Hf] [0Hf] 1.double.ism [0Lu] 1.single.ism [1Hf] 1.double.ism
O=C(C=[Hf])N([Lu])c1noc2c1CCCC2 [0Hf] 1.double.ism [0Lu] 2.single.ism
O=C(C=[Hf])N([Lu])c1noc2c1CCCC2 [0Hf] 2.double.ism [0Lu] 1.single.ism
O=C(C=[Hf])Nc1noc2c1C([Re])C([Re])CC2 [0Hf] 1.double.ism [0Re] 2.single_fusion.ism
O=C(C=[Hf])Nc1noc2c1C([Re])C([Re])CC2 [0Hf] 2.double.ism [0Re] 1.single_fusion.ism
CC(=O)Nc1noc2c1C([Lu])([1Lu])C([Re])C([Re])C2 [0Lu] 1.single.ism [1Lu] 1.single.ism [0Re] 1.single_fusion.ism
CC(=O)Nc1noc2c1C([Re])C([Re])C(=[Hf])C2=[1Hf] [0Hf] 1.double.ism [1Hf] 1.double.ism [0Re] 1.single_fusion.ism
O=C(C[Lu])Nc1noc2c1CCC(=[Hf])C2=[1Hf] [0Lu] 1.single.ism [0Hf] 1.double.ism [1Hf] 1.double.ism
O=C(C[2Lu])Nc1noc2c1C([Lu])([1Lu])CCC2 [2Lu] 1.single.ism [0Lu] 1.single.ism [1Lu] 1.single.ism
CC(=O)Nc1noc2c1C(=[Hf])CC([Re])C2[Re] [0Hf] 1.double.ism [0Re] 2.single_fusion.ism
CC(=O)Nc1noc2c1C(=[Hf])CC([Re])C2[Re] [0Hf] 2.double.ism [0Re] 1.single_fusion.ism
CC(=O)Nc1noc2c1CC([W])([W])C(=[Hf])C2 [0W] 2.spiro.ism [0Hf] 1.double.ism
CC(=O)Nc1noc2c1CC([Lu])C(=[Hf])C2 [0Lu] 1.single.ism [0Hf] 2.double.ism
CC(=O)Nc1noc2c1CC([Lu])C(=[Hf])C2 [0Lu] 2.single.ism [0Hf] 1.double.ism
O=C(C[Lu])N([1Lu])c1noc2c1C(=[Hf])CCC2 [0Lu] 1.single.ism [1Lu] 1.single.ism [0Hf] 1.double.ism
O=C(C=[Hf])Nc1noc2c1CCC([W])([W])C2 [0Hf] 1.double.ism [0W] 2.spiro.ism
O=C(C#[Ta])Nc1noc2c1C([W])([W])CCC2 [0Ta] 1.triple.ism [0W] 2.spiro.ism
CC(=O)Nc1noc2c1C([Re])C([Re])C([Lu])([1Lu])C2 [0Lu] 1.single.ism [1Lu] 1.single.ism [0Re] 1.single_fusion.ism
O=C(C#[Ta])Nc1noc2c1CCCC2[Lu] [0Ta] 1.triple.ism [0Lu] 2.single.ism
O=C(C#[Ta])Nc1noc2c1CCCC2[Lu] [0Ta] 2.triple.ism [0Lu] 1.single.ism
O=C(C#[Ta])Nc1noc2c1CC([Lu])([1Lu])CC2 [0Ta] 1.triple.ism [0Lu] 1.single.ism [1Lu] 1.single.ism
O=C(C#[Ta])Nc1noc2c1CCC([W])([W])C2 [0Ta] 1.triple.ism [0W] 2.spiro.ism
O=C(C=[Hf])Nc1noc2c1C([Lu])([1Lu])CCC2 [0Hf] 1.double.ism [0Lu] 1.single.ism [1Lu] 1.single.ism
O=C(C=[Hf])Nc1noc2c1C([Lu])C([1Lu])CC2 [0Hf] 1.double.ism [0Lu] 1.single.ism [1Lu] 1.single.ism
O=C(C[Lu])Nc1noc2c1C([1Lu])([Re])C([Re])CC2 [0Lu] 1.single.ism [1Lu] 1.single.ism [0Re] 1.single_fusion.ism
O=C(C[Lu])Nc1noc2c1C(=[Hf])CC(=[1Hf])C2 [0Lu] 1.single.ism [0Hf] 1.double.ism [1Hf] 1.double.ism
O=C(C=[Hf])Nc1noc2c1CCC([Lu])([1Lu])C2 [0Hf] 1.double.ism [0Lu] 1.single.ism [1Lu] 1.single.ism
CC(=O)Nc1noc2c1C([W])([W])CC([Lu])C2 [0W] 2.spiro.ism [0Lu] 1.single.ism
O=C(C#[Ta])Nc1noc2c1CCC(=[Hf])C2=[1Hf] [0Ta] 1.triple.ism [0Hf] 1.double.ism [1Hf] 1.double.ism
CC(=O)Nc1noc2c1C([Lu])([1Lu])CC(=[Hf])C2 [0Lu] 1.single.ism [1Lu] 1.single.ism [0Hf] 1.double.ism
CC(=O)Nc1noc2c1CCCC2([Lu])[1Lu] [0Lu] 1.single.ism [1Lu] 2.single.ism
CC(=O)Nc1noc2c1C([Lu])C([1Lu])C([Re])C2[Re] [0Lu] 1.single.ism [1Lu] 1.single.ism [0Re] 1.single_fusion.ism
CC(=O)Nc1noc2c1C([Re])C([Re])CC2 [0Re] 3.single_fusion.ism
CC(=O)Nc1noc2c1C([Re])C([Re])C([W])([W])C2 [0W] 2.spiro.ism [0Re] 1.single_fusion.ism
CC(=O)Nc1noc2c1C(=[Hf])CC([W])([W])C2 [0Hf] 1.double.ism [0W] 2.spiro.ism
CC(=O)Nc1noc2c1CCC([W])([W])C2[Lu] [0W] 2.spiro.ism [0Lu] 1.single.ism
CC(=O)N([Lu])c1noc2c1CCC([W])([W])C2 [0Lu] 1.single.ism [0W] 2.spiro.ism
O=C(C#[Ta])N([Lu])c1noc2c1C([Re])C([Re])CC2 [0Ta] 1.triple.ism [0Lu] 1.single.ism [0Re] 1.single_fusion.ism
CC(=O)Nc1noc2c1C(=[Hf])CCC2[Lu] [0Hf] 1.double.ism [0Lu] 2.single.ism
CC(=O)Nc1noc2c1C(=[Hf])CCC2[Lu] [0Hf] 2.double.ism [0Lu] 1.single.ism
CC(=O)N([Lu])c1noc2c1C([1Lu])C([2Lu])CC2 [0Lu] 1.single.ism [1Lu] 1.single.ism [2Lu] 1.single.ism
CC(=O)Nc1noc2c1CCCC2[Lu] [0Lu] 3.single.ism
CC(=O)Nc1noc2c1C([1Lu])C([Re])C([Re])C2[Lu] [1Lu] 1.single.ism [0Lu] 1.single.ism [0Re] 1.single_fusion.ism
CC(=O)N([Lu])c1noc2c1CCC([Re])C2[Re] [0Lu] 1.single.ism [0Re] 2.single_fusion.ism
CC(=O)N([Lu])c1noc2c1CCC([Re])C2[Re] [0Lu] 2.single.ism [0Re] 1.single_fusion.ism
CC(=O)Nc1noc2c1CC(=[Hf])CC2 [0Hf] 3.double.ism
CC(=O)Nc1noc2c1CCC(=[Hf])C2[Lu] [0Hf] 1.double.ism [0Lu] 2.single.ism
CC(=O)Nc1noc2c1CCC(=[Hf])C2[Lu] [0Hf] 2.double.ism [0Lu] 1.single.ism
O=C(Nc1noc2c1CCCC2)C([Lu])=[Hf] [0Lu] 1.single.ism [0Hf] 2.double.ism
O=C(Nc1noc2c1CCCC2)C([Lu])=[Hf] [0Lu] 2.single.ism [0Hf] 1.double.ism
