[W]C1([W])CC([4W])([4W])CCC1([1W])[1W]
[W]C1([W])C([1W])([1W])CC([6W])([6W])C([5W])([5W])C1([4W])[4W]
[W]C1([W])C([1W])([1W])CCC([5W])([5W])C1([4W])[4W]
[W]C1([W])CC([2W])([2W])CC([3W])([3W])C1
[W]C1([W])CCCC([2W])([2W])C1
[W]C1([W])CCCCC1([2W])[2W]
[W]C1([W])C([2W])([2W])CC([3W])([3W])CC1([4W])[4W]
[W]C1([W])C([2W])([2W])CCCC1([3W])[3W]
[W]C1([W])CC([4W])([4W])C([3W])([3W])CC1([2W])[2W]
[W]C1([W])C([2W])([2W])C([3W])([3W])C([4W])([4W])C([5W])([5W])C1([6W])[6W]
[W]C1([W])C([Re])C([Re])CC([1W])([1W])C1([2W])[2W]
[Hf]=C1CC([W])([W])C([2W])([2W])C([1W])([1W])C1=[1Hf]
[Hf]=C1CC([W])([W])C([2W])([2W])C([1W])([1W])C1
[Hf]=C1C(=[1Hf])C(=[2Hf])C([1W])([1W])C([2W])([2W])C1([W])[W]
[Hf]=C1CC(=[1Hf])C([1W])([1W])C([2W])([2W])C1([W])[W]
[Lu]C1CC([W])([W])C([2W])([2W])C([1W])([1W])C1
[Lu]C1CCC([1W])([1W])C([2W])([2W])C1([W])[W]
[Lu]C1CC([W])([W])C([2W])([2W])C([1W])([1W])C1[1Lu]
[Lu]C1C([1Lu])([2Lu])CC([1W])([1W])C([2W])([2W])C1([W])[W]
[Lu]C1CC([1Lu])C([1W])([1W])C([2W])([2W])C1([W])[W]
[Lu]C1([1Lu])CC([W])([W])C([2W])([2W])C([1W])([1W])C1
[Lu]C1CC([1Lu])([2Lu])C([1W])([1W])C([2W])([2W])C1([W])[W]
[Lu]C1C([1Lu])C([2Lu])([3Lu])C([1W])([1W])C([2W])([2W])C1([W])[W]
[Lu]C1C([1Lu])C([2Lu])C([1W])([1W])C([2W])([2W])C1([W])[W]
[Lu]C1([1Lu])C([2Lu])CC([1W])([1W])C([2W])([2W])C1([W])[W]
[Lu]C1([1Lu])CC([2Lu])([3Lu])C([1W])([1W])C([2W])([2W])C1([W])[W]
[Lu]C1C([1Lu])([2Lu])C([3Lu])C([1W])([1W])C([2W])([2W])C1([W])[W]
[Lu]C1([1Lu])C([2Lu])([3Lu])CC([1W])([1W])C([2W])([2W])C1([W])[W]
[Lu]C1([1Lu])C([2Lu])([3Lu])C([4Lu])C([1W])([1W])C([2W])([2W])C1([W])[W]
[Lu]C1([1Lu])C([2Lu])([3Lu])C([4Lu])([5Lu])C([1W])([1W])C([2W])([2W])C1([W])[W]
[Hf]=C1CCC([1W])([1W])C(=[1Hf])C1([W])[W]
[Hf]=C1CC(=[1Hf])C([1W])([1W])C(=[2Hf])C1([W])[W]
[Lu]C1([1Lu])CC([2Lu])C([1W])([1W])C([3Lu])C1([W])[W]
[Lu]C1([1Lu])CCC([1W])([1W])C([2Lu])([3Lu])C1([W])[W]
[Lu]C1CCC([1W])([1W])C([1Lu])([2Lu])C1([W])[W]
[Lu]C1CC([1Lu])C([1W])([1W])C([2Lu])C1([W])[W]
[Lu]C1([1Lu])CCC([1W])([1W])C([2Lu])C1([W])[W]
[Lu]C1CCC([1W])([1W])C([1Lu])C1([W])[W]
[Hf]=C1C([2W])([2W])CCC([W])([W])C1([1W])[1W]
[Lu]C1([1Lu])C([2W])([2W])CCC([W])([W])C1([1W])[1W]
[Lu]C1CC([2W])([2W])C([1W])([1W])C([1Lu])C1([W])[W]
[Lu]C1C([W])([W])CCC([2W])([2W])C1([1W])[1W]
[Lu]C1CC([2W])([2W])C([1W])([1W])C([1Lu])([2Lu])C1([W])[W]
[W]C1([W])C([Re])C([Re])C([1W])([1W])CC1([2W])[2W]
[Hf]=C1CC([1W])([1W])C(=[1Hf])C([2W])([2W])C1([W])[W]
[Hf]=C1CC([W])([W])C([2W])([2W])CC1([1W])[1W]
[Hf]=C1CC([1W])([1W])CC([2W])([2W])C1([W])[W]
[Hf]=C1CC([W])([W])C([2W])([2W])C(=[1Hf])C1([1W])[1W]
[Hf]=C1C(=[1Hf])C([1W])([1W])C(=[2Hf])C([2W])([2W])C1([W])[W]
[Lu]C1C([1Lu])([2Lu])C([1W])([1W])C([3Lu])C([2W])([2W])C1([W])[W]
[Lu]C1([1Lu])C([2Lu])C([1W])([1W])C([3Lu])([4Lu])C([2W])([2W])C1([W])[W]
[Lu]C1CC([1W])([1W])CC([2W])([2W])C1([W])[W]
[Lu]C1([1Lu])CC([1W])([1W])CC([2W])([2W])C1([W])[W]
[Lu]C1CC([1W])([1W])C([1Lu])([2Lu])C([2W])([2W])C1([W])[W]
[Lu]C1C([1Lu])C([1W])([1W])C([2Lu])([3Lu])C([2W])([2W])C1([W])[W]
[Lu]C1([1Lu])C([2Lu])([3Lu])C([1W])([1W])CC([2W])([2W])C1([W])[W]
[Lu]C1([1Lu])CC([1W])([1W])C([2Lu])([3Lu])C([2W])([2W])C1([W])[W]
[Lu]C1CC([1W])([1W])C([1Lu])C([2W])([2W])C1([W])[W]
[Lu]C1C([1Lu])C([1W])([1W])C([2Lu])C([2W])([2W])C1([W])[W]
[Lu]C1([1Lu])C([2Lu])([3Lu])C([1W])([1W])C([4Lu])C([2W])([2W])C1([W])[W]
[Hf]=C1CC([1W])([1W])CC(=[1Hf])C1([W])[W]
[Hf]=C1CC([1W])([1W])C(=[1Hf])C(=[2Hf])C1([W])[W]
[Lu]C1C([1W])([1W])CCC([W])([W])C1([1Lu])[2Lu]
[Lu]C1([1Lu])CC([1W])([1W])C([2Lu])([3Lu])C([4Lu])C1([W])[W]
[Lu]C1CC([1W])([1W])CC([1Lu])([2Lu])C1([W])[W]
[Lu]C1([1Lu])C([1W])([1W])CCC([W])([W])C1([2Lu])[3Lu]
[Lu]C1([1Lu])CC([1W])([1W])C([2Lu])C([3Lu])([4Lu])C1([W])[W]
[Lu]C1CC([1W])([1W])C([1Lu])C([2Lu])([3Lu])C1([W])[W]
[Lu]C1CC([1W])([1W])C([1Lu])([2Lu])C([3Lu])([4Lu])C1([W])[W]
[W]C1([W])C([Re])C([Re])C([1W])([1W])C([2W])([2W])C1([3W])[3W]
[Hf]=C1CC([1W])([1W])C([2W])([2W])C([3W])([3W])C1([W])[W]
[Hf]=C1C(=[1Hf])C([1W])([1W])C([2W])([2W])C([3W])([3W])C1([W])[W]
[Lu]C1CC([W])([W])C([3W])([3W])C([2W])([2W])C1([1W])[1W]
[Lu]C1C([1Lu])C([1W])([1W])C([2W])([2W])C([3W])([3W])C1([W])[W]
[Lu]C1C([1Lu])([2Lu])C([1W])([1W])C([2W])([2W])C([3W])([3W])C1([W])[W]
[Hf]=C1C(=[1Hf])C([1W])([1W])C([2W])([2W])CC1([W])[W]
[Lu]C1C([W])([W])C([3Lu])C([2W])([2W])C([1W])([1W])C1([1Lu])[2Lu]
[Lu]C1([1Lu])C([2Lu])C([1W])([1W])C([2W])([2W])C([3Lu])([4Lu])C1([W])[W]
[Lu]C1([1Lu])C([2Lu])([3Lu])C([1W])([1W])C([2W])([2W])C([4Lu])([5Lu])C1([W])[W]
[Lu]C1C([W])([W])CC([2W])([2W])C([1W])([1W])C1([1Lu])[2Lu]
[Lu]C1([1Lu])CC([1W])([1W])C([2W])([2W])C([2Lu])C1([W])[W]
[Lu]C1([1Lu])CC([1W])([1W])C([2W])([2W])C([2Lu])([3Lu])C1([W])[W]
[Hf]=C1C([3W])([3W])CC([W])([W])C([1W])([1W])C1([2W])[2W]
[Lu]C1([1Lu])C([3W])([3W])CC([W])([W])C([1W])([1W])C1([2W])[2W]
[Lu]C1C([1W])([1W])C([W])([W])CC([3W])([3W])C1([2W])[2W]
[Lu]C1([1Lu])C([1W])([1W])C([W])([W])CC([3W])([3W])C1([2W])[2W]
[Lu]C1([1Lu])CC([1W])([1W])C([W])([W])CC1([2W])[2W]
[Lu]C1([1Lu])C([2Lu])C([1W])([1W])C([W])([W])CC1([2W])[2W]
[Lu]C1CC([1W])([1W])C([W])([W])CC1([2W])[2W]
[Lu]C1C([1W])([1W])CC([1Lu])([2Lu])C([2W])([2W])C1([W])[W]
[Hf]=C1C([1W])([1W])C(=[1Hf])C([2W])([2W])C([3W])([3W])C1([W])[W]
[Lu]C1C([1W])([1W])CC([2W])([2W])C([3W])([3W])C1([W])[W]
[Lu]C1C([W])([W])C([3W])([3W])C([2W])([2W])C([1Lu])([2Lu])C1([1W])[1W]
[Hf]=C1C([1W])([1W])CC([2W])([2W])C(=[1Hf])C1([W])[W]
[Lu]C1C([1W])([1W])CC([2W])([2W])C([1Lu])C1([W])[W]
[Lu]C1([1Lu])C([W])([W])C([4Lu])C([2W])([2W])C([2Lu])([3Lu])C1([1W])[1W]
[Lu]C1C([W])([W])CC([2W])([2W])CC1([1W])[1W]
[Lu]C1C([W])([W])C([2Lu])C([2W])([2W])C([1Lu])C1([1W])[1W]
[Lu]C1C([W])([W])CC([2W])([2W])C([1Lu])([2Lu])C1([1W])[1W]
[Lu]C1([1Lu])C([1W])([1W])CC([W])([W])C([2Lu])([3Lu])C1([2W])[2W]
[Lu]C1C([1W])([1W])C([1Lu])C([2W])([2W])C([2Lu])([3Lu])C1([W])[W]
[Hf]=C1C([W])([W])C([3W])([3W])C(=[1Hf])C([2W])([2W])C1([1W])[1W]
[Lu]C1C([W])([W])C([3W])([3W])C([1Lu])C([2W])([2W])C1([1W])[1W]
[Lu]C1([1Lu])C([W])([W])C([3W])([3W])C([2Lu])([3Lu])C([2W])([2W])C1([1W])[1W]
[Lu]C1C([W])([W])C([3W])([3W])C([1Lu])([2Lu])C([2W])([2W])C1([1W])[1W]
[Lu]C1([1Lu])C([W])([W])C([4W])([4W])C([3W])([3W])C([2W])([2W])C1([1W])[1W]
[Lu]C1CC([1Lu])C([1W])([1W])C([2Lu])([3Lu])C1([W])[W]
[Lu]C1C([W])([W])C([1Lu])C([3W])([3W])C([2W])([2W])C1([1W])[1W]
[Lu]C1([1Lu])C([W])([W])C([2Lu])([3Lu])C([3W])([3W])C([2W])([2W])C1([1W])[1W]
[Hf]=C1C([3W])([3W])C([2W])([2W])C([1W])([1W])C([W])([W])C1([4W])[4W]
[Lu]C1C([3W])([3W])C([2W])([2W])C([1W])([1W])C([W])([W])C1([4W])[4W]
[Lu]C1([1Lu])CC([3W])([3W])C([W])([W])C([1W])([1W])C1([2W])[2W]
[Lu]C1([1Lu])C([2Lu])([3Lu])C([2W])([2W])C([1W])([1W])C([W])([W])C1([3W])[3W]
[Lu]C1([1Lu])CCC([1W])([1W])C([W])([W])C1([2W])[2W]
[Lu]C1([1Lu])C([2Lu])C([3Lu])([4Lu])C([2W])([2W])C([W])([W])C1([1W])[1W]
[W]C1([W])C([Re])C([Re])CCC1([1W])[1W]
[W]C1([W])CCC([Re])C([Re])C1
[W]C1([W])CCC([1W])([1W])C([Re])C1[Re]
[Re]C1([2Re])C([2Re])C([3Re])C([3Re])([4Re])C([1Re])([4Re])C1([Re])[1Re]
[Re]C1([1Re])C([Re])([2Re])C([2Re])([3Re])C([3Re])([4Re])C([4Re])([5Re])C1([1Re])[5Re]
[W]C1([W])CCC([Re])C([Re])([1Re])C1[1Re]
[W]C1([W])CC([Re])C([Re])([1Re])C([1Re])C1
[W]C1([W])CC([1W])([1W])C([1Re])C([Re])([1Re])C1[Re]
[W]C1([W])CC([Re])C([Re])([1Re])C([1Re])C1([1W])[1W]
[W]C1([W])C([Re])C([Re])([1Re])C([1Re])C([2W])([2W])C1([1W])[1W]
[Lu]C1([Re])CCC([1Lu])C([2Lu])([1Re])C1([Re])[1Re]
[Lu]C1([Re])CCCC([1Lu])([1Re])C1([Re])[1Re]
[Lu]C1([Re])CC([1Lu])C([2Lu])C([3Lu])([1Re])C1([Re])[1Re]
[Lu]C1([Re])CC([1Lu])C([2Lu])([3Lu])C([4Lu])([1Re])C1([Re])[1Re]
[W]C1([W])CC([2Re])C([1Re])([2Re])C([Re])([1Re])C1[Re]
[W]C1([W])C([Re])C([Re])([1Re])C([1Re])([2Re])C([2Re])C1([1W])[1W]
[Re]C1([2Re])CCC([1Re])C([1Re])C1([Re])[2Re]
[Re]C1([3Re])CCC([1Re])([2Re])C([1Re])([2Re])C1([Re])[3Re]
[Re]C1CC([2Re])C([1Re])([2Re])C([1Re])([3Re])C1([Re])[4Re]
[Re]C1C([Re])([2Re])C([2Re])([3Re])C([3Re])C([1Re])([4Re])C1([1Re])[4Re]
[W]C1([W])CC([Re])C([Re])C([1Re])C1[1Re]
[Lu]C1([1Re])C([1Re])CCC([Re])C1([1Lu])[Re]
[Lu]C1([Re])CCC([1Re])C([1Re])C1([1Lu])[Re]
[Lu]C1([Re])CC([1Lu])C([2Lu])([1Re])C([3Lu])([1Re])C1[Re]
[Lu]C1([Re])CC([1Lu])C([2Lu])([1Re])C([1Re])C1([3Lu])[Re]
[Lu]C1([Re])CCC([1Re])C([1Lu])([1Re])C1([2Lu])[Re]
[Lu]C1CC([1Re])C([1Re])C([1Lu])([Re])C1[Re]
[Lu]C1CC([1Lu])([1Re])C([1Re])C([2Lu])([Re])C1[Re]
[Lu]C1([Re])CCC([1Lu])([1Re])C([2Lu])([1Re])C1[Re]
[Lu]C1([1Lu])CC([1Re])C([2Lu])([1Re])C([3Lu])([Re])C1[Re]
[Lu]C1([Re])CCC([1Lu])([1Re])C([2Lu])([1Re])C1([3Lu])[Re]
[Lu]C1CC([1Re])C([1Lu])([1Re])C([2Lu])([Re])C1[Re]
[Lu]C1([Re])CC([1Lu])C([1Re])C([2Lu])([1Re])C1([3Lu])[Re]
[Lu]C1([Re])CC([1Lu])([2Lu])C([1Re])C([1Re])C1([3Lu])[Re]
[Lu]C1([1Lu])CC([2Lu])([1Re])C([1Re])C([3Lu])([Re])C1[Re]
[Lu]C1([1Lu])CC([2Lu])([1Re])C([3Lu])([1Re])C([4Lu])([Re])C1[Re]
[Lu]C1([Re])CC([1Lu])C([2Lu])([1Re])C([3Lu])([1Re])C1([4Lu])[Re]
[Lu]C1([Re])CC([1Lu])([2Lu])C([3Lu])([1Re])C([1Re])C1([4Lu])[Re]
[Re]C1C([3Re])C([3Re])C([1Re])C([1Re])([2Re])C1([Re])[2Re]
[Hf]=C1CC([Re])C([Re])([2Re])C([1Re])([2Re])C1[1Re]
[Hf]=C1C(=[1Hf])C([1Re])C([1Re])([2Re])C([Re])([2Re])C1[Re]
[Lu]C1([Re])C([1Lu])CC([2Lu])([1Re])C([1Re])([2Re])C1([Re])[2Re]
[Lu]C1CC([Re])C([Re])([2Re])C([1Re])([2Re])C1[1Re]
[Lu]C1([1Lu])CC([1Re])C([1Re])([2Re])C([Re])([2Re])C1[Re]
[Lu]C1([Re])C([1Lu])([2Lu])C([3Lu])C([1Re])C([1Re])([2Re])C1([Re])[2Re]
[Lu]C1([Re])CCC([1Re])C([1Re])([2Re])C1([Re])[2Re]
[Lu]C1C([1Lu])C([2Lu])([1Re])C([1Re])([2Re])C([Re])([2Re])C1[Re]
[Lu]C1CC([1Lu])([1Re])C([1Re])([2Re])C([Re])([2Re])C1[Re]
[Lu]C1([Re])C([1Lu])CC([1Re])C([1Re])([2Re])C1([Re])[2Re]
[Lu]C1([Re])CC([1Lu])([2Lu])C([1Re])C([1Re])([2Re])C1([Re])[2Re]
[Lu]C1([1Lu])C([2Lu])C([3Lu])([1Re])C([1Re])([2Re])C([Re])([2Re])C1[Re]
[Lu]C1([Re])CC([1Lu])([2Lu])C([3Lu])([1Re])C([1Re])([2Re])C1([Re])[2Re]
[Lu]C1([1Lu])C([Re])C([Re])([2Re])C([1Re])([2Re])C([4Lu])([1Re])C1([2Lu])[3Lu]
[Lu]C1([Re])C([1Lu])C([2Lu])([3Lu])C([4Lu])([1Re])C([1Re])([2Re])C1([Re])[2Re]
[W]C1([W])C([Re])C([Re])([1Re])C([1Re])([2Re])C([2Re])([3Re])C1[3Re]
[Re]C1CC([2Re])([3Re])C([2Re])([3Re])C([1Re])C1([Re])[1Re]
[Lu]C1([2Re])C([2Re])CC([Re])C([Re])([1Re])C1([1Lu])[1Re]
[Lu]C1([2Re])C([2Re])CC([Re])C([Re])([1Re])C1[1Re]
[Lu]C1([Re])CC([2Re])C([1Lu])([2Re])C([2Lu])([1Re])C1([Re])[1Re]
[W]C1([W])C([Re])C([Re])C([1Re])C([1Re])([2Re])C1[2Re]
[Lu]C1([Re])C([1Lu])C([2Re])C([1Re])([2Re])C([1Re])C1([2Lu])[Re]
[Lu]C1C([Re])C([2Lu])([Re])C([1Lu])([1Re])C([1Re])([2Re])C1[2Re]
[Lu]C1([Re])C([1Lu])C([2Re])C([1Re])([2Re])C([2Lu])([1Re])C1([3Lu])[Re]
[Lu]C1([Re])CC([2Re])C([1Re])([2Re])C([1Lu])([1Re])C1([2Lu])[Re]
[Lu]C1([1Lu])C([Re])C([3Lu])([Re])C([2Lu])([1Re])C([1Re])([2Re])C1[2Re]
[Lu]C1([Re])CC([2Re])C([1Re])([2Re])C([1Re])C1([1Lu])[Re]
[Lu]C1([Re])CC([1Lu])([2Re])C([1Re])([2Re])C([2Lu])([1Re])C1[Re]
[Lu]C1C([Re])C([1Lu])([Re])C([1Re])C([1Re])([2Re])C1[2Re]
[Lu]C1C([1Lu])([7Lu])C([2Lu])([3Lu])C([8Lu])([9Lu])C([4Lu])([5Lu])C1([6Lu])[10Lu]
[Lu]C1C([4Lu])C([3Lu])([Re])C([Re])CC1([1Lu])[2Lu]
[Lu]C1([Re])CC([1Lu])([2Re])C([1Re])([2Re])C([1Re])C1([2Lu])[Re]
[Lu]C1([Re])C([1Lu])C([2Lu])([2Re])C([1Re])([2Re])C([3Lu])([1Re])C1([4Lu])[Re]
[Re]C1([2Re])CC([1Re])C([1Re])CC1([Re])[2Re]
[Re]C1([3Re])CC([1Re])([2Re])C([1Re])([2Re])CC1([Re])[3Re]
[Lu]C1([1Lu])CC([4Lu])CC([2Lu])([3Lu])C1=[Hf]
[Lu]C1([1Lu])C([5Lu])C([6Lu])([7Lu])C([2Lu])CC1([3Lu])[4Lu]
[Lu]C1CC([4Lu])([5Lu])C([1Lu])C([6Lu])C1([2Lu])[3Lu]
[Re]C1([5Re])CC([1Re])([4Re])C([1Re])([3Re])C([2Re])([3Re])C1([Re])[2Re]
[Lu]C1C([1Lu])([4Lu])C([5Lu])C([6Lu])C([7Lu])([8Lu])C1([2Lu])[3Lu]
[Lu]C1([4Lu])C([5Lu])([6Lu])C([1Lu])C([7Lu])([8Lu])C([2Lu])C1([3Lu])[9Lu]
[Lu]C1([7Lu])CC([1Lu])([2Lu])C([3Lu])([4Lu])C([5Lu])([8Lu])C1([6Lu])[9Lu]
[Lu]C1([5Lu])C([1Lu])([2Lu])C([3Lu])CC([7Lu])([8Lu])C1([4Lu])[6Lu]
[W]C1([W])C([Re])C([Re])C([1W])([1W])C([1Re])C1[1Re]
[Lu]C1([1Lu])CCC([2Lu])([7Lu])C([3Lu])([4Lu])C1([5Lu])[6Lu]
[Lu]C1CC([W])([W])C([1Lu])([2Lu])C([3Lu])C1[4Lu]
[Lu]C1([Re])C([1Lu])C([2Lu])([1Re])C([1Re])C([3Lu])C1([4Lu])[Re]
[Lu]C1C([1Re])C([1Re])C([1Lu])C([2Lu])([Re])C1[Re]
[Lu]C1CC([2Lu])([3Lu])C([4Lu])([5Lu])C([1Lu])([6Lu])C1
[Lu]C1([Re])CC([1Re])C([1Lu])([1Re])C([2Lu])C1([3Lu])[Re]
[Lu]C1([1Lu])C([1Re])C([1Re])CC([Re])C1([2Lu])[Re]
[Lu]C1([Re])CC([1Re])C([1Lu])([1Re])C([2Lu])([3Lu])C1[Re]
[Lu]C1C([Re])C([2Lu])([Re])CC([1Lu])([1Re])C1[1Re]
[Lu]C1([Re])CC([1Re])C([1Lu])([1Re])CC1([2Lu])[Re]
[Lu]C1([Re])C([1Lu])C([1Re])C([1Re])CC1([2Lu])[Re]
[Lu]C1([4Lu])C([1Lu])([5Lu])CC([6Lu])([7Lu])C([8Lu])C1([2Lu])[3Lu]
[Lu]C1C([1Lu])([6Lu])CC([5Lu])C([4Lu])C1([2Lu])[3Lu]
[Lu]C1([Re])CC([1Re])C([1Lu])([1Re])C([2Lu])C1[Re]
[Lu]C1C([1Re])C([1Re])C([1Lu])([2Lu])C([3Lu])([Re])C1[Re]
[Lu]C1([Re])CC([1Lu])([1Re])C([1Re])C([2Lu])C1([3Lu])[Re]
[Lu]C1([Re])CC([1Lu])([1Re])C([1Re])C([2Lu])([3Lu])C1[Re]
[Lu]C1([Re])CC([1Re])C([1Re])C([1Lu])C1[Re]
[Lu]C1([1Lu])C([6Lu])C([7Lu])C([4Lu])([5Lu])C([2Lu])([3Lu])C1([8Lu])[9Lu]
[Lu]C1C([5Lu])([6Lu])C([3Lu])([4Lu])C([1W])([1W])C([1Lu])([2Lu])C1([W])[W]
[Lu]C1([Re])C([1Lu])C([2Lu])([1Re])C([1Re])C([3Lu])([4Lu])C1([5Lu])[Re]
[Lu]C1([1Lu])CC([3Lu])C(=[Hf])C(=[1Hf])C1[2Lu]
[Lu]C1C([5Lu])C([4Lu])([2Re])C([3Lu])([1Re])C([2Lu])([Re])C1([1Lu])[Re]
[Lu]C1([Re])C([1Lu])C([2Lu])([1Re])C([1Re])C([2Re])C1([Re])[2Re]
[Lu]C1C([Re])C([Re])([2Re])C([2Lu])([2Re])C([1Re])C1([1Lu])[1Re]
[Lu]C1CC(=[2Hf])C([1Lu])C(=[1Hf])C1=[Hf]
[Lu]C1CC(=[Hf])CC([1Lu])([2Lu])C1([3Lu])[4Lu]
[Lu]C1([1Re])CC([Re])C([Re])([2Re])C([1Lu])([2Re])C1[1Re]
[Lu]C1([1Lu])C([Re])C([Re])([2Re])C([2Re])C([1Re])C1([2Lu])[1Re]
[Lu]C1C([1Re])C([1Re])C([2Re])C([Re])([2Re])C1[Re]
[Lu]C1([Re])CC([1Lu])([1Re])C([1Re])C([2Re])C1([Re])[2Re]
[Lu]C1([1Lu])CC([4Lu])([5Lu])C([6Lu])C([3Lu])C1([2Lu])[7Lu]
[Lu]C1C([3Lu])CC([1Lu])([2Lu])C([5Lu])C1[4Lu]
[Lu]C1([1Lu])C([Re])C([Re])([2Re])C([3Lu])([2Re])C([1Re])C1([2Lu])[1Re]
[Lu]C1([Re])C([1Lu])([2Lu])C([1Re])C([1Re])C([2Re])C1([Re])[2Re]
[Lu]C1([1Lu])CCC(=[Hf])C([2Lu])C1
[Lu]C1([Re])C([1Lu])C([2Lu])([1Re])C([1Re])C([3Lu])([2Re])C1([Re])[2Re]
[Lu]C1C([5Lu])([6Lu])C([1Lu])([2Lu])C([7Lu])C([3Lu])([8Lu])C1([4Lu])[9Lu]
[Lu]C1([1Lu])C([2Lu])([5Lu])C([6Lu])C([3Lu])C([7Lu])C1([4Lu])[8Lu]
[Lu]C1CC([4Lu])([5Lu])C([2Lu])([3Lu])C([1Lu])C1=[Hf]
[Lu]C1([1Re])CC([Re])C([Re])C([2Re])C1([1Re])[2Re]
[Lu]C1C([1Lu])C([Re])C([2Lu])([Re])C([3Lu])([1Re])C1([4Lu])[1Re]
[Lu]C1([Re])CC([1Lu])([1Re])C([1Re])([2Re])C([2Lu])([2Re])C1([3Lu])[Re]
[Lu]C1C([2Lu])([6Lu])CCC([4Lu])([5Lu])C1([1Lu])[3Lu]
[Lu]C1([Re])C([1Lu])([2Lu])C([1Re])C([1Re])([2Re])C([2Re])C1([3Lu])[Re]
[Lu]C1([1Lu])C([2Lu])C([3Lu])CCC1([W])[W]
[Lu]C1([Re])C([1Lu])C([1Re])C([1Re])([2Re])C([2Re])C1[Re]
[Lu]C1([1Lu])C([Re])C([Re])C([2Re])C([1Re])([2Re])C1[1Re]
[Lu]C1C([Re])C([Re])C([2Lu])([2Re])C([1Re])([2Re])C1([1Lu])[1Re]
[Lu]C1([1Lu])C(=[Hf])C([4Lu])([5Lu])C(=[1Hf])C([3Lu])C1[2Lu]
[Lu]C1([1Re])CC([Re])C([Re])C([1Lu])([2Re])C1([1Re])[2Re]
[Lu]C1C([Re])C([3Lu])([Re])C([2Lu])([2Re])C([1Re])([2Re])C1([1Lu])[1Re]
[Lu]C1([Re])C([Re])C([2Re])C([1Re])([2Re])C([3Lu])([1Re])C1([1Lu])[2Lu]
[Lu]C1([1Re])CC([Re])C([Re])([3Re])C([2Re])([3Re])C1([1Re])[2Re]
[Lu]C1([1Re])CC([1Lu])([Re])C([2Lu])([Re])C([3Lu])([4Lu])C1([5Lu])[1Re]
[Lu]C1([Re])C([Re])C([3Re])C([2Re])([3Re])C([1Re])([2Re])C1([1Lu])[1Re]
[Lu]C1([Re])C([1Re])C([1Re])([2Re])C([2Re])([3Re])C([3Re])C1([1Lu])[Re]
[Lu]C1C([1Lu])([2Lu])C([3Lu])([Re])C([Re])([1Re])C([4Lu])([1Re])C1([5Lu])[6Lu]
[Hf]=C1C(=[3Hf])C(=[2Hf])CC(=[1Hf])C1=[4Hf]
[Lu]C1([Re])C([Re])C([2Re])C([2Re])C([1Lu])([1Re])C1([2Lu])[1Re]
[Lu]C1([1Re])C([1Re])C([Re])C([Re])C([2Re])C1[2Re]
[Lu]C1([2Re])C([2Re])C([Re])C([Re])C([1Re])C1([1Lu])[1Re]
[Lu]C1C([1Lu])C([4Lu])C([2Lu])([5Lu])C([6Lu])C1([3Lu])[7Lu]
[Lu]C1([Re])C([1Re])C([2Lu])([1Re])C([2Re])C([1Lu])([2Re])C1[Re]
[Lu]C1CC([4Lu])([5Lu])C([6Lu])([7Lu])C([1Lu])([2Lu])C1[3Lu]
[Lu]C1([Re])C([Re])C([2Re])C([1Lu])([2Re])C([2Lu])([1Re])C1[1Re]
[Lu]C1([Re])C([Re])C([1Lu])([2Re])C([2Lu])([2Re])C([3Lu])([1Re])C1([4Lu])[1Re]
[Lu]C1([Re])C([Re])C([2Re])C([1Lu])([2Re])C([1Re])C1[1Re]
[Lu]C1([Re])C([Re])C([1Lu])([2Re])C([2Lu])([2Re])C([1Re])C1([3Lu])[1Re]
[Lu]C1CC([3Lu])([4Lu])C([2Lu])C([1Lu])C1([W])[W]
[Lu]C1([Re])C([1Lu])([Re])C([2Re])C([2Lu])([2Re])C([1Re])C1([3Lu])[1Re]
[Lu]C1([Re])C([3Lu])([1Re])C([1Re])C([2Re])C([2Lu])([2Re])C1([1Lu])[Re]
[Lu]C1([Re])C([1Lu])([Re])C([2Lu])([2Re])C([3Lu])([2Re])C([4Lu])([1Re])C1([5Lu])[1Re]
[Lu]C1([Re])C([3Re])C([2Re])([3Re])C([2Re])C([1Lu])([1Re])C1([Re])[1Re]
[Lu]C1([Re])CC([3Lu])([4Lu])C([2Lu])([1Re])C([1Lu])([1Re])C1[Re]
[Lu]C1([2Re])CC([1Re])C([Re])([1Re])C([Re])C1[2Re]
[Lu]C1C([4Lu])([5Lu])CC([2Lu])([3Lu])C([1Lu])C1([W])[W]
[Lu]C1([Re])C([2Re])C([1Lu])([2Re])C([2Lu])([3Lu])C([4Lu])([1Re])C1([Re])[1Re]
[Lu]C1C([2Re])C([2Re])C([Re])C([Re])([1Re])C1([1Lu])[1Re]
[Lu]C1CC([3Lu])([4Lu])C([2Lu])C([5Lu])([6Lu])C1([1Lu])[7Lu]
[Lu]C1([Re])C([2Re])C([2Re])C([1Lu])([2Lu])C([3Lu])([1Re])C1([Re])[1Re]
[Hf]=C1C([1Re])C([1Re])C([Re])C([Re])([2Re])C1[2Re]
[Lu]C1([Re])C([5Lu])CC([3Lu])([4Lu])C([2Lu])C1([1Lu])[Re]
[Lu]C1([1Re])C([Re])C([Re])([2Re])C([4Lu])([2Re])C([2Lu])([3Lu])C1([1Lu])[1Re]
[Lu]C1([1Re])C([1Re])CC([1Lu])([2Re])C([Re])([2Re])C1[Re]
[Lu]C1([5Lu])C([4Lu])C([3Lu])C([2Lu])C([1Lu])C1[6Lu]
[Lu]C1([Re])C([1Re])C([1Re])C([1Lu])C([2Re])C1([Re])[2Re]
[Lu]C1([Re])C([1Re])C([1Re])C([1Lu])([2Lu])C([2Re])C1([Re])[2Re]
[Lu]C1([1Re])C([1Re])C([1Lu])([2Lu])C([3Lu])([2Re])C([Re])([2Re])C1[Re]
[Lu]C1([1Re])C([Re])C([Re])([2Re])C([3Lu])([2Re])C([2Lu])C1([1Lu])[1Re]
[Lu]C1([Re])C([1Lu])([1Re])C([2Lu])([1Re])C([2Re])C([2Re])([3Re])C1([Re])[3Re]
[Lu]C1C([2Lu])CC([4Lu])CC1([1Lu])[3Lu]
[Lu]C1([1Re])C([1Re])C([1Lu])([2Re])C([2Re])([3Re])C([Re])([3Re])C1[Re]
[Lu]C1([2Re])C([1Re])C([1Re])C([Re])C([Re])([3Re])C1([2Re])[3Re]
[Lu]C1CC([1Lu])([5Lu])CC([3Lu])([4Lu])C1[2Lu]
[Lu]C1([2Re])C([1Re])([2Re])C([1Re])C([Re])C([Re])([3Re])C1([1Lu])[3Re]
[Lu]C1([Re])C([1Re])C([1Re])([2Re])C([2Re])C([3Re])C1([Re])[3Re]
[Lu]C1([1Re])C([Re])C([Re])([3Re])C([2Lu])([3Re])C([1Lu])([2Re])C1([1Re])[2Re]
[Lu]C1([Re])C([1Lu])([1Re])C([1Re])([2Re])C([2Lu])([2Re])C([3Lu])([3Re])C1([Re])[3Re]
[Lu]C1([Re])C([1Re])C([1Re])([2Re])C([2Re])([3Re])C([3Re])([4Re])C1([Re])[4Re]
[Lu]C1CC([4Lu])C([1Lu])C([5Lu])C1([2Lu])[3Lu]
[Lu]C1CC([1Lu])([2Lu])C([3Lu])C([1W])([1W])C1([W])[W]
[Hf]=C1C([2Re])C([1Re])([2Re])C([Re])([1Re])C([Re])([3Re])C1[3Re]
[Lu]C1C([2Re])C([1Re])([2Re])C([Re])([1Re])C([Re])([3Re])C1[3Re]
[Lu]C1C([3Re])C([Re])([3Re])C([Re])([1Re])C([1Re])([2Re])C1([1Lu])[2Re]
[Lu]C1([1Lu])C([3Re])C([Re])([3Re])C([Re])([1Re])C([1Re])([2Re])C1([2Lu])[2Re]
[Lu]C1([1Lu])C([1Re])C([Re])([1Re])C([Re])([2Re])C([2Re])C1([2Lu])[3Lu]
[Lu]C1([1Lu])CCC([W])([W])C([4Lu])([5Lu])C1([2Lu])[3Lu]
[Lu]C1([1Lu])CC([6Lu])([7Lu])C([2Lu])([8Lu])C([3Lu])C1([4Lu])[5Lu]
[Lu]C1([4Lu])C([1Lu])([5Lu])C([6Lu])([7Lu])C([8Lu])([9Lu])C([2Lu])([10Lu])C1([3Lu])[11Lu]
[Lu]C1([1Re])C([1Lu])([2Lu])CC([2Re])C([Re])([2Re])C1([Re])[1Re]
[Lu]C1([1Lu])C([2Lu])CCC(=[Hf])C1[3Lu]
[Lu]C1C([3Lu])CC([1Lu])C([4Lu])C1[2Lu]
[Lu]C1([1Re])C([1Lu])C([2Lu])C([3Lu])([2Re])C([Re])([2Re])C1([Re])[1Re]
[Lu]C1C([1Re])C([Re])([1Re])C([Re])([2Re])C([2Re])C1([1Lu])[2Lu]
[Lu]C1([2Lu])CCC([3Lu])C([4Lu])([5Lu])C1[1Lu]
[Lu]C1([1Re])C([1Lu])C([2Lu])([2Re])C([2Re])([3Re])C([Re])([3Re])C1([Re])[1Re]
[Lu]C1([1Re])C([1Lu])([2Lu])C([3Lu])([2Re])C([2Re])([3Re])C([Re])([3Re])C1([Re])[1Re]
[Lu]C1([1Re])CC([1Lu])([2Re])C([2Re])([3Re])C([Re])([3Re])C1([Re])[1Re]
[Lu]C1C([1Lu])C([W])([W])C([2Lu])C([1W])([1W])C1[3Lu]
[Lu]C1([2Re])C([2Re])C([1Re])C([Re])([1Re])C([Re])([3Re])C1[3Re]
[Lu]C1CCCC([1Lu])C1
[Lu]C1([1Re])C([1Lu])([2Re])C([2Re])C([2Lu])([3Re])C([Re])([3Re])C1([Re])[1Re]
[Lu]C1CCC([Re])C([Re])([1Re])C1([1Lu])[1Re]
[Lu]C1([1Lu])C(=[Hf])CC([2Lu])CC1[3Lu]
[Lu]C1CCC([Re])C([Re])C1[1Lu]
[Lu]C1([Re])C([1Lu])CCCC1[Re]
[Lu]C1C([3Lu])C([2Lu])C([1Lu])([6Lu])CC1([4Lu])[5Lu]
[Lu]C1C([1Lu])C([2Re])C([1Re])([2Re])C([Re])([1Re])C1[Re]
[Lu]C1C([Re])C([Re])CC([1Re])C1([1Lu])[1Re]
[Lu]C1([4Lu])CC([1Lu])C([2Lu])CC1[3Lu]
[Lu]C1CC([Re])C([Re])C([1Re])C1([1Lu])[1Re]
[Lu]C1C([1Lu])CC([1Re])C([Re])([1Re])C1[Re]
[Lu]C1C([Re])C([3Lu])([Re])CCC1([1Lu])[2Lu]
[Lu]C1([1Lu])CC([W])([W])C([2Lu])C([1W])([1W])C1([3Lu])[4Lu]
[Lu]C1CCCC([W])([W])C1[1Lu]
[Lu]C1CCC([W])([W])CC1[1Lu]
[Lu]C1CCC([W])([W])C([1W])([1W])C1[1Lu]
[Lu]C1CC([W])([W])CC([1W])([1W])C1[1Lu]
[Lu]C1([1Lu])C([2Lu])C([5Lu])C([6Lu])([7Lu])C([3Lu])C1[4Lu]
[Lu]C1C([2Lu])CCC([3Lu])([4Lu])C1([1Lu])[5Lu]
[Lu]C1CC([1Lu])C(=[1Hf])C([2Lu])([3Lu])C1=[Hf]
[Lu]C1([2Lu])C([1Lu])CCCC1([3Lu])[4Lu]
[Lu]C1([Re])CC([1Lu])C([2Lu])([3Lu])C([4Lu])([5Lu])C1[Re]
[Lu]C1C([2Lu])C([3Lu])([4Lu])CCC1([1Lu])[5Lu]
[Lu]C1CC([3Lu])C([W])([W])CC1([1Lu])[2Lu]
[Lu]C1C([2Lu])([3Lu])CC([4Lu])CC1([1Lu])[5Lu]
[Lu]C1([2Lu])CCCCC1([1Lu])[3Lu]
[Lu]C1([1Lu])CC([6Lu])C([2Lu])([5Lu])CC1([3Lu])[4Lu]
[Lu]C1([2Lu])C([1Lu])CC([5Lu])CC1([3Lu])[4Lu]
[Lu]C1([2Lu])CCC([3Lu])C([4Lu])C1[1Lu]
[Lu]C1([2Lu])CCCC([3Lu])([4Lu])C1([1Lu])[5Lu]
[Lu]C1([2Lu])C([3Lu])CCC([4Lu])C1[1Lu]
[Lu]C1([1Lu])C(=[Hf])CC([4Lu])([5Lu])CC1([2Lu])[3Lu]
[Lu]C1([2Lu])C([1Lu])CC([6Lu])C([5Lu])C1([3Lu])[4Lu]
[Lu]C1CC([1Lu])C([2Lu])([5Lu])CC1([3Lu])[4Lu]
[Lu]C1CC(=[Hf])C(=[1Hf])C(=[2Hf])C1=[3Hf]
[Re]C1C([2Re])C([1Re])([2Re])C([1Re])C([3Re])C1([Re])[3Re]
[Lu]C1([2Lu])CC([3Lu])CCC1([1Lu])[4Lu]
[Lu]C1C([2Lu])([3Lu])C([4Lu])CC([5Lu])C1([1Lu])[6Lu]
[Lu]C1CC([1Lu])C([W])([W])C([2Lu])C1([3Lu])[4Lu]
[Lu]C1([Re])C([Re])C([4Lu])C([1Re])C([3Lu])([1Re])C1([1Lu])[2Lu]
[Lu]C1([2Lu])CC([3Lu])([4Lu])CCC1([1Lu])[5Lu]
[Lu]C1([2Lu])C([3Lu])CCC([4Lu])C1([1Lu])[5Lu]
[Lu]C1([2Lu])C([1Lu])CC([4Lu])([5Lu])CC1[3Lu]
[Lu]C1([2Lu])C([1Lu])CCC([5Lu])([6Lu])C1([3Lu])[4Lu]
[Lu]C1C([1Lu])CC([5Lu])C([4Lu])C1([2Lu])[3Lu]
[Lu]C1C([2Lu])([3Lu])CC([4Lu])([5Lu])CC1([1Lu])[6Lu]
[Lu]C1C([1Lu])C([6Lu])CC([4Lu])([5Lu])C1([2Lu])[3Lu]
[Lu]C1([1Lu])C([7Lu])([8Lu])C([5Lu])([6Lu])C([4Lu])C([2Lu])([3Lu])C1([W])[W]
[Lu]C1([Re])CCC([1Lu])C([2Lu])([3Lu])C1[Re]
[Lu]C1([2Lu])C([1Lu])CC([5Lu])([6Lu])CC1([3Lu])[4Lu]
[Lu]C1C([1Lu])C([7Lu])C([5Lu])([6Lu])C([3Lu])([4Lu])C1[2Lu]
[Lu]C1([1Lu])C([2Lu])C([3Lu])([4Lu])C([Re])C([5Lu])([Re])C1[6Lu]
[Lu]C1([1Lu])C([2Lu])C(=[Hf])CC([3Lu])C1[4Lu]
[Lu]C1C([2Lu])CC([1Lu])C([Re])C1[Re]
[Lu]C1([1Lu])CC([4Lu])C([2Lu])([3Lu])C([Re])C1[Re]
[Lu]C1C([1Lu])C(=[Hf])C(=[1Hf])C([2Lu])([3Lu])C1([4Lu])[5Lu]
[Lu]C1([2Lu])C([3Lu])([4Lu])C([5Lu])CC([6Lu])C1([1Lu])[7Lu]
[Lu]C1([2Re])C([1Lu])CC([Re])C([2Lu])([Re])C1([3Lu])[1Re]
[Lu]C1CC([Re])C([Re])([1Re])C([1Re])C1([1Lu])[2Lu]
[Lu]C1CC([Re])C([Re])CC1([1Lu])[2Lu]
[Lu]C1C([Re])C([Re])C([1Re])C([1Re])C1([1Lu])[2Lu]
[Lu]C1C([Re])C([Re])([1Re])C([1Re])CC1([1Lu])[2Lu]
[Lu]C1([Re])C([Re])C([1Re])C([1Re])CC1([1Lu])[2Lu]
[Lu]C1C([1Lu])([2Lu])CCCC1([W])[W]
[Lu]C1CC([W])([W])CC([1W])([1W])C1([1Lu])[2Lu]
[Lu]C1CCC([W])([W])CC1([1Lu])[2Lu]
[Lu]C1CCC([W])([W])C([1W])([1W])C1([1Lu])[2Lu]
[Lu]C1CCC([1Lu])([2Lu])C([3Lu])([Re])C1[Re]
[Lu]C1([3Lu])CC([4Lu])([5Lu])CC([6Lu])([7Lu])C1([1Lu])[2Lu]
[Lu]C1C([1Lu])([2Lu])C([3Lu])C([4Lu])([Re])C([5Lu])([Re])C1([6Lu])[7Lu]
[Lu]C1([3Lu])CC([4Lu])C([5Lu])CC1([1Lu])[2Lu]
[Lu]C1([3Lu])CC([4Lu])([5Lu])C([6Lu])([7Lu])CC1([1Lu])[2Lu]
[Lu]C1([Re])C([Re])C([1Re])C([1Lu])([1Re])C([2Lu])([3Lu])C1([4Lu])[5Lu]
[Lu]C1([Re])CCCCC1[Re]
[Lu]C1CCC([Re])C([Re])C1
[Lu]C1CC([1Re])C([1Re])C([Re])C1[Re]
[Lu]C1([1Re])CC([Re])C([Re])CC1[1Re]
[Lu]C1([Re])CCC([1Re])C([1Re])C1[Re]
[Lu]C1C([1Lu])C([2Lu])([1Re])C([1Re])C([Re])C1([3Lu])[Re]
[Lu]C1([Re])CCCC([1Re])C1([Re])[1Re]
[Lu]C1([Re])C([2Re])C([2Re])CC([1Re])C1([Re])[1Re]
[Lu]C1([Re])CCC([1Lu])C([1Re])C1([Re])[1Re]
[Lu]C1CC([W])([W])CC([1W])([1W])C1
[Lu]C1([1Lu])C([2Lu])C([3Lu])C([1W])([1W])C([4Lu])([5Lu])C1([W])[W]
[Lu]C1CCCC([W])([W])C1([1W])[1W]
[Lu]C1CCC([1W])([1W])CC1([W])[W]
[Lu]C1([1Lu])C([2Lu])C([3Lu])([Re])C([Re])([1Re])C([4Lu])([1Re])C1([5Lu])[6Lu]
[Lu]C1C([Re])C([Re])CC([3Lu])C1([1Lu])[2Lu]
[Lu]C1([Re])C([1Lu])([2Lu])C([3Lu])CC([1Re])C1([Re])[1Re]
[Lu]C1CCC([W])([W])C([3Lu])C1([1Lu])[2Lu]
[Lu]C1C([1Lu])([2Lu])C([3Lu])CC([1W])([1W])C1([W])[W]
[Lu]C1([1Lu])CC(=[Hf])C([3Lu])C([2Lu])C1
[Lu]C1([1Lu])CC([2Lu])([Re])C([Re])([1Re])C([3Lu])([1Re])C1
[Lu]C1([Re])C([5Lu])C([3Lu])([4Lu])C([2Lu])C([1Lu])([1Re])C1([Re])[1Re]
[Lu]C1C([3Lu])C([W])([W])C([1W])([1W])CC1([1Lu])[2Lu]
[Lu]C1([1Lu])CCC([4Lu])C([W])([W])C1([2Lu])[3Lu]
[Lu]C1CC([2Lu])([3Lu])C([Re])C([Re])C1[1Lu]
[Lu]C1([Re])C([Re])C([1Re])C([1Re])C([3Lu])C1([1Lu])[2Lu]
[Lu]C1([1Lu])CC([4Lu])([5Lu])C([2Lu])([3Lu])C([W])([W])C1
[Lu]C1([1Lu])C(=[Hf])C([2Lu])([3Lu])C([4Lu])C([5Lu])C1([6Lu])[7Lu]
[Lu]C1C([Re])C([Re])CC([3Lu])([4Lu])C1([1Lu])[2Lu]
[Lu]C1([Re])C([Re])CCC([3Lu])([4Lu])C1([1Lu])[2Lu]
[Lu]C1([Re])C([Re])C([1Re])C([1Re])C([3Lu])([4Lu])C1([1Lu])[2Lu]
[Lu]C1CC([W])([W])CC([3Lu])([4Lu])C1([1Lu])[2Lu]
[Lu]C1CC([Re])C([Re])([1Re])C([2Lu])([1Re])C1[1Lu]
[Lu]C1CCCC([2Lu])([Re])C1([1Lu])[Re]
[Lu]C1C([Re])C([Re])C([1Re])C([2Lu])([1Re])C1[1Lu]
[Lu]C1([Re])C([Re])CC([1Re])C([2Lu])([1Re])C1[1Lu]
[Lu]C1CC([Re])C([Re])C([2Lu])C1[1Lu]
[Lu]C1C([1Lu])C([2Lu])C([1Re])C([Re])([1Re])C1[Re]
[Lu]C1C([1Lu])C([2Lu])C([1W])([1W])CC1([W])[W]
[Lu]C1CC([W])([W])CC([2Lu])C1[1Lu]
[Lu]C1C([1Lu])C([2Lu])CCC1([W])[W]
[Lu]C1C(=[Hf])C([6Lu])C([4Lu])([5Lu])C([2Lu])([3Lu])C1[1Lu]
[Lu]C1CC([W])([W])C([1W])([1W])C([2Lu])C1[1Lu]
[Lu]C1CCC([1W])([1W])C([W])([W])C1
[Lu]C1([3Lu])CCCC([2Lu])([4Lu])C1[1Lu]
[Lu]C1C([Re])C([Re])CC([1Re])C1[1Re]
[Lu]C1([3Lu])C([4Lu])C([5Lu])([6Lu])C([7Lu])C([2Lu])([8Lu])C1[1Lu]
[Lu]C1([Re])C([1Lu])([2Lu])CC([1Re])C([3Lu])([1Re])C1([4Lu])[Re]
[Lu]C1([Re])CC([1Lu])([2Lu])C([3Lu])C([1Re])C1([Re])[1Re]
[Lu]C1([3Lu])CCCC([2Lu])C1[1Lu]
[Lu]C1C([1Lu])C([1Re])C([1Re])C([2Lu])([Re])C1[Re]
[Lu]C1C([W])([W])C([1Lu])CC([2Lu])([3Lu])C1([4Lu])[5Lu]
[Lu]C1CCC([3Lu])([4Lu])CC1([1Lu])[2Lu]
[Lu]C1C([Re])C([Re])CC([2Lu])([3Lu])C1[1Lu]
[Lu]C1([1Re])CC([Re])C([Re])C([2Lu])([3Lu])C1([1Lu])[1Re]
[Lu]C1CC([Re])C([Re])C([2Lu])([3Lu])C1[1Lu]
[Lu]C1CC([W])([W])C([1W])([1W])C([2Lu])([3Lu])C1[1Lu]
[Lu]C1([4Lu])CC([5Lu])([6Lu])C([7Lu])C([2Lu])([3Lu])C1[1Lu]
[Lu]C1CC([1Lu])([2Lu])C(=[Hf])C([3Lu])([4Lu])C1([5Lu])[6Lu]
[Lu]C1CC([1Lu])([2Lu])CC([3Lu])C1([W])[W]
[Lu]C1([1Lu])C([2Lu])C([3Lu])C([4Lu])C([5Lu])C1([W])[W]
[Lu]C1CC([1Lu])CC([Re])C1[Re]
[Lu]C1CC(=[Hf])CC([1Lu])C1[2Lu]
[Lu]C1C(=[Hf])CCC([1Lu])C1[2Lu]
[Lu]C1C(=[Hf])C(=[1Hf])CC([1Lu])C1[2Lu]
[Lu]C1C(=[Hf])C(=[1Hf])C(=[2Hf])C([1Lu])C1[2Lu]
[Lu]C1([1Lu])C([2Lu])C([Re])C([Re])C([3Lu])C1([4Lu])[5Lu]
[Lu]C1CC(=[1Hf])C(=[2Hf])CC1=[Hf]
[Lu]C1CC([3Lu])([4Lu])CC([1Lu])C1[2Lu]
[Lu]C1([1Lu])CC(=[Hf])C(=[1Hf])C([2Lu])([3Lu])C1[4Lu]
[Lu]C1([Re])CCC([1Lu])([1Re])C([1Re])([2Re])C1([Re])[2Re]
[Lu]C1C([1Lu])C([2Lu])C([3Lu])([4Lu])CC1([W])[W]
[Lu]C1CC([W])([W])C([1W])([1W])CC1([1Lu])[2Lu]
[Lu]C1CC([W])([W])C([1Lu])([2Lu])C([1W])([1W])C1[3Lu]
[Lu]C1C([1Lu])C([Re])C([Re])C([2Lu])C1([3Lu])[4Lu]
[Lu]C1([1Lu])CC([2Lu])C([1W])([1W])C([3Lu])([4Lu])C1([W])[W]
[Lu]C1([1Lu])C(=[Hf])C([2Lu])C([3Lu])([4Lu])C(=[1Hf])C1([5Lu])[6Lu]
[Lu]C1C([6Lu])C([4Lu])([5Lu])C([2Lu])([3Lu])C([W])([W])C1[1Lu]
[Lu]C1([1Lu])C([2Lu])C([3Lu])C([4Lu])([5Lu])C([6Lu])([Re])C1[Re]
[Lu]C1([Re])C([Re])CC([1Re])C([1Lu])([1Re])C1([2Lu])[3Lu]
[Lu]C1CC([W])([W])CC([1Lu])C1([2Lu])[3Lu]
[Lu]C1C(=[Hf])CC([1Lu])C(=[1Hf])C1[2Lu]
[Lu]C1C([W])([W])CC([1W])([1W])C([1Lu])C1([2Lu])[3Lu]
[Lu]C1CC(=[Hf])C(=[1Hf])C([1Lu])C1([2Lu])[3Lu]
[Lu]C1C(=[Hf])CC(=[1Hf])C([1Lu])C1([2Lu])[3Lu]
[Lu]C1CCCC([W])([W])C1([1Lu])[2Lu]
[Lu]C1CC([2Lu])([1Re])C([1Lu])([1Re])C([Re])C1[Re]
[Lu]C1([1Lu])CCC([W])([W])C([2Lu])C1
[Lu]C1CC([1Lu])([2Lu])C(=[1Hf])CC1=[Hf]
[Lu]C1C(=[Hf])CCCC1([1Lu])[2Lu]
[Lu]C1([1Lu])C([2Lu])C([3Lu])([Re])C([Re])C([4Lu])([5Lu])C1([6Lu])[7Lu]
[Lu]C1CC([4Lu])CC([1Lu])C1([2Lu])[3Lu]
[Lu]C1([1Lu])C([Re])C([6Lu])([Re])C([5Lu])([1Re])C([4Lu])([2Re])C1([2Lu])[3Lu]
[Lu]C1C(=[Hf])CC([1Lu])([2Lu])C([3Lu])C1=[1Hf]
[Lu]C1([Re])CC([1Lu])([1Re])C([1Re])CC1[Re]
[Lu]C1CCCC([1Lu])([Re])C1[Re]
[Lu]C1([Re])C([Re])C([1Re])C([1Re])C([1Lu])([2Re])C1[2Re]
[Lu]C1([Re])CC([1Lu])CC([1Re])C1([Re])[1Re]
[Lu]C1([Re])C([Re])C([1Re])C([1Re])([2Re])C([1Lu])([2Re])C1([3Re])[4Re]
[Lu]C1([2Lu])CCCC([1Lu])C1
[Lu]C1([Re])C([Re])CCC([1Lu])C1[2Lu]
[Lu]C1([1Re])C([Re])C([Re])CC([1Lu])C1([2Lu])[1Re]
[Lu]C1([Re])C([Re])C([1Lu])C([2Lu])([3Lu])C([4Lu])([1Re])C1([5Lu])[1Re]
[Lu]C1([2Re])C([1Lu])([Re])C([Re])([1Re])C([1Re])C([2Lu])([3Lu])C1([4Lu])[2Re]
[Lu]C1C([2Lu])C([3Lu])C([4Lu])C([1Lu])C1[5Lu]
[Lu]C1([2Lu])CCC([3Lu])([4Lu])C([1Lu])C1
[Lu]C1([Re])CC([2Lu])C([1Lu])([1Re])C([1Re])C1[Re]
[Lu]C1C([4Lu])C([3Lu])CC(=[Hf])C1([1Lu])[2Lu]
[Lu]C1([1Lu])CC([W])([W])C([2Lu])([3Lu])CC1([1W])[1W]
[Lu]C1([1Lu])C([2Lu])C(=[Hf])C([3Lu])([4Lu])C(=[1Hf])C1([5Lu])[6Lu]
[Lu]C1([2Lu])CCCC([1Lu])([3Lu])C1
[Hf]=C1C(=[1Hf])CC(=[2Hf])C([1W])([1W])C1([W])[W]
[Lu]C1CCC(=[2Hf])C(=[1Hf])C1=[Hf]
[Lu]C1([1Lu])CC([5Lu])([6Lu])C([3Lu])([4Lu])C([2Lu])C1([W])[W]
[Lu]C1CCC([3Lu])C([1Lu])C1[2Lu]
[Lu]C1([Re])C([3Lu])C([1Lu])([2Lu])CC([1Re])C1([Re])[1Re]
[Lu]C1C(=[Hf])CCC([1Lu])C1=[1Hf]
[Lu]C1([Re])C([Re])CCC([1Lu])([2Lu])C1[3Lu]
[Lu]C1([1Re])C([Re])C([Re])CC([1Lu])([2Lu])C1([3Lu])[1Re]
[Lu]C1([Re])C([Re])C([1Re])C([1Re])C([1Lu])([2Lu])C1[3Lu]
[Lu]C1C(=[Hf])CC(=[1Hf])C([1Lu])([2Lu])C1[3Lu]
[Lu]C1CC(=[Hf])CC([1Lu])([2Lu])C1[3Lu]
[Lu]C1C([1Lu])C([2W])([2W])CC([1W])([1W])C1([W])[W]
[Lu]C1CC([W])([W])C([1Lu])CC1[2Lu]
[Lu]C1([1Lu])CC(=[Hf])C([5Lu])([6Lu])C([3Lu])([4Lu])C1[2Lu]
[Lu]C1([Re])C([Re])([1Re])C([1Re])CC([1Lu])([2Lu])C1([3Lu])[4Lu]
[Lu]C1C([Re])C([Re])([1Re])C([1Re])C([1Lu])([2Lu])C1([3Lu])[4Lu]
[Lu]C1C([3Lu])([4Lu])C([1Lu])([2Lu])CC([1W])([1W])C1([W])[W]
[Lu]C1C([W])([W])CCC([1Lu])([2Lu])C1([3Lu])[4Lu]
[Lu]C1CC([W])([W])C([1W])([1W])C([1Lu])([2Lu])C1([3Lu])[4Lu]
[Lu]C1C(=[Hf])CC(=[1Hf])C([1Lu])([2Lu])C1([3Lu])[4Lu]
[Lu]C1CC(=[Hf])C(=[1Hf])C([1Lu])([2Lu])C1([3Lu])[4Lu]
[Lu]C1C(=[Hf])C(=[1Hf])CC([1Lu])([2Lu])C1([3Lu])[4Lu]
[Lu]C1([1Lu])CC([5Lu])([6Lu])C([4Lu])C([2Lu])([3Lu])C1=[Hf]
[Lu]C1C([1Lu])([2Lu])C(=[Hf])C(=[1Hf])C([3Lu])([4Lu])C1([5Lu])[6Lu]
[Lu]C1([1Lu])C(=[Hf])C(=[3Hf])C(=[2Hf])C(=[1Hf])C1([2Lu])[3Lu]
[Lu]C1([Re])CC([1Lu])([2Lu])C([1Re])C([1Re])C1[Re]
[Hf]=C1C([W])([W])CC(=[1Hf])C(=[2Hf])C1([1W])[1W]
[Lu]C1([Re])CC([1Lu])([2Lu])CCC1[Re]
[Lu]C1CC([Re])C([Re])C([1Lu])([2Lu])C1
[Lu]C1([1Re])CC([Re])C([Re])C([1Lu])([2Lu])C1[1Re]
[Lu]C1([Re])CC([1Lu])([2Lu])CC([1Re])C1([Re])[1Re]
[Lu]C1([2Re])C([2Re])C([1Lu])([2Lu])C([1Re])C([Re])([1Re])C1[Re]
[Lu]C1CCC([W])([W])C([1Lu])([2Lu])C1
[Lu]C1CC([1Lu])([2Lu])CC([W])([W])C1
[Lu]C1([1Lu])C([2Lu])C([3Lu])C([4Lu])([Re])C([Re])C1[5Lu]
[Lu]C1C(=[Hf])CCC([1Lu])([2Lu])C1=[1Hf]
[Lu]C1C(=[Hf])CC(=[1Hf])C([1Lu])([2Lu])C1=[2Hf]
[Lu]C1([3Lu])CC([1Lu])([2Lu])CC([4Lu])([5Lu])C1
[Lu]C1([Re])C([1Lu])CC([2Lu])CC1([3Lu])[Re]
[Lu]C1C(=[Hf])C([1Lu])([2Lu])C([3Lu])C([4Lu])([5Lu])C1=[1Hf]
[Lu]C1C([1Lu])CC([2Lu])([1Re])C([Re])([1Re])C1[Re]
[Lu]C1C(=[Hf])C([3Lu])CC([1Lu])([2Lu])C1=[1Hf]
[Lu]C1C([Re])C([Re])([1Re])C([5Lu])([1Re])C([3Lu])([4Lu])C1([1Lu])[2Lu]
[Lu]C1CC(=[Hf])CC(=[2Hf])C1=[1Hf]
[Lu]C1([Re])C([Re])CC([5Lu])C([3Lu])([4Lu])C1([1Lu])[2Lu]
[Lu]C1C(=[Hf])CC([5Lu])C([3Lu])([4Lu])C1([1Lu])[2Lu]
[Lu]C1C([4Lu])C([3Lu])([1Re])C([2Lu])([1Re])C([Re])C1([1Lu])[Re]
[Lu]C1C([1Lu])([2Lu])C([3Lu])([4Lu])C([5Lu])C([1W])([1W])C1([W])[W]
[Lu]C1C([Re])C([Re])C([5Lu])([6Lu])C([3Lu])([4Lu])C1([1Lu])[2Lu]
[Lu]C1CC([W])([W])C([5Lu])([6Lu])C([3Lu])([4Lu])C1([1Lu])[2Lu]
[Lu]C1CC([4Lu])C([W])([W])C([2Lu])([3Lu])C1[1Lu]
[Lu]C1([1Lu])C([Re])C([4Lu])([Re])CCC1([2Lu])[3Lu]
[Lu]C1([Re])C([1Lu])([2Lu])C([3Lu])C([4Lu])C([1Re])C1([Re])[1Re]
[Lu]C1CC([1Lu])C([W])([W])C([2Lu])([3Lu])C1([4Lu])[5Lu]
[Lu]C1([Re])C([Re])C([1Re])C([4Lu])([1Re])C([3Lu])C1([1Lu])[2Lu]
[Lu]C1C([1Lu])C([1W])([1W])C([2Lu])CC1([W])[W]
[Lu]C1C([1Lu])([2Lu])C([3Lu])C([4Lu])C([1W])([1W])C1([W])[W]
[Lu]C1([Re])CCC([4Lu])C([2Lu])([3Lu])C1([1Lu])[Re]
[Lu]C1C([1Lu])C([2Lu])C([3Lu])C([4Lu])([Re])C1([5Lu])[Re]
[Lu]C1CC([W])([W])C([4Lu])C([2Lu])([3Lu])C1[1Lu]
[Lu]C1([1Lu])C([6Lu])C([4Lu])([5Lu])C([W])([W])CC1([2Lu])[3Lu]
[Lu]C1C([Re])C([Re])C([4Lu])([5Lu])C([3Lu])C1([1Lu])[2Lu]
[Lu]C1C([W])([W])CC([4Lu])([5Lu])C([3Lu])C1([1Lu])[2Lu]
[Lu]C1([1Lu])C(=[Hf])CC(=[1Hf])C(=[2Hf])C1=[3Hf]
[Lu]C1C([Re])C([Re])C([4Lu])([5Lu])C([2Lu])([3Lu])C1[1Lu]
[Lu]C1C([1Lu])C([2Lu])([3Lu])C([4Lu])([5Lu])C([1W])([1W])C1([W])[W]
[Lu]C1CC([1Lu])C([2Lu])C([1W])([1W])C1([W])[W]
[Lu]C1CC([Re])C([3Lu])([Re])CC1([1Lu])[2Lu]
[Lu]C1C([Re])C([Re])C([3Lu])([1Re])C([1Re])C1([1Lu])[2Lu]
[Lu]C1([Re])C([Re])C([1Re])C([3Lu])([1Re])CC1([1Lu])[2Lu]
[Lu]C1CC([W])([W])C([3Lu])CC1([1Lu])[2Lu]
[Lu]C1([Re])C([Re])C([5Lu])([6Lu])C([3Lu])([4Lu])CC1([1Lu])[2Lu]
[Hf]=C1CC(=[1Hf])CC(=[2Hf])C1([W])[W]
[Lu]C1([1Lu])CCC([2Lu])([3Lu])C([4Lu])([Re])C1([5Lu])[Re]
[Lu]C1([Re])C([Re])CC([3Lu])C([2Lu])C1[1Lu]
[Lu]C1([Re])CCC([3Lu])C([2Lu])C1([1Lu])[Re]
[Lu]C1CC([W])([W])C([1W])([1W])CC1[1Lu]
[Lu]C1C([6Lu])C([4Lu])([5Lu])C([3Lu])C(=[Hf])C1([1Lu])[2Lu]
[Lu]C1([Re])CC([1Lu])([1Re])C([2Lu])([1Re])C([3Lu])C1([4Lu])[Re]
[Lu]C1([1Lu])CCC([W])([W])CC1[2Lu]
[Lu]C1C([Re])C([Re])C([3Lu])C([2Lu])([1Re])C1([1Lu])[1Re]
[Lu]C1CC([1Lu])([2Lu])CC([Re])C1[Re]
[Lu]C1([1Re])C([Re])C([Re])C([3Lu])C([2Lu])C1([1Lu])[1Re]
[Lu]C1([Re])CC([1Lu])CC([2Lu])([3Lu])C1[Re]
[Lu]C1([Re])C([Re])([1Re])C([1Re])([2Re])C([3Lu])([2Re])C([2Lu])([3Re])C1([1Lu])[3Re]
[Lu]C1([1Lu])CCC([4Lu])([5Lu])C([2Lu])([3Lu])C1=[Hf]
[Lu]C1CC([W])([W])C([3Lu])C([2Lu])C1[1Lu]
[Lu]C1([1Lu])C(=[Hf])C(=[3Hf])C(=[2Hf])C([2Lu])([3Lu])C1=[1Hf]
[Hf]=C1CC([W])([W])CCC1([1W])[1W]
[Lu]C1C(=[Hf])C(=[1Hf])C([1Lu])([2Lu])C([3Lu])C1=[2Hf]
[Lu]C1CC([1Lu])([2Lu])C([3Lu])C([Re])C1[Re]
[Lu]C1CC([Re])C([3Lu])([Re])C([1Lu])([2Lu])C1
[Lu]C1C([Re])C([Re])C([3Lu])([4Lu])CC1([1Lu])[2Lu]
[Lu]C1C(=[Hf])C(=[1Hf])C([5Lu])C([3Lu])([4Lu])C1([1Lu])[2Lu]
[Lu]C1CC([W])([W])C([3Lu])([4Lu])CC1([1Lu])[2Lu]
[Lu]C1CCC([3Lu])([4Lu])C([W])([W])C1([1Lu])[2Lu]
[Lu]C1C([7Lu])([8Lu])C([5Lu])([6Lu])C([3Lu])([4Lu])C([1Lu])([2Lu])C1([W])[W]
[Lu]C1C([W])([W])CC([3Lu])C([1Lu])([2Lu])C1([1W])[1W]
[Lu]C1([1Lu])CCC([2Lu])([3Lu])CC1([W])[W]
[Lu]C1([Re])CCC([3Lu])([4Lu])C([2Lu])C1([1Lu])[Re]
[Lu]C1C([1Lu])C([2Lu])C([3Lu])([4Lu])C([Re])C1[Re]
[Lu]C1([1Re])C([Re])C([Re])C([3Lu])([4Lu])C([2Lu])C1([1Lu])[1Re]
[Lu]C1([Re])C([1Lu])C([2Lu])C([3Lu])([4Lu])C([1Re])C1([Re])[1Re]
[Lu]C1C([1Lu])C([2Lu])C([3Lu])([4Lu])C([1W])([1W])C1([W])[W]
[Lu]C1CC([1W])([1W])C([1Lu])([2Lu])C([3Lu])C1([W])[W]
[Lu]C1CC([1Lu])([2Lu])C([3Lu])([4Lu])C([Re])C1[Re]
[Lu]C1([1Re])C([Re])C([Re])C([3Lu])([4Lu])C([1Lu])([2Lu])C1[1Re]
[Lu]C1CC([1Lu])([2Lu])C([3Lu])([4Lu])C([W])([W])C1
[Lu]C1CC([1Lu])([2Lu])C([3Lu])([4Lu])CC1([W])[W]
[Lu]C1([1Re])C([1Lu])([2Lu])C([3Lu])([4Lu])C([5Lu])([2Re])C([Re])([2Re])C1([Re])[1Re]
[Lu]C1([1Lu])C([2Lu])C([3Lu])([4Lu])CC([5Lu])([6Lu])C1([W])[W]
[Lu]C1([1Lu])CC([Re])C([2Lu])([Re])C([1Re])C1([3Lu])[1Re]
[Lu]C1CCC([2Lu])([Re])C([Re])C1[1Lu]
[Lu]C1([1Lu])CC([Re])C([Re])C([2Lu])([1Re])C1[1Re]
[Lu]C1([Re])CCC([2Lu])CC1([1Lu])[Re]
[Lu]C1C(=[Hf])CC([2Lu])C([1Lu])C1=[1Hf]
[Lu]C1([Re])C([4Lu])C([2Lu])([3Lu])C([1Re])C([1Lu])([1Re])C1[Re]
[Lu]C1([1Lu])CC(=[Hf])CC(=[2Hf])C1=[1Hf]
[Lu]C1CCC([2Lu])C([Re])C1([1Lu])[Re]
[Lu]C1C(=[Hf])C([1Lu])([2Lu])C([3Lu])([4Lu])CC1([5Lu])[6Lu]
[Lu]C1([4Re])C([Re])C([Re])([1Re])C([2Lu])([1Re])C([2Re])([3Re])C1([1Lu])[3Re]
[Lu]C1([1Re])C([4Lu])C([Re])C([Re])C([2Lu])([3Lu])C1([1Lu])[1Re]
[Lu]C1CC([W])([W])C([2Lu])C([1W])([1W])C1[1Lu]
[Lu]C1([1Lu])CC([2Lu])([3Lu])CC([4Lu])C1([W])[W]
[Lu]C1([3Lu])CCC([2Lu])CC1[1Lu]
[Lu]C1CC([4Lu])([5Lu])C([Re])C([3Lu])([Re])C1([1Lu])[2Lu]
[Lu]C1([1Lu])C(=[Hf])C([2Lu])([3Lu])C([4Lu])([5Lu])C([6Lu])([7Lu])C1=[1Hf]
[Lu]C1CC([1Lu])C([2Lu])([Re])C([Re])C1
[Lu]C1CC([3Lu])C([1Lu])CC1[2Lu]
[Hf]=C1C(=[2Hf])C(=[1Hf])CCC1=[3Hf]
[Lu]C1([2Re])C([2Re])C([2Lu])C([1Lu])([1Re])C([Re])([1Re])C1[Re]
[Lu]C1([Re])C([Re])CC([2Lu])C([1Lu])([1Re])C1[1Re]
[Lu]C1([Re])C([1Lu])C([2Lu])([3Lu])CC([4Lu])([1Re])C1([Re])[1Re]
[Lu]C1([Re])CC([1Lu])C([2Lu])CC1[Re]
[Lu]C1CCC([2Lu])C([1Lu])C1([W])[W]
[Lu]C1CCC([2Lu])C([1Lu])([3Lu])C1
[Lu]C1([1Lu])C(=[Hf])CC(=[1Hf])CC1=[2Hf]
[Lu]C1([1Lu])C([5Lu])([6Lu])C([1W])([1W])C([4Lu])C([2Lu])([3Lu])C1([W])[W]
[Lu]C1CCC([1Lu])([2Lu])C([3Lu])([Re])C1([4Lu])[Re]
[Lu]C1CC([2Lu])([5Lu])C([1Lu])CC1([3Lu])[4Lu]
[Lu]C1([1Lu])C(=[Hf])CC([2Lu])([3Lu])C([4Lu])([5Lu])C1[6Lu]
[Lu]C1([1Lu])C([4Lu])([5Lu])CCC([3Lu])([Re])C1([2Lu])[Re]
[Lu]C1([1Lu])C([4Lu])C([2Lu])([3Lu])CC([1W])([1W])C1([W])[W]
[Lu]C1([Re])CC([1Lu])([2Lu])C([3Lu])([4Lu])C([5Lu])C1[Re]
[Lu]C1CCCC([1Lu])C1([W])[W]
[Lu]C1([1Lu])C([2Lu])CCCC1[3Lu]
[Lu]C1CCC([2Lu])([3Lu])C([Re])C1([1Lu])[Re]
[Lu]C1([Re])C([1Lu])CC([2Lu])([3Lu])C([1Re])C1([Re])[1Re]
[Lu]C1C([1Lu])CC([2Lu])([3Lu])CC1([W])[W]
[Lu]C1CC([W])([W])C([2Lu])([3Lu])CC1[1Lu]
[Hf]=C1CCCC([1W])([1W])C1([W])[W]
[Lu]C1C([1Lu])([2Lu])C([W])([W])C([1W])([1W])C([3Lu])([4Lu])C1([5Lu])[6Lu]
[Lu]C1CC([3Lu])([4Lu])C(=[Hf])C(=[1Hf])C1([1Lu])[2Lu]
[Lu]C1CC([1Lu])C(=[Hf])C([2Lu])([3Lu])C1([4Lu])[5Lu]
[Lu]C1CC([1Lu])C([2Lu])([3Lu])C([Re])C1[Re]
[Lu]C1([1Re])C([Re])C([Re])C([2Lu])([3Lu])C([1Lu])C1[1Re]
[Lu]C1([Re])CC([1Lu])C([2Lu])([3Lu])C([1Re])C1([Re])[1Re]
[Lu]C1([1Re])C([5Lu])([Re])C([4Lu])([Re])CC([2Lu])([3Lu])C1([1Lu])[1Re]
[Lu]C1CCC([2Lu])([3Lu])C([1Lu])C1=[Hf]
[Lu]C1([Re])C([1Lu])([Re])C([2Lu])([1Re])C([3Lu])([4Lu])C([5Lu])([6Lu])C1([7Lu])[2Re]
[Lu]C1([Re])C([1Lu])([2Lu])C([3Lu])([2Re])C([4Lu])([2Re])C([5Lu])([1Re])C1([Re])[1Re]
[Lu]C1CC(=[Hf])C([1Lu])CC1([2Lu])[3Lu]
[Lu]C1([2Lu])CC([1Lu])CC([3Lu])C1
[Lu]C1([3Re])CC([Re])C([1Lu])([Re])C([1Re])([2Re])C1([2Lu])[2Re]
[Lu]C1C(=[Hf])C([2Lu])([3Lu])CC(=[1Hf])C1[1Lu]
[Lu]C1C(=[Hf])C(=[1Hf])C(=[2Hf])C([1Lu])C1=[3Hf]
[Lu]C1C(=[Hf])C(=[1Hf])C([1Lu])CC1[2Lu]
[Lu]C1([Re])C([Re])CC([3Lu])([4Lu])CC1([1Lu])[2Lu]
[Lu]C1([4Lu])CC([3Lu])CC([1Lu])([2Lu])C1
[Hf]=C1C([Re])C([Re])CC([1Re])C1[1Re]
[Lu]C1([1Lu])CCC([2Lu])([3Lu])C(=[Hf])C1[4Lu]
[Lu]C1C(=[Hf])C([1Lu])([2Lu])C(=[1Hf])C([3Lu])C1([4Lu])[5Lu]
[Lu]C1([1Lu])CC(=[Hf])C([4Lu])C(=[1Hf])C1([2Lu])[3Lu]
[Lu]C1([1Lu])C(=[Hf])CCC(=[1Hf])C1[2Lu]
[Lu]C1([Re])C([2Lu])([3Lu])CC([1Lu])C([1Re])C1([Re])[1Re]
[Lu]C1CCC([1Lu])C([W])([W])C1([2Lu])[3Lu]
[Lu]C1CCC([1Lu])C(=[Hf])C1([2Lu])[3Lu]
[Lu]C1C([1Lu])C([2Lu])C([3Lu])([4Lu])C([Re])C1([5Lu])[Re]
[Lu]C1([1Lu])C([W])([W])C([2Lu])C([3Lu])C([4Lu])C1([1W])[1W]
[Lu]C1C(=[Hf])C([1Lu])CC(=[1Hf])C1([2Lu])[3Lu]
[Lu]C1([Re])C([Re])C([1Lu])CC([2Lu])([3Lu])C1([4Lu])[5Lu]
[Lu]C1([1Re])CC([Re])C([1Lu])([Re])CC1[1Re]
[Lu]C1([1Re])C([1Re])CC([1Lu])C([Re])C1[Re]
[Lu]C1([Re])CC([1Lu])([2Lu])C([3Lu])([4Lu])C([1Re])C1([Re])[1Re]
[Lu]C1CCC([1Lu])([Re])C([Re])C1
[Lu]C1CCC([1Lu])C([Re])C1[Re]
[Lu]C1([3Re])C([Re])C([Re])C([1Lu])([1Re])C([1Re])([2Re])C1([2Re])[3Re]
[Lu]C1C(=[Hf])C([3Lu])([4Lu])C(=[2Hf])C(=[1Hf])C1([1Lu])[2Lu]
[Lu]C1([Re])C([3Re])C([2Re])([3Re])C([1Lu])([2Re])C([1Re])C1([Re])[1Re]
[Lu]C1([1Lu])C([8Lu])([Re])C([Re])C([6Lu])([7Lu])C([4Lu])([5Lu])C1([2Lu])[3Lu]
[Lu]C1CCC([1Lu])C([W])([W])C1
[Lu]C1CC([W])([W])C([1Lu])CC1([1W])[1W]
[Lu]C1CC(=[2Hf])C(=[1Hf])C([1Lu])([2Lu])C1=[Hf]
[Lu]C1C(=[Hf])CC([1Lu])CC1=[1Hf]
[Lu]C1C([4Lu])([5Lu])C([2Lu])([3Lu])C([1Re])C([Re])([1Re])C1([1Lu])[Re]
[Lu]C1CCC([1Lu])C(=[Hf])C1=[1Hf]
[Hf]=C1CC(=[1Hf])C([Re])C([Re])C1=[2Hf]
[Lu]C1([1Lu])CC([2Lu])([3Lu])C([1Re])C([Re])([1Re])C1[Re]
[Lu]C1C([2Lu])([3Lu])CC([1Lu])CC1([W])[W]
[Lu]C1C([2Lu])CC([1Lu])CC1[3Lu]
[Lu]C1([2Lu])CCC([1Lu])CC1
[Lu]C1([1Lu])C([7Lu])C([5Lu])([6Lu])C(=[Hf])C([4Lu])C1([2Lu])[3Lu]
[Lu]C1CC([W])([W])C([4Lu])([5Lu])C([3Lu])C1([1Lu])[2Lu]
[Lu]C1([Re])CC([1Lu])CC([2Lu])([1Re])C1([Re])[1Re]
[Lu]C1([2Lu])CCC([1Lu])([3Lu])CC1
[Lu]C1([Re])CC([3Lu])C([1Lu])([2Lu])CC1[Re]
[Lu]C1([1Lu])CCC([Re])C([Re])C1
[Lu]C1C([1Lu])CC([W])([W])CC1([2Lu])[3Lu]
[Lu]C1C([4Lu])C([3Lu])C([2Lu])C([Re])C1([1Lu])[Re]
[Lu]C1CC(=[Hf])C([1Lu])C(=[1Hf])C1([2Lu])[3Lu]
[Lu]C1CC([Re])C([4Lu])([Re])C([2Lu])([3Lu])C1[1Lu]
[Lu]C1CC([3Lu])C([2Lu])C([1Lu])C1([W])[W]
[Lu]C1C([5Lu])C([3Lu])([4Lu])C(=[Hf])CC1([1Lu])[2Lu]
[Lu]C1C([Re])C([Re])C([4Lu])([1Re])C([3Lu])([1Re])C1([1Lu])[2Lu]
[Lu]C1C([3Lu])C([2Lu])C([1Lu])C([Re])C1[Re]
[Lu]C1([Re])C([Re])C([1Lu])([1Re])C([1Re])C([2Lu])([3Lu])C1([4Lu])[5Lu]
[Lu]C1CC(=[Hf])C([1Lu])C([2Lu])C1[3Lu]
[Lu]C1C(=[Hf])C(=[1Hf])C([1Lu])C([2Lu])C1[3Lu]
[Lu]C1([1Lu])C(=[Hf])C(=[3Hf])C(=[2Hf])C([2Lu])C1=[1Hf]
[Lu]C1CCC(=[Hf])CC1=[1Hf]
[Lu]C1C([Re])C([Re])([1Re])C([1Lu])([1Re])C([2Lu])C1([3Lu])[4Lu]
[Lu]C1C(=[Hf])C(=[1Hf])C([1Lu])C([2Lu])C1([3Lu])[4Lu]
[Lu]C1([1Re])CC([4Lu])([Re])C([3Lu])([Re])C([1Lu])([2Lu])C1[1Re]
[Lu]C1([1Lu])C(=[Hf])C([3Lu])([4Lu])C(=[1Hf])CC1[2Lu]
[Lu]C1([1Lu])C([2Lu])([3Lu])C([4Lu])([5Lu])CC([6Lu])([7Lu])C1([W])[W]
[Lu]C1CC([4Lu])C(=[Hf])C([2Lu])([3Lu])C1[1Lu]
[Lu]C1CC(=[Hf])C([1Lu])C([2Lu])C1
[Lu]C1([3Lu])CCC([1Lu])C([2Lu])C1
[Lu]C1([1Lu])C([5Lu])C([4Lu])C(=[Hf])CC1([2Lu])[3Lu]
[Lu]C1([Re])CC([3Lu])([4Lu])C([1Lu])([2Lu])CC1[Re]
[Lu]C1([Re])C([Re])CCCC1([1Lu])[2Lu]
[Lu]C1C([5Lu])C([4Lu])([Re])C([Re])([1Re])C([3Lu])([1Re])C1([1Lu])[2Lu]
[W]C1([W])CC([1W])([1W])CC([Re])C1[Re]
[Lu]C1C([1Lu])([2Lu])CCC([3Lu])([4Lu])C1([W])[W]
[Lu]C1([1Re])CC([Re])C([1Lu])([Re])C([2Lu])([3Lu])C1([4Lu])[1Re]
[Lu]C1([Re])C([1Lu])([2Lu])C([3Lu])C([4Lu])([5Lu])C([1Re])C1([Re])[1Re]
[Lu]C1C(=[Hf])CC([1Lu])C([2Lu])([3Lu])C1[4Lu]
[Lu]C1([1Lu])C([5Lu])CC([3Lu])([4Lu])C([W])([W])C1[2Lu]
[Lu]C1C([1Lu])C([2Lu])C([3Lu])C([1W])([1W])C1([W])[W]
[Lu]C1CC([W])([W])C([1Lu])C([2Lu])([3Lu])C1([4Lu])[5Lu]
[Lu]C1([1Lu])C(=[Hf])C(=[2Hf])C([4Lu])([5Lu])C(=[1Hf])C1([2Lu])[3Lu]
[Lu]C1CC(=[Hf])C([1Lu])C([2Lu])([3Lu])C1
[Lu]C1C(=[Hf])C(=[1Hf])C([1Lu])C([2Lu])([3Lu])C1=[2Hf]
[Lu]C1([Re])C([1Lu])C([2Lu])([3Lu])CC([4Lu])([5Lu])C1[Re]
[Lu]C1C([1Lu])C([2Lu])([3Lu])C([4Lu])C([5Lu])C1([W])[W]
[Lu]C1([1Lu])C([W])([W])C([2Lu])([3Lu])C([4Lu])C([5Lu])([6Lu])C1([1W])[1W]
[Lu]C1C(=[Hf])C([1Lu])([2Lu])C([3Lu])([4Lu])C([5Lu])C1([6Lu])[7Lu]
[Lu]C1([Re])CCC([1Lu])([2Lu])CC1([3Lu])[Re]
[Lu]C1C([Re])C([Re])C([1Lu])([2Lu])C([1Re])C1([3Lu])[1Re]
[Lu]C1CCC([1Lu])([2Lu])C([W])([W])C1[3Lu]
[Lu]C1C([3Lu])C([1W])([1W])C([1Lu])([2Lu])CC1([W])[W]
[Lu]C1CCC([1Lu])([2Lu])C(=[Hf])C1[3Lu]
[Lu]C1C([5Lu])([6Lu])C([4Lu])C([3Lu])C([1Lu])([2Lu])C1([W])[W]
[Lu]C1CC(=[Hf])C([1Lu])([2Lu])CC1[3Lu]
[Lu]C1C(=[Hf])C(=[1Hf])C([1Lu])([2Lu])C(=[2Hf])C1[3Lu]
[Lu]C1C(=[Hf])C(=[1Hf])C(=[2Hf])C(=[3Hf])C1=[4Hf]
[Hf]=C1C(=[2Hf])C(=[1Hf])C([1Re])C([Re])([1Re])C1[Re]
[Lu]C1CC([1Lu])C([2Lu])([3Lu])C([1W])([1W])C1([W])[W]
[Lu]C1([Re])C([3Lu])([4Lu])CC([1Lu])([2Lu])C([1Re])C1([Re])[1Re]
[Lu]C1CC([W])([W])C([1Lu])([2Lu])C([1W])([1W])C1([3Lu])[4Lu]
[Lu]C1CCC([1Lu])([2Lu])C(=[Hf])C1([3Lu])[4Lu]
[Lu]C1C(=[Hf])C(=[1Hf])C([1Lu])([2Lu])C(=[2Hf])C1([3Lu])[4Lu]
[Lu]C1C(=[Hf])CC([1Lu])([2Lu])C(=[1Hf])C1([3Lu])[4Lu]
[Lu]C1CCC([Re])C([1Lu])([Re])C1
[Lu]C1([1Lu])C([6Lu])CC(=[Hf])C([4Lu])([5Lu])C1([2Lu])[3Lu]
[Lu]C1CC([1Lu])([2Lu])C([3Lu])([Re])C([Re])C1[4Lu]
[Lu]C1([Re])CCC([1Lu])([2Lu])CC1[Re]
[Lu]C1([Re])CCC([1Lu])([2Lu])C([1Re])C1([Re])[1Re]
[Lu]C1CCC([1Lu])([2Lu])C([Re])C1[Re]
[Lu]C1([1Re])C([1Re])CC([1Lu])([2Lu])C([Re])C1[Re]
[Lu]C1CCC([1Lu])([2Lu])C([W])([W])C1
[Lu]C1CCC([1Lu])([2Lu])C([W])([W])C1([1W])[1W]
[Lu]C1C([W])([W])CC([1Lu])([2Lu])CC1([1W])[1W]
[Lu]C1CCC([1Lu])([2Lu])CC1([W])[W]
[Lu]C1CC([W])([W])C([1Lu])([2Lu])CC1([1W])[1W]
[Lu]C1CCC([1Lu])([2Lu])C(=[Hf])C1=[1Hf]
[Lu]C1C(=[Hf])CC([1Lu])([2Lu])CC1=[1Hf]
[Lu]C1C(=[Hf])CC([1Lu])([2Lu])C(=[1Hf])C1=[2Hf]
[Lu]C1CCC([1Lu])C([W])([W])C1([1W])[1W]
[Lu]C1([1Lu])CC(=[Hf])C([5Lu])C([3Lu])([4Lu])C1[2Lu]
[Lu]C1CC([1Lu])([2Lu])CC([3Lu])([Re])C1([4Lu])[Re]
[Hf]=C1C([W])([W])CC(=[1Hf])CC1([1W])[1W]
[Lu]C1CC([1W])([1W])CCC1([W])[W]
[Lu]C1CCC(=[Hf])C([1Lu])([2Lu])C1
[Lu]C1([1Lu])CC(=[Hf])C([2Lu])([3Lu])CC1[4Lu]
[Lu]C1C(=[Hf])CC([1Lu])([2Lu])C([3Lu])C1[4Lu]
[Lu]C1C(=[Hf])C(=[1Hf])C([1Lu])([2Lu])C([3Lu])C1[4Lu]
[Lu]C1([Re])C([1Lu])CC([2Lu])([3Lu])C([4Lu])([5Lu])C1([6Lu])[Re]
[Lu]C1([Re])C([1Lu])C([2Lu])([3Lu])C([4Lu])([1Re])C([5Lu])([1Re])C1([6Lu])[Re]
[Lu]C1([1Lu])C([W])([W])CC([2Lu])([3Lu])C([1W])([1W])C1([4Lu])[5Lu]
[Lu]C1CC([5Lu])C([3Lu])([4Lu])C(=[Hf])C1([1Lu])[2Lu]
[Lu]C1([Re])C([Re])CC([1Lu])([2Lu])C([3Lu])C1([4Lu])[5Lu]
[Lu]C1C(=[Hf])C(=[1Hf])C([1Lu])([2Lu])C([3Lu])C1([4Lu])[5Lu]
[Lu]C1([1Re])CCC([1Lu])([2Lu])C([3Lu])([Re])C1([Re])[1Re]
[Lu]C1C([W])([W])CC([1Lu])([2Lu])C([3Lu])C1([1W])[1W]
[Hf]=C1C(=[1Hf])CCCC1([W])[W]
[Lu]C1CC([3Lu])C([1Lu])([2Lu])C(=[1Hf])C1=[Hf]
[Hf]=C1C([W])([W])C([1W])([1W])CC([2W])([2W])C1([3W])[3W]
[Lu]C1([Re])C([Re])CC([1Lu])([2Lu])C([3Lu])([4Lu])C1[5Lu]
[Lu]C1C([1Lu])C([2Lu])C([3Lu])([1Re])C([Re])([1Re])C1[Re]
[Lu]C1C([Re])C([1Lu])([Re])C([2Lu])([3Lu])C([4Lu])C1([5Lu])[6Lu]
[Lu]C1C(=[Hf])CC(=[3Hf])C(=[2Hf])C1=[1Hf]
[Lu]C1([1Lu])C([2Lu])([3Lu])C([W])([W])CC([4Lu])([5Lu])C1([6Lu])[7Lu]
[Lu]C1C([W])([W])CC([1Lu])([2Lu])C([3Lu])([4Lu])C1([5Lu])[6Lu]
[Lu]C1C([5Lu])([6Lu])C([3Lu])([4Lu])C([1Lu])([2Lu])C([1W])([1W])C1([W])[W]
[Lu]C1C(=[Hf])CC([1Lu])([2Lu])C([3Lu])([4Lu])C1([5Lu])[6Lu]
[Lu]C1CC([1Lu])C([Re])C([2Lu])([Re])C1([3Lu])[4Lu]
[Lu]C1([1Lu])C([Re])C([4Lu])([Re])C([3Lu])C([2Lu])([1Re])C1[1Re]
[Lu]C1CC([3Lu])([4Lu])C([1Lu])([2Lu])C([1W])([1W])C1([W])[W]
[Lu]C1CC([3Lu])([4Lu])C([1Lu])([2Lu])C(=[1Hf])C1=[Hf]
[Lu]C1C(=[Hf])C(=[1Hf])C([1Lu])([2Lu])C([3Lu])([4Lu])C1=[2Hf]
[Lu]C1C([Re])C([6Lu])([Re])C([5Lu])C([3Lu])([4Lu])C1([1Lu])[2Lu]
[Lu]C1([Re])C([Re])C([6Lu])C([5Lu])C([3Lu])([4Lu])C1([1Lu])[2Lu]
[Lu]C1C([W])([W])C([6Lu])C([5Lu])C([3Lu])([4Lu])C1([1Lu])[2Lu]
[Lu]C1C(=[Hf])C(=[2Hf])CC([1Lu])C1=[1Hf]
[Lu]C1([Re])C([Re])CCC([1Lu])C1([2Lu])[3Lu]
[Lu]C1C([1Lu])([2Lu])C([3Lu])C([4Lu])([5Lu])C([6Lu])C1([W])[W]
[Lu]C1([Re])CC([6Lu])C([4Lu])([5Lu])C([2Lu])([3Lu])C1([1Lu])[Re]
[Lu]C1([1Lu])C(=[Hf])C([2Lu])C([3Lu])C([4Lu])([5Lu])C1[6Lu]
[Hf]=C1C([Re])C([Re])C(=[1Hf])C([1Re])C1[1Re]
[Lu]C1CC([3Lu])C([2Lu])([Re])C([Re])([1Re])C1([1Lu])[1Re]
[Lu]C1C([1Lu])([2Lu])C([3Lu])([4Lu])C([5Lu])C([6Lu])([7Lu])C1([W])[W]
[Lu]C1([1Lu])C(=[Hf])C([6Lu])([7Lu])C([5Lu])C([3Lu])([4Lu])C1[2Lu]
[Lu]C1([Re])C([Re])C([6Lu])([7Lu])C([4Lu])([5Lu])C([3Lu])C1([1Lu])[2Lu]
[Lu]C1C([1Lu])C([2Lu])([3Lu])C([4Lu])([5Lu])C([6Lu])([7Lu])C1([W])[W]
[Lu]C1([Re])C([Re])C([5Lu])C([4Lu])([1Re])C([3Lu])([1Re])C1([1Lu])[2Lu]
[Lu]C1CC([5Lu])C([4Lu])([Re])C([3Lu])([Re])C1([1Lu])[2Lu]
[Lu]C1([Re])C([Re])C([5Lu])([1Re])C([4Lu])([1Re])C([3Lu])C1([1Lu])[2Lu]
[Lu]C1CC([1Lu])C([2Lu])([3Lu])CC1=[Hf]
[Lu]C1C([1Lu])([2Lu])C([3Lu])C([4Lu])C([5Lu])C1([W])[W]
[Lu]C1([1Lu])C([6Lu])([7Lu])C([4Lu])([5Lu])C([3Lu])([1Re])C([Re])([1Re])C1([2Lu])[Re]
[Lu]C1([Re])C([Re])C([5Lu])C([4Lu])C([2Lu])([3Lu])C1[1Lu]
[Lu]C1CC([5Lu])([Re])C([4Lu])([Re])C([2Lu])([3Lu])C1[1Lu]
[Lu]C1([1Re])C([Re])C([5Lu])([Re])C([4Lu])C([2Lu])([3Lu])C1([1Lu])[1Re]
[Lu]C1([Re])C([1Lu])([2Lu])CC([3Lu])([4Lu])C([5Lu])([1Re])C1([Re])[1Re]
[Lu]C1CC([5Lu])C([3Lu])([4Lu])C([W])([W])C1([1Lu])[2Lu]
[Lu]C1C([W])([W])C([5Lu])C([3Lu])([4Lu])C([1W])([1W])C1([1Lu])[2Lu]
[Lu]C1([1Lu])C([Re])C([Re])C([2Lu])([3Lu])C([4Lu])([5Lu])C1([6Lu])[7Lu]
[Lu]C1([Re])CCCCC1([1Lu])[Re]
[Lu]C1([1Lu])CCC([1Re])C([Re])([1Re])C1[Re]
[Lu]C1C([1Lu])C([2Lu])C([3Lu])([4Lu])C([5Lu])([Re])C1[Re]
[Lu]C1([Re])CC([5Lu])C([3Lu])([4Lu])C([2Lu])C1([1Lu])[Re]
[Lu]C1CC([1Lu])C([1Re])C([Re])([1Re])C1[Re]
[Lu]C1([1Lu])C([7Lu])C([6Lu])C([4Lu])([5Lu])C([2Lu])([3Lu])C1([W])[W]
[Lu]C1([Re])CC([1Lu])([2Lu])C([3Lu])([4Lu])C([5Lu])([1Re])C1([Re])[1Re]
[Lu]C1C(=[Hf])C(=[1Hf])CC(=[2Hf])C1([1Lu])[2Lu]
[Lu]C1C([1Lu])C(=[Hf])C([2Lu])([3Lu])CC1([4Lu])[5Lu]
[Lu]C1CC([5Lu])([6Lu])C([W])([W])C([3Lu])([4Lu])C1([1Lu])[2Lu]
[Lu]C1([Re])C([Re])C([5Lu])([6Lu])C([4Lu])([1Re])C([3Lu])([1Re])C1([1Lu])[2Lu]
[Lu]C1([Re])CC([5Lu])([6Lu])C([4Lu])C([2Lu])([3Lu])C1([1Lu])[Re]
[Lu]C1C([1Lu])C([2Lu])([3Lu])C([4Lu])C([5Lu])([6Lu])C1([W])[W]
[Lu]C1C(=[Hf])C(=[2Hf])C([2Lu])C(=[1Hf])C1[1Lu]
[Lu]C1C([1Lu])C([Re])C([2Lu])([Re])CC1([3Lu])[4Lu]
[Lu]C1CC([5Lu])([6Lu])C([3Lu])([4Lu])C([W])([W])C1([1Lu])[2Lu]
[Lu]C1C([1Lu])([2Lu])CC([3Lu])([4Lu])C([5Lu])([6Lu])C1([W])[W]
[Lu]C1CC([5Lu])([6Lu])C([3Lu])([4Lu])C(=[Hf])C1([1Lu])[2Lu]
[Lu]C1([Re])C([1Lu])C([2Lu])C([3Lu])([4Lu])C([5Lu])([6Lu])C1[Re]
[Lu]C1CC([4Lu])C(=[Hf])C([3Lu])C1([1Lu])[2Lu]
[Lu]C1([Re])C([Re])([1Re])C([1Lu])([1Re])C([2Re])C([2Lu])([3Re])C1([3Re])[4Re]
[Lu]C1([1Lu])C(=[Hf])CCC([2Lu])([3Lu])C1([4Lu])[5Lu]
[Lu]C1([1Lu])CC([2Lu])([3Lu])CC(=[1Hf])C1=[Hf]
[Lu]C1([Re])C([Re])C([4Lu])CC([2Lu])([3Lu])C1[1Lu]
[Lu]C1CC([4Lu])([Re])C([Re])C([2Lu])([3Lu])C1[1Lu]
[Lu]C1C([1Lu])C([2Lu])([3Lu])C([1W])([1W])C([4Lu])C1([W])[W]
[Lu]C1C([1Lu])C([1W])([1W])C([2Lu])C([3Lu])C1([W])[W]
[Lu]C1CC([4Lu])C([3Lu])([Re])C([Re])C1([1Lu])[2Lu]
[Lu]C1([Re])C([1Lu])([2Lu])CC([3Lu])C([4Lu])([1Re])C1([Re])[1Re]
[Lu]C1C([Re])C([4Lu])([Re])C([3Lu])CC1([1Lu])[2Lu]
[Lu]C1C([Re])C([4Lu])([Re])C([3Lu])([1Re])C([2Re])C1([1Lu])[2Lu]
[Lu]C1([Re])C([1Lu])([2Lu])C([3Re])C([3Lu])([2Re])C([4Lu])([1Re])C1([Re])[1Re]
[Lu]C1CC([4Lu])C([3Lu])C([W])([W])C1([1Lu])[2Lu]
[Lu]C1C([1Lu])([2Lu])CC([3Lu])C([4Lu])C1([W])[W]
[Lu]C1CC([4Lu])C([3Lu])C(=[Hf])C1([1Lu])[2Lu]
[Lu]C1CC([1Lu])C(=[Hf])C([2Lu])([3Lu])C1
[Hf]=C1CC(=[1Hf])C(=[2Hf])C([W])([W])C1
[Lu]C1CCCC([1Lu])C1[2Lu]
[Lu]C1CC([4Lu])C([3Lu])C([2Lu])([Re])C1([1Lu])[Re]
[Lu]C1([1Lu])C([5Lu])C(=[Hf])C([4Lu])C([3Lu])C1[2Lu]
[Lu]C1([Re])C([1Lu])C([2Lu])C([3Lu])C([4Lu])([1Re])C1([Re])[1Re]
[Lu]C1CC([4Lu])([Re])C([3Lu])([Re])C([2Lu])C1[1Lu]
[Lu]C1CC(=[Hf])C([1Lu])([2Lu])C([3Lu])([4Lu])C1
[Lu]C1C([1Lu])C([2Lu])C([3Lu])C([4Lu])C1([W])[W]
[Lu]C1([1Lu])C([2Lu])C([3Lu])([4Lu])C([5Lu])([6Lu])C([W])([W])C1([7Lu])[8Lu]
[Lu]C1([1Lu])C([1Re])C([1Re])([2Re])C([2Re])([3Re])C([Re])([3Re])C1[Re]
[Lu]C1([1Lu])CC([2Lu])([3Lu])C([1W])([1W])CC1([W])[W]
[Lu]C1CC([1Lu])([2Lu])C([3Lu])([Re])C([4Lu])([Re])C1
[Lu]C1CC([1Lu])([2Lu])C([1W])([1W])CC1([W])[W]
[Lu]C1([2Re])C([1Re])([2Re])C([Re])([1Re])C([Re])([4Re])C([3Re])([4Re])C1([1Lu])[3Re]
[Lu]C1C([1Lu])C([1W])([1W])C([2Lu])([3Lu])C([4Lu])C1([W])[W]
[Lu]C1CC([2Lu])CC([W])([W])C1[1Lu]
[Lu]C1CC([1Lu])([2Lu])C([1Re])C([Re])([1Re])C1[Re]
[Lu]C1([Re])C([Re])C([4Lu])([5Lu])C([1Re])C([3Lu])([1Re])C1([1Lu])[2Lu]
[Lu]C1C([1Lu])([2Lu])C([3Lu])C([1W])([1W])C([4Lu])([5Lu])C1([W])[W]
[Lu]C1CC([4Lu])([5Lu])C(=[Hf])C([3Lu])C1([1Lu])[2Lu]
[Lu]C1([1Lu])C([W])([W])C([2Lu])([3Lu])CC([4Lu])([5Lu])C1([1W])[1W]
[Lu]C1C([1Lu])C([2Lu])([3Lu])CC([4Lu])([5Lu])C1([W])[W]
[Lu]C1([1Lu])C(=[Hf])C(=[1Hf])C([2Lu])C([3Lu])([4Lu])C1([5Lu])[6Lu]
[Lu]C1CC([4Lu])([5Lu])C([3Lu])([Re])C([Re])C1([1Lu])[2Lu]
[Lu]C1CC([4Lu])([5Lu])C([3Lu])C([W])([W])C1([1Lu])[2Lu]
[Lu]C1CC([4Lu])([5Lu])C([3Lu])C(=[Hf])C1([1Lu])[2Lu]
[Lu]C1CC([4Lu])([5Lu])C([3Lu])([Re])C([2Lu])([Re])C1[1Lu]
[Lu]C1([1Lu])C([5Lu])C([4Lu])CC(=[Hf])C1([2Lu])[3Lu]
[Lu]C1([1Lu])CC([4Lu])([5Lu])C([2Lu])([3Lu])CC1=[Hf]
[Hf]=C1CC(=[1Hf])C(=[2Hf])C(=[3Hf])C1([W])[W]
[Lu]C1CC([4Lu])([5Lu])C([2Lu])([3Lu])C([Re])C1([1Lu])[Re]
[Lu]C1C(=[Hf])C([6Lu])([7Lu])C([4Lu])([5Lu])C([2Lu])([3Lu])C1[1Lu]
[Lu]C1([Re])C([Re])C([4Lu])([5Lu])C([2Lu])([3Lu])C([1Re])C1([1Lu])[1Re]
[Hf]=C1CC(=[1Hf])CC(=[3Hf])C1=[2Hf]
[Lu]C1CCC([1Lu])C([2Lu])([Re])C1([3Lu])[Re]
[Lu]C1C(=[Hf])C(=[1Hf])C(=[2Hf])C([1Lu])C1([2Lu])[3Lu]
[Lu]C1([Re])C([1Lu])CC([2Lu])C([3Lu])C1[Re]
[Lu]C1([Re])C([Re])([1Re])C([1Lu])([1Re])C([2Lu])([2Re])C([3Lu])([3Re])C1([4Re])[5Re]
[Lu]C1C([1Lu])C([2Lu])CC([3Lu])([Re])C1[Re]
[Lu]C1([1Lu])C([2Lu])C([3Lu])C([1Re])C([Re])([1Re])C1[Re]
[Lu]C1([1Lu])C(=[Hf])CCC([2Lu])([3Lu])C1=[1Hf]
[Lu]C1C([Re])C([3Lu])([Re])C([1Re])C([2Lu])([1Re])C1[1Lu]
[Lu]C1([1Lu])C(=[1Hf])CCC(=[Hf])C1([2Lu])[3Lu]
[Lu]C1([Re])C([1Lu])C([2Lu])CC([3Lu])C1[Re]
[Lu]C1([1Lu])C([8Lu])([9Lu])C([6Lu])([7Lu])C([4Lu])([5Lu])C([2Lu])([3Lu])C1([W])[W]
[Lu]C1([Re])C([1Lu])([3Re])C([2Lu])C([2Re])C([3Lu])([1Re])C1([Re])[1Re]
[Lu]C1CC([3Lu])C(=[Hf])C([2Lu])C1[1Lu]
[Lu]C1([1Lu])C(=[Hf])C(=[2Hf])C(=[1Hf])C([4Lu])C1([2Lu])[3Lu]
[Lu]C1C(=[Hf])C([1Lu])C([2Lu])([3Lu])C([4Lu])C1=[1Hf]
[Lu]C1([1Lu])CC([3Lu])([4Lu])C([2Lu])CC1=[Hf]
[Lu]C1([1Lu])CCCC([2Lu])([Re])C1([3Lu])[Re]
[Lu]C1([1Lu])C(=[Hf])C(=[1Hf])CC([4Lu])([5Lu])C1([2Lu])[3Lu]
[Lu]C1CC([1Lu])CC([W])([W])C1
[Lu]C1([1Re])C([Re])C([Re])C([1Lu])([2Lu])C([3Lu])([4Lu])C1([5Lu])[1Re]
[Lu]C1C(=[Hf])C([3Lu])C(=[1Hf])C([1Lu])([2Lu])C1=[2Hf]
[Lu]C1([Re])C([Re])CCC([1Lu])([1Re])C1[1Re]
[Lu]C1CC([4Lu])([5Lu])C(=[Hf])C([2Lu])([3Lu])C1[1Lu]
[Lu]C1CC([1Lu])([2Lu])CC([3Lu])([Re])C1[Re]
[Lu]C1CC([3Lu])CC([1Lu])([2Lu])C1([W])[W]
[Lu]C1([1Lu])C([3Lu])C([2Lu])C([1W])([1W])CC1([W])[W]
[Hf]=C1C(=[3Hf])C(=[2Hf])C(=[1Hf])C([1W])([1W])C1([W])[W]
[Lu]C1CC([1W])([1W])CC([1Lu])C1([W])[W]
[Lu]C1([Re])C([3Re])C([2Lu])C([2Re])C([1Lu])([1Re])C1([Re])[1Re]
[Lu]C1CC([3Lu])([Re])C([2Lu])([Re])CC1[1Lu]
[Lu]C1C([1Lu])C([1Re])C([2Lu])([1Re])C([3Lu])([Re])C1[Re]
[Lu]C1C([Re])C([3Lu])([Re])C([2Lu])C([1Re])C1([1Lu])[1Re]
[Lu]C1C([1Lu])([Re])C([2Lu])([Re])C([3Lu])([4Lu])C([5Lu])([1Re])C1([6Lu])[1Re]
[Lu]C1([Re])C([Re])C([3Lu])([4Lu])CCC1([1Lu])[2Lu]
[Lu]C1CC([3Lu])([4Lu])C([W])([W])CC1([1Lu])[2Lu]
[Lu]C1CC([3Lu])([4Lu])CC([W])([W])C1([1Lu])[2Lu]
[Lu]C1CC([3Lu])([4Lu])C([W])([W])C([1W])([1W])C1([1Lu])[2Lu]
[Lu]C1C([1Lu])([2Lu])CC([1W])([1W])C([3Lu])([4Lu])C1([W])[W]
[Lu]C1CC([3Lu])([4Lu])CC(=[Hf])C1([1Lu])[2Lu]
[Lu]C1C([1Lu])([2Lu])CCC([1W])([1W])C1([W])[W]
[Lu]C1([1Lu])C([Re])C([2Lu])([Re])C([3Lu])([1Re])C([4Lu])([2Re])C1[5Lu]
[Lu]C1CC([3Lu])([4Lu])C([W])([W])C([2Lu])C1[1Lu]
[Lu]C1CC([3Lu])([4Lu])C(=[Hf])C([2Lu])C1[1Lu]
[Lu]C1([Re])CC([3Lu])([4Lu])C([2Lu])CC1([1Lu])[Re]
[Lu]C1([Re])C([1Lu])C([1Re])C([2Lu])([1Re])C([3Lu])([4Lu])C1[Re]
[Lu]C1CC([3Lu])([4Lu])C([2Lu])C(=[Hf])C1[1Lu]
[Lu]C1([1Lu])C([2Lu])C([Re])C([Re])([1Re])C([1Re])C1[3Lu]
[Lu]C1CC([2Lu])C([Re])C([Re])([1Re])C1([1Lu])[1Re]
[Lu]C1([1Lu])C([2Lu])C(=[Hf])C([3Lu])([4Lu])C([5Lu])([6Lu])C1([7Lu])[8Lu]
[Lu]C1([1Lu])C(=[Hf])C([2Lu])C([3Lu])C(=[1Hf])C1([4Lu])[5Lu]
[Lu]C1C([5Lu])C([3Lu])([4Lu])C([W])([W])C([1W])([1W])C1([1Lu])[2Lu]
[Hf]=c1c(=[2Hf])c(=[1Hf])c(=[5Hf])c(=[4Hf])c1=[3Hf]
[Lu]C1([1Lu])C([2Lu])([Re])C([Re])CC([3Lu])([4Lu])C1([5Lu])[6Lu]
[Hf]=C1C(=[3Hf])CC(=[2Hf])C(=[1Hf])C1([W])[W]
[Lu]C1C(=[Hf])CC(=[1Hf])C(=[2Hf])C1([1Lu])[2Lu]
[Lu]C1CC([2Lu])([3Lu])C([W])([W])C([1W])([1W])C1[1Lu]
[Lu]C1C([3Lu])([4Lu])CC([1Lu])([2Lu])C([1W])([1W])C1([W])[W]
[Lu]C1([1Lu])C(=[Hf])C([4Lu])CC(=[1Hf])C1([2Lu])[3Lu]
[Lu]C1([1Lu])C(=[Hf])C([2Lu])([3Lu])C([4Lu])C([5Lu])([6Lu])C1([7Lu])[8Lu]
[Lu]C1([Re])C([Re])CC([1Re])C([1Lu])([1Re])C1([2Re])[3Re]
[Lu]C1CC([1Lu])C(=[Hf])CC1[2Lu]
[Lu]C1C([5Lu])CC([3Lu])([4Lu])C([W])([W])C1([1Lu])[2Lu]
[Lu]C1([1Lu])CC([2Lu])C([3Lu])C(=[1Hf])C1=[Hf]
[Lu]C1([1Lu])CC([2Lu])([3Lu])C(=[Hf])C(=[1Hf])C1([4Lu])[5Lu]
[Lu]C1CC([1Lu])([2Lu])CC([1W])([1W])C1([W])[W]
[Lu]C1C([W])([W])CC([1Lu])CC1([1W])[1W]
[Lu]C1CC([W])([W])C([4Lu])([5Lu])C([2Lu])([3Lu])C1[1Lu]
[Lu]C1CC([1Lu])CC([1W])([1W])C1([W])[W]
[Lu]C1CC([1Lu])CC([W])([W])C1([2Lu])[3Lu]
[Lu]C1C([1Lu])C([2Lu])([3Lu])CCC1([W])[W]
[Lu]C1C(=[Hf])C([1Lu])C([2Lu])([3Lu])C([4Lu])C1([5Lu])[6Lu]
[Lu]C1([Re])C([6Lu])([7Lu])C([5Lu])([1Re])C([4Lu])([1Re])C([2Lu])([3Lu])C1([1Lu])[Re]
[Lu]C1C(=[1Hf])CCC(=[Hf])C1[1Lu]
[Lu]C1C(=[Hf])C([1Lu])C(=[2Hf])CC1=[1Hf]
[Lu]C1([1Lu])CCCCC1
[Lu]C1C(=[Hf])C([1Lu])C(=[1Hf])C([2Lu])C1[3Lu]
[Hf]=C1C(=[1Hf])C(=[2Hf])CC([W])([W])C1=[3Hf]
[Lu]C1([1Lu])C([7Lu])([8Lu])C([5Lu])([6Lu])C([4Lu])C([3Lu])([Re])C1([2Lu])[Re]
[Lu]C1([1Lu])CCC([Re])C([Re])([1Re])C1([2Lu])[1Re]
[Lu]C1C([1Lu])CCC(=[Hf])C1([2Lu])[3Lu]
[Lu]C1C([Re])C([1Lu])([Re])C([1Re])C([2Lu])([1Re])C1([3Lu])[4Lu]
[Lu]C1CC([1Lu])([Re])C([Re])C([2Lu])C1([3Lu])[4Lu]
[Lu]C1([1Lu])C([2Lu])C([W])([W])C([3Lu])C([1W])([1W])C1[4Lu]
[Lu]C1C([1Lu])([2Lu])C([3Lu])([4Lu])C([5Lu])([Re])C([6Lu])([Re])C1([7Lu])[8Lu]
[Lu]C1([Re])CC([2Lu])CC([1Lu])C1[Re]
[Lu]C1CC([1Lu])C([W])([W])C([2Lu])C1
[Lu]C1CC([2Lu])C(=[1Hf])C([1Lu])C1=[Hf]
[Lu]C1C(=[Hf])C([1Lu])C(=[1Hf])C([2Lu])C1=[2Hf]
[Lu]C1([1Lu])CC([2Lu])([3Lu])CC([4Lu])C1=[Hf]
[Lu]C1([1Lu])C([Re])C([Re])C([1Re])C([1Re])C1([2Lu])[3Lu]
[Lu]C1([Re])CC([1Lu])C([1Re])C([1Re])C1[Re]
[Lu]C1([1Lu])CC(=[Hf])C(=[2Hf])C(=[1Hf])C1
[Lu]C1([1Lu])CCC([2Lu])([3Lu])C([W])([W])C1([1W])[1W]
[Lu]C1CC([2Lu])CC([1Lu])C1=[Hf]
[Hf]=C1CCC([1W])([1W])C([W])([W])C1([2W])[2W]
[Lu]C1([1Lu])CC([W])([W])CC([1W])([1W])C1
[Lu]C1([1Lu])CC([2Lu])C(=[Hf])C([3Lu])([4Lu])C1[5Lu]
[Lu]C1C(=[Hf])C([1Lu])CC([2Lu])([3Lu])C1[4Lu]
[Lu]C1C(=[Hf])C([1Lu])([2Lu])CC([3Lu])([4Lu])C1=[1Hf]
[Lu]C1([1Lu])C(=[Hf])CC(=[2Hf])C([2Lu])([3Lu])C1=[1Hf]
[Lu]C1([Re])C([3Re])C([2Lu])([3Lu])C([2Re])C([1Lu])([1Re])C1([Re])[1Re]
[Lu]C1CC([2Lu])([3Lu])CC([1Lu])C1=[Hf]
[Lu]C1([1Lu])C(=[Hf])C(=[1Hf])CCC1([2Lu])[3Lu]
[Lu]C1CC([Re])C([1Lu])([Re])C([2Lu])C1([3Lu])[4Lu]
[Lu]C1([1Lu])CC([4Lu])([5Lu])C([2Lu])([3Lu])C([Re])C1[Re]
[Lu]C1([1Lu])CC([4Lu])C(=[Hf])CC1([2Lu])[3Lu]
[Lu]C1([Re])C([Re])C([3Lu])C([1Re])C([2Lu])([1Re])C1[1Lu]
[Lu]C1([3Re])CC([1Lu])([Re])C([2Lu])([Re])C([1Re])([2Re])C1([3Lu])[2Re]
[Lu]C1([1Re])CC([1Lu])([Re])C([2Lu])([Re])CC1([3Lu])[1Re]
[Lu]C1CC([1Lu])C([2Lu])C([W])([W])C1[3Lu]
[Lu]C1C(=[Hf])C([1Lu])C([2Lu])CC1[3Lu]
[W]C1([W])C([Re])C([Re])C([1Re])C([1Re])C1([1W])[1W]
[Lu]C1C(=[Hf])CC(=[1Hf])CC1[1Lu]
[Lu]C1C([1Lu])C([2Lu])([Re])C([3Lu])([Re])C([4Lu])([5Lu])C1([6Lu])[7Lu]
[Lu]C1CC(=[2Hf])C([1Lu])([2Lu])C(=[1Hf])C1=[Hf]
[Lu]C1CC(=[Hf])C([1Lu])([2Lu])C(=[1Hf])C1[3Lu]
[Lu]C1C(=[Hf])C(=[2Hf])C(=[1Hf])CC1([1Lu])[2Lu]
[Lu]C1([1Lu])CCC(=[Hf])CC1=[1Hf]
[Lu]C1CCCC([1Lu])([2Lu])C1([W])[W]
[Hf]=C1CC([W])([W])C(=[2Hf])CC1=[1Hf]
[Lu]C1([Re])C([4Lu])([3Re])C([3Lu])C([2Lu])([2Re])C([1Lu])([1Re])C1([Re])[1Re]
[Lu]C1([1Lu])CC([W])([W])C([2Lu])([3Lu])CC1([4Lu])[5Lu]
[Lu]C1([1Re])CC([Re])C([Re])CC1([1Lu])[1Re]
[Lu]C1C(=[1Hf])CC(=[Hf])C(=[2Hf])C1[1Lu]
[Lu]C1([1Lu])CC(=[1Hf])C([2Lu])([3Lu])C(=[2Hf])C1=[Hf]
[Lu]C1([1Lu])C([W])([W])C([4Lu])([5Lu])C([2W])([2W])C([2Lu])([3Lu])C1([1W])[1W]
[Lu]C1CC(=[1Hf])C(=[Hf])C(=[2Hf])C1[1Lu]
[Lu]C1([Re])C([Re])([1Re])C([1Lu])([1Re])C([2Lu])([2Re])C([3Lu])([4Lu])C1([5Lu])[3Re]
[Lu]C1C(=[Hf])C([1Lu])C([2Lu])C([3Lu])([4Lu])C1[5Lu]
[Lu]C1([Re])C([Re])C([1Lu])([1Re])C([2Lu])([1Re])C([3Lu])([4Lu])C1([5Lu])[6Lu]
[Lu]C1C([4Lu])([5Lu])CC([3Lu])C([W])([W])C1([1Lu])[2Lu]
[Lu]C1CCCC([W])([W])C1
[Hf]=C1CCC([W])([W])C(=[2Hf])C1=[1Hf]
[Lu]C1([1Lu])CC([2Lu])([3Lu])C([4Lu])([5Lu])C(=[Hf])C1([6Lu])[7Lu]
[Lu]C1([1Lu])C(=[Hf])CC([3Lu])([4Lu])C(=[1Hf])C1[2Lu]
[Lu]C1([Re])C([Re])C([1Lu])C([2Lu])([3Lu])CC1([4Lu])[5Lu]
[Lu]C1C(=[Hf])C([1Lu])C([2Lu])([3Lu])CC1([4Lu])[5Lu]
[Lu]C1CC(=[1Hf])C(=[Hf])C(=[2Hf])C1
[Lu]C1CCC([Re])C([Re])([1Re])C1[1Re]
[Lu]C1([1Lu])C(=[Hf])C([6Lu])CC([4Lu])([5Lu])C1([2Lu])[3Lu]
[Lu]C1C([1Lu])C([2Lu])([3Lu])CC([W])([W])C1([4Lu])[5Lu]
[Lu]C1C(=[Hf])C([1Lu])C([2Lu])([3Lu])C(=[1Hf])C1[4Lu]
[Lu]C1C(=[Hf])C([1Lu])C([2Lu])([3Lu])C([4Lu])([5Lu])C1([6Lu])[7Lu]
[Lu]C1C([W])([W])C([1Lu])C([2Lu])([3Lu])C([4Lu])([5Lu])C1([1W])[1W]
[Lu]C1C(=[Hf])C([1Lu])C([2Lu])([3Lu])C([4Lu])([5Lu])C1=[1Hf]
[Lu]C1([1Lu])C(=[Hf])CC([6Lu])([7Lu])C([4Lu])([5Lu])C1([2Lu])[3Lu]
[Lu]C1CC([1Lu])([2Lu])CC([Re])C1([3Lu])[Re]
[Lu]C1([1Lu])C(=[Hf])CCC([2Lu])C1([3Lu])[4Lu]
[Hf]=C1CC([W])([W])C([1W])([1W])C(=[2Hf])C1=[1Hf]
[Lu]C1([Re])C([Re])C([1Lu])([2Lu])C([1Re])C([1Re])C1([3Lu])[4Lu]
[Lu]C1C(=[Hf])C([1Lu])([2Lu])C(=[1Hf])CC1([3Lu])[4Lu]
[Lu]C1CC([1Lu])([2Lu])C([Re])C([3Lu])([Re])C1[4Lu]
[Lu]C1([1Lu])C(=[Hf])CCCC1([2Lu])[3Lu]
[Lu]C1([Re])C([6Lu])([7Lu])C([4Lu])([5Lu])CC([2Lu])([3Lu])C1([1Lu])[Re]
[Lu]C1([1Lu])C([2Lu])([3Lu])CC(=[Hf])CC1([4Lu])[5Lu]
[Lu]C1CC([1Lu])([2Lu])C([1W])([1W])C([W])([W])C1
[Hf]=C1CC(=[3Hf])C(=[1Hf])CC1=[2Hf]
[Lu]C1([Re])C([Re])C([1Lu])([2Lu])CC([3Lu])([4Lu])C1([5Lu])[6Lu]
[Lu]C1([Re])CC([3Lu])([4Lu])CC([1Lu])([2Lu])C1[Re]
[Lu]C1C([W])([W])C([1Lu])([2Lu])CC([3Lu])([4Lu])C1([1W])[1W]
[Lu]C1CC([1Lu])([2Lu])C([W])([W])C([3Lu])([4Lu])C1
[Lu]C1CC([1Lu])([2Lu])C(=[Hf])C([3Lu])([4Lu])C1=[1Hf]
[Lu]C1([1Lu])CCCC([2Lu])([3Lu])C1([W])[W]
[Lu]C1C([4Lu])([5Lu])C([1W])([1W])C([3Lu])C([1Lu])([2Lu])C1([W])[W]
[Lu]C1C(=[Hf])C([1Lu])([2Lu])C([3Lu])C(=[1Hf])C1([4Lu])[5Lu]
[Lu]C1([Re])CC([1Lu])([2Lu])C([3Lu])C([4Lu])C1([5Lu])[Re]
[Lu]C1CCC([1Lu])C(=[Hf])C1[2Lu]
[Lu]C1([1Lu])C([2Lu])C([3Lu])([4Lu])C([1Re])C([Re])([1Re])C1[Re]
[Lu]C1([Re])CC([4Lu])([5Lu])C([3Lu])C([1Lu])([2Lu])C1[Re]
[Lu]C1C([W])([W])C([1Lu])([2Lu])C([3Lu])C([4Lu])([5Lu])C1([1W])[1W]
[Lu]C1C([5Lu])C([1W])([1W])C([3Lu])([4Lu])C([1Lu])([2Lu])C1([W])[W]
[Lu]C1CC([1Lu])([2Lu])C([3Lu])([4Lu])C(=[Hf])C1[5Lu]
[Lu]C1C([W])([W])C([1Lu])C([2Lu])([3Lu])C([4Lu])([5Lu])C1([6Lu])[7Lu]
[Lu]C1([Re])CC([1Lu])([2Lu])C([3Lu])([4Lu])C([5Lu])C1([6Lu])[Re]
[Lu]C1([1Lu])CC([Re])C([Re])CC1([2Lu])[3Lu]
[Lu]C1CCCC(=[Hf])C1[1Lu]
[Lu]C1([Re])CC([1Lu])([2Lu])C([3Lu])([4Lu])C([5Lu])([6Lu])C1([7Lu])[Re]
[Lu]C1([Re])CC([1Lu])([2Lu])C([3Lu])([4Lu])C([5Lu])([6Lu])C1[Re]
[Lu]C1CC([1Lu])([2Lu])C([3Lu])([4Lu])C([5Lu])([6Lu])C1([W])[W]
[Lu]C1C(=[Hf])C([1Lu])([2Lu])C([3Lu])([4Lu])C([5Lu])([6Lu])C1=[1Hf]
[Lu]C1([Re])C([1Lu])([2Lu])C([3Lu])([4Lu])C([5Lu])([6Lu])C([7Lu])([8Lu])C1([9Lu])[Re]
[Lu]C1([Re])C([3Re])C([3Lu])([4Lu])C([2Lu])([2Re])C([1Lu])([1Re])C1([Re])[1Re]
[Lu]C1C([1Lu])([2Lu])C([3Lu])([4Lu])C([5Lu])C([6Lu])([Re])C1([7Lu])[Re]
[Lu]C1([1Lu])C(=[2Hf])C(=[1Hf])C(=[Hf])C(=[4Hf])C1=[3Hf]
[Lu]C1([1Lu])CC([W])([W])C([2Lu])([3Lu])C([1W])([1W])C1([4Lu])[5Lu]
[Lu]C1C([7Lu])C([5Lu])([6Lu])C([4Lu])([Re])C([3Lu])([Re])C1([1Lu])[2Lu]
[Lu]C1([1Lu])CCC([2Lu])([3Lu])C([Re])C1[Re]
[Lu]C1C([5Lu])C([3Lu])([4Lu])C([1Lu])([2Lu])CC1([W])[W]
[Lu]C1C([6Lu])C([5Lu])C(=[Hf])C([3Lu])([4Lu])C1([1Lu])[2Lu]
[Lu]C1([1Lu])CCCCC1[2Lu]
[Lu]C1([Re])CCCC([1Lu])([2Lu])C1[Re]
[Lu]C1C([6Lu])C([5Lu])C([4Lu])([Re])C([3Lu])([Re])C1([1Lu])[2Lu]
[Lu]C1C([6Lu])C([5Lu])([Re])C([4Lu])([Re])C([3Lu])C1([1Lu])[2Lu]
[Lu]C1([1Lu])C([Re])C([Re])([1Re])C([1Re])C([2Lu])([3Lu])C1([4Lu])[5Lu]
[Lu]C1C([1Lu])([2Lu])CC([3Lu])([4Lu])C([5Lu])([Re])C1([6Lu])[Re]
[Lu]C1C([5Lu])C([3Lu])([4Lu])C([Re])C([Re])C1([1Lu])[2Lu]
[Lu]C1C([6Lu])C([5Lu])C([3Lu])([4Lu])C([W])([W])C1([1Lu])[2Lu]
[Lu]C1C([6Lu])C([5Lu])C([3Lu])([4Lu])C(=[Hf])C1([1Lu])[2Lu]
[Lu]C1([1Lu])CC([5Lu])([6Lu])C(=[Hf])C([4Lu])C1([2Lu])[3Lu]
[Lu]C1([Re])C([1Lu])([2Lu])CC([3Lu])C([4Lu])([5Lu])C1([6Lu])[Re]
[Lu]C1C([Re])C([Re])C([1Lu])([2Lu])C([1Re])C1[1Re]
[Lu]C1([1Lu])C(=[Hf])C(=[3Hf])C(=[2Hf])C(=[1Hf])C1[2Lu]
[Lu]C1C([6Lu])([7Lu])C([Re])C([5Lu])([Re])C([3Lu])([4Lu])C1([1Lu])[2Lu]
[Lu]C1([1Lu])C([5Lu])C([3Lu])([4Lu])C([2Lu])C([1W])([1W])C1([W])[W]
[Lu]C1([1Lu])C(=[Hf])CC(=[1Hf])CC1([2Lu])[3Lu]
[Lu]C1C(=[Hf])CC([1Lu])([2Lu])CC1([3Lu])[4Lu]
[Lu]C1([Re])C([1Lu])([2Lu])CC([3Lu])([4Lu])CC1([5Lu])[Re]
[Lu]C1C([5Lu])C(=[Hf])C([3Lu])([4Lu])C([2Lu])C1[1Lu]
[Lu]C1([1Lu])CC([W])([W])CC([2Lu])([3Lu])C1([4Lu])[5Lu]
[Lu]C1CCC([W])([W])CC1
[Lu]C1([1Lu])C(=[Hf])C(=[1Hf])CC([3Lu])C1[2Lu]
[Lu]C1CC(=[Hf])C(=[1Hf])C(=[2Hf])C1([1Lu])[2Lu]
[Lu]C1CCC([W])([W])C([3Lu])([4Lu])C1([1Lu])[2Lu]
[Hf]=C1C(=[1Hf])C([W])([W])CC([1W])([1W])C1=[2Hf]
[Lu]C1C([5Lu])([6Lu])CC([W])([W])C([3Lu])([4Lu])C1([1Lu])[2Lu]
[Lu]C1([1Lu])C([Re])C([Re])CC([2Lu])([3Lu])C1([4Lu])[5Lu]
[Lu]C1([1Lu])C([Re])C([Re])([1Re])C([1Re])CC1([2Lu])[3Lu]
[Lu]C1([1Lu])CCC(=[Hf])C(=[1Hf])C1=[2Hf]
[Lu]C1([1Lu])CC([4Lu])([5Lu])C(=[1Hf])C([2Lu])([3Lu])C1=[Hf]
[Hf]=C1C(=[3Hf])C(=[2Hf])C(=[1Hf])C([Re])C1[Re]
[Hf]=C1CCCC(=[1Hf])C1=[2Hf]
[Re]C1CCC([2Re])C([1Re])([2Re])C1([Re])[1Re]
[Lu]C1CC([1Lu])CC([2Lu])C1
[Lu]C1([1Lu])CCCC([2Lu])C1=[Hf]
[W]C1([W])CCCC([Re])C1[Re]
[Lu]C1C([3Lu])C(=[Hf])CCC1([1Lu])[2Lu]
[Lu]C1([1Lu])C(=[Hf])C(=[1Hf])C(=[2Hf])C([4Lu])([5Lu])C1([2Lu])[3Lu]
[Lu]C1C(=[Hf])C(=[3Hf])CC(=[2Hf])C1=[1Hf]
[Lu]C1([1Lu])C([4Lu])CC([Re])C([Re])C1([2Lu])[3Lu]
[Lu]C1C([Re])C([7Lu])([Re])C([5Lu])([6Lu])C([3Lu])([4Lu])C1([1Lu])[2Lu]
[Lu]C1([1Lu])C(=[Hf])C([4Lu])([5Lu])C([3Lu])C(=[1Hf])C1[2Lu]
[Lu]C1C([1Lu])([2Lu])C([3Lu])C([4Lu])([5Lu])C([6Lu])([7Lu])C1([W])[W]
[Lu]C1([1Lu])CC(=[1Hf])CC([2Lu])C1=[Hf]
[Lu]C1([1Lu])C([W])([W])CC([1W])([1W])C([2Lu])([3Lu])C1([4Lu])[5Lu]
[Lu]C1C(=[Hf])C([1Lu])C([2Lu])C([3Lu])([4Lu])C1=[1Hf]
[Lu]C1([1Lu])CC(=[Hf])C(=[2Hf])C([2Lu])C1=[1Hf]
[Re]C1C([2Re])C([2Re])CC([1Re])C1([Re])[1Re]
[Lu]C1([1Lu])C(=[Hf])C([2Lu])([3Lu])C([4Lu])([5Lu])C([6Lu])([7Lu])C1([8Lu])[9Lu]
[Lu]C1C([3Lu])([4Lu])CC([1Lu])([2Lu])CC1([W])[W]
[Lu]C1CC([W])([W])C([4Lu])C([3Lu])C1([1Lu])[2Lu]
[Lu]C1C([1Lu])C(=[Hf])CC(=[1Hf])C1[2Lu]
[Lu]C1C(=[Hf])C(=[2Hf])C(=[1Hf])C([2Lu])([3Lu])C1[1Lu]
[Lu]C1([1Lu])CCC(=[Hf])CC1[2Lu]
[Lu]C1([1Lu])C(=[Hf])C([4Lu])C(=[1Hf])C([2Lu])([3Lu])C1=[2Hf]
[Lu]C1([1Lu])C([2Lu])([3Lu])C([4Lu])([5Lu])C([1Re])C([Re])([1Re])C1([6Lu])[Re]
[Hf]=C1CCC([Re])C([Re])C1=[1Hf]
[Lu]C1([1Lu])CCC(=[Hf])C(=[1Hf])C1
[Lu]C1C([1Lu])([2Lu])C(=[Hf])CC([3Lu])C1([4Lu])[5Lu]
[Lu]C1([1Lu])CCC(=[Hf])CC1
[Lu]C1CCCC([1Lu])C1=[Hf]
[Lu]C1([1Lu])CC([3Lu])([4Lu])C([2Lu])C(=[1Hf])C1=[Hf]
[Lu]C1C([1Lu])C([1W])([1W])CCC1([W])[W]
[Lu]C1([1Lu])C([4Lu])C([W])([W])CC([1W])([1W])C1([2Lu])[3Lu]
[Lu]C1([1Lu])C([2Lu])([3Lu])C([4Lu])([5Lu])C([6Lu])([7Lu])C([1W])([1W])C1([W])[W]
[Lu]C1([1Lu])C(=[Hf])CC(=[1Hf])C([3Lu])([4Lu])C1[2Lu]
[Lu]C1([1Re])CCC([1Lu])([Re])C([Re])C1[1Re]
[Lu]C1C([W])([W])C([1Lu])([2Lu])C([3Lu])([4Lu])C([5Lu])([6Lu])C1([1W])[1W]
[Lu]C1([1Lu])CCC([2Lu])([3Lu])C(=[Hf])C1
[Lu]C1([1Lu])C([6Lu])([7Lu])C([1W])([1W])C([4Lu])([5Lu])C([2Lu])([3Lu])C1([W])[W]
[Lu]C1([Re])C([Re])([1Re])C([1Re])([2Re])C([2Re])([3Re])C([1Lu])([3Re])C1([4Re])[5Re]
[Lu]C1([Re])CC([4Lu])([5Lu])C([2Lu])([3Lu])CC1([1Lu])[Re]
[Lu]C1CC([1Lu])C(=[2Hf])C(=[1Hf])C1=[Hf]
[Hf]=C1C(=[1Hf])CC([W])([W])CC1=[2Hf]
[Re]C1CCCC([1Re])C1([Re])[1Re]
[Lu]C1([1Lu])CC([Re])C([Re])C([1Re])C1[1Re]
[Lu]C1C([1Lu])C(=[Hf])C([2Lu])C([3Lu])C1[4Lu]
[Lu]C1([1Lu])CC([2Lu])([3Lu])C(=[2Hf])C(=[1Hf])C1=[Hf]
[Lu]C1CCC([W])([W])C([1Lu])C1
[Lu]C1([1Lu])C(=[Hf])C(=[2Hf])CCC1=[1Hf]
[Hf]=C1CC(=[1Hf])C([1Re])C([Re])([1Re])C1[Re]
[Lu]C1CC(=[Hf])C([3Lu])C([1Lu])([2Lu])C1=[1Hf]
[Lu]C1C([1Lu])C(=[Hf])C([2Lu])([3Lu])C(=[1Hf])C1[4Lu]
[Lu]C1C(=[Hf])C(=[1Hf])CCC1=[2Hf]
[Lu]C1([1Lu])C(=[Hf])C(=[2Hf])CC([2Lu])([3Lu])C1=[1Hf]
[Lu]C1([1Lu])C(=[Hf])C([2Lu])([3Lu])CC(=[1Hf])C1([4Lu])[5Lu]
[Lu]C1CCC(=[Hf])C(=[1Hf])C1([1Lu])[2Lu]
[Lu]C1C([1Lu])([2Lu])CCC([3Lu])C1([W])[W]
[W]C1([W])CCC([2W])([2W])CC1
[Lu]C1([1Lu])CC(=[Hf])C(=[1Hf])C([2Lu])C1
[Hf]=C1CC([W])([W])CC([1W])([1W])C1=[1Hf]
[Lu]C1([1Lu])CCCC([W])([W])C1([2Lu])[3Lu]
[Lu]C1C([5Lu])([6Lu])C([Re])C([Re])C([3Lu])([4Lu])C1([1Lu])[2Lu]
[Lu]C1([1Lu])C(=[Hf])CC([2Lu])([3Lu])CC1=[1Hf]
[Lu]C1([1Lu])CCC([W])([W])C([1W])([1W])C1
[Lu]C1([1Re])C([1Lu])C([2Lu])([Re])C([3Lu])([Re])C([4Lu])C1([5Lu])[1Re]
[Lu]C1([Re])C([Re])CCC([1Re])C1[1Re]
[Hf]=C1CC([Re])C([Re])([1Re])C([1Re])C1
[Lu]C1C([3Lu])C(=[Hf])C(=[1Hf])CC1([1Lu])[2Lu]
[Lu]C1([Re])C([Re])C([1Lu])([2Lu])C([3Lu])([1Re])C([1Re])C1([4Lu])[5Lu]
[Lu]C1C([3Lu])([4Lu])CCC(=[Hf])C1([1Lu])[2Lu]
[Lu]C1([1Lu])C(=[Hf])C(=[3Hf])C([2Lu])C(=[2Hf])C1=[1Hf]
[Lu]C1C([1Lu])C([2Lu])([3Lu])C(=[Hf])C(=[1Hf])C1([4Lu])[5Lu]
[Lu]C1([1Lu])C(=[Hf])C(=[1Hf])C([2Lu])([3Lu])C(=[2Hf])C1=[3Hf]
[Lu]C1([1Lu])CC([2Lu])C(=[1Hf])C(=[2Hf])C1=[Hf]
[Lu]C1([1Lu])CC(=[3Hf])C(=[Hf])C(=[1Hf])C1=[2Hf]
[Lu]C1([1Lu])CCC([Re])C([Re])C1([2Lu])[3Lu]
[Lu]C1C([3Lu])([4Lu])CCC([W])([W])C1([1Lu])[2Lu]
[Lu]C1C([1Lu])([2Lu])C(=[Hf])C(=[1Hf])C(=[2Hf])C1([3Lu])[4Lu]
[Lu]C1C([1Lu])([2Lu])CC([1W])([1W])CC1([W])[W]
[Lu]C1([1Lu])C([Re])C([Re])CC([2Lu])([3Lu])C1[4Lu]
[Lu]C1CC(=[Hf])CC(=[1Hf])C1
[Lu]C1([1Lu])C(=[Hf])C([2Lu])([3Lu])C([4Lu])([5Lu])C(=[1Hf])C1([6Lu])[7Lu]
[Lu]C1([1Lu])C([4Lu])([5Lu])CCC([2Lu])([3Lu])C1([W])[W]
[Hf]=C1CC([1W])([1W])C(=[1Hf])CC1([W])[W]
[Lu]C1C([1Lu])([2Lu])C([3Lu])([4Lu])C(=[Hf])C([5Lu])([6Lu])C1([7Lu])[8Lu]
[Lu]C1CC(=[1Hf])CCC1=[Hf]
[Lu]C1([1Lu])CC(=[Hf])CC(=[1Hf])C1[2Lu]
[Lu]C1C([1Lu])([2Lu])C(=[Hf])C([3Lu])([4Lu])C(=[1Hf])C1([5Lu])[6Lu]
[Hf]=C1CC(=[1Hf])C([1W])([1W])C([W])([W])C1
[Lu]C1([1Lu])C([2Lu])([3Lu])CC([1W])([1W])CC1([W])[W]
[Lu]C1([1Lu])CCC([W])([W])CC1([2Lu])[3Lu]
[Lu]C1([1Lu])CCC([W])([W])C([1W])([1W])C1([2Lu])[3Lu]
[Lu]C1([1Lu])CC([W])([W])C([1W])([1W])CC1([2Lu])[3Lu]
[Lu]C1([1Lu])CCCC([W])([W])C1
[Lu]C1([1Lu])CC([W])([W])CCC1([1W])[1W]
[Lu]C1([1Lu])CCC([W])([W])CC1
[Lu]C1([1Lu])CCC([1W])([1W])CC1([W])[W]
[Lu]C1CCC([Re])C([Re])C1([1Lu])[2Lu]
[Lu]C1([1Lu])C([2Lu])C([3Lu])([4Lu])C([1W])([1W])CC1([W])[W]
[Lu]C1([1Lu])CCCC([Re])C1[Re]
[Lu]C1CC([Re])C([Re])([1Re])C([1Re])C1
[Lu]C1C([5Lu])CC([3Lu])([4Lu])C([1Lu])([2Lu])C1([W])[W]
[Lu]C1C([W])([W])CCCC1([1W])[1W]
[Lu]C1([1Lu])CCC(=[Hf])C([2Lu])C1([3Lu])[4Lu]
[Lu]C1CC(=[Hf])C([1Lu])([2Lu])CC1=[1Hf]
[Lu]C1([1Lu])C([W])([W])CC([2Lu])([3Lu])CC1([1W])[1W]
[Lu]C1([1Lu])C([2Lu])C([3Lu])([4Lu])C([W])([W])C([5Lu])([6Lu])C1[7Lu]
[Lu]C1([1Lu])CC([W])([W])CC([2Lu])([3Lu])C1[4Lu]
[Lu]C1([1Lu])CC(=[Hf])CC([2Lu])([3Lu])C1[4Lu]
[Hf]=C1C(=[1Hf])CCC([1W])([1W])C1([W])[W]
[Lu]C1([1Lu])CC([2Lu])([3Lu])CC([Re])C1[Re]
[Lu]C1([1Lu])CCC([W])([W])C([2Lu])([3Lu])C1
[Lu]C1([1Lu])CC([2Lu])([3Lu])CC([W])([W])C1
[Lu]C1([1Lu])CC([W])([W])CC([2Lu])([3Lu])C1([1W])[1W]
[Lu]C1([1Lu])CC([2Lu])([3Lu])C([1W])([1W])C([W])([W])C1
[Lu]C1([Re])C([1Lu])([2Lu])C([1Re])C([1Re])C([3Lu])([4Lu])C1([5Lu])[Re]
[Lu]C1([1Lu])C(=[1Hf])C(=[Hf])CC(=[3Hf])C1=[2Hf]
[Lu]C1([1Lu])CCC([4Lu])C(=[Hf])C1([2Lu])[3Lu]
[Hf]=C1CCCC([Re])C1[Re]
[Lu]C1([1Lu])C([2Lu])([3Lu])CC([4Lu])([5Lu])C([1W])([1W])C1([W])[W]
[Lu]C1([1Lu])CC(=[1Hf])C(=[2Hf])CC1=[Hf]
[Lu]C1CC(=[Hf])C([1Lu])([2Lu])C(=[1Hf])C1
[Hf]=C1CC(=[1Hf])CC(=[2Hf])C1
[Lu]C1C([Re])C([Re])CCC1([1Lu])[2Lu]
[Hf]=C1CCC(=[1Hf])CC1=[2Hf]
[Lu]C1([1Lu])C(=[Hf])C([6Lu])([7Lu])CC([4Lu])([5Lu])C1([2Lu])[3Lu]
[Lu]C1([1Lu])CC([4Lu])([5Lu])CC([2Lu])([3Lu])C1=[Hf]
[Lu]C1([1Lu])C([W])([W])CC([1W])([1W])CC1([2W])[2W]
[Lu]C1CC(=[Hf])CC([1Lu])C1([2Lu])[3Lu]
[Lu]C1CCC([1Lu])C([2Lu])C1
[Lu]C1C(=[Hf])C(=[1Hf])CCC1[1Lu]
[Lu]C1([1Lu])C([W])([W])CC([2Lu])CC1([1W])[1W]
[Re]C1([1Re])CCCCC1([Re])[1Re]
[Lu]C1([1Lu])CCC(=[Hf])C(=[1Hf])C1[2Lu]
[Lu]C1([1Lu])CC([2Lu])([3Lu])C(=[1Hf])CC1=[Hf]
[Lu]C1([1Lu])C([Re])C([Re])C([2Lu])([3Lu])C([1Re])C1[1Re]
[Hf]=C1C(=[3Hf])C(=[2Hf])C([1W])([1W])C(=[1Hf])C1([W])[W]
[Lu]C1([1Lu])CC(=[Hf])C([2Lu])([3Lu])C(=[1Hf])C1([4Lu])[5Lu]
[Lu]C1([1Lu])CC([W])([W])C([1W])([1W])C([2Lu])([3Lu])C1([4Lu])[5Lu]
[Hf]=C1CCC(=[1Hf])CC1
[Lu]C1CC([1Lu])C([1W])([1W])CC1([W])[W]
[Lu]C1([1Lu])C(=[Hf])C(=[1Hf])C([2Lu])([3Lu])C([4Lu])([5Lu])C1([6Lu])[7Lu]
[Hf]=C1CCC(=[1Hf])C([1W])([1W])C1([W])[W]
[Lu]C1CCC([1Lu])([2Lu])CC1=[Hf]
[Lu]C1([1Lu])CC([6Lu])([7Lu])C([4Lu])([5Lu])C([W])([W])C1([2Lu])[3Lu]
[Hf]=C1C(=[2Hf])CCC(=[1Hf])C1([W])[W]
[Lu]C1([1Lu])C(=[Hf])C(=[1Hf])CC(=[2Hf])C1([2Lu])[3Lu]
[Lu]C1CC([1Lu])CC(=[1Hf])C1=[Hf]
[Lu]C1([1Lu])CC(=[Hf])C(=[2Hf])C(=[1Hf])C1([2Lu])[3Lu]
[Hf]=C1C(=[1Hf])C([1Re])C([1Re])C([Re])C1[Re]
[Lu]C1CCC(=[Hf])C(=[1Hf])C1
[Hf]=C1CC([1Re])C([1Re])C([Re])C1[Re]
[Lu]C1C(=[Hf])C(=[3Hf])C(=[2Hf])C(=[1Hf])C1[1Lu]
[Hf]=C1C(=[1Hf])C([W])([W])CCC1([1W])[1W]
[Lu]C1CCC(=[Hf])C([1Lu])C1
[Hf]=C1CCC([W])([W])CC1([1W])[1W]
[Hf]=C1CC([W])([W])CC([1W])([1W])C1
[W]C1([W])CC([Re])C([Re])CC1([1W])[1W]
[Lu]C1CC(=[1Hf])CC([1Lu])C1=[Hf]
[Lu]C1([1Lu])CCCC([2Lu])([3Lu])C1=[Hf]
[Hf]=C1CCC(=[1Hf])C([W])([W])C1
[Hf]=C1C(=[1Hf])C(=[2Hf])CC([Re])C1[Re]
[Lu]C1([1Lu])CCCC(=[1Hf])C1=[Hf]
[Hf]=C1C([W])([W])CC([2W])([2W])CC1([1W])[1W]
[Lu]C1CC(=[Hf])C(=[1Hf])CC1([1Lu])[2Lu]
[Lu]C1([1Lu])CC(=[1Hf])CC([2Lu])([3Lu])C1=[Hf]
[Lu]C1CCCC(=[Hf])C1([1Lu])[2Lu]
[Lu]C1CCCC(=[Hf])C1
[Lu]C1CCCCC1=[Hf]
[Lu]C1([Re])C([Re])([1Re])C([1Re])([2Re])C([1Lu])([2Re])C([3Re])([4Re])C1([4Re])[5Re]
[Lu]C1CCC(=[1Hf])C([1Lu])([2Lu])C1=[Hf]
[Lu]C1CCC(=[Hf])CC1
[Lu]C1CC([1Lu])C(=[1Hf])CC1=[Hf]
[Hf]=C1CCCCC1
[Lu]C1([1Lu])CC(=[Hf])CC([2Lu])C1
[Hf]=C1CCC([W])([W])CC1
[Hf]=C1CCC([Re])C([Re])([1Re])C1[1Re]
[Lu]C1([1Lu])CC([Re])C([Re])([1Re])C([1Re])C1
[Lu]C1([1Lu])C([6Lu])([7Lu])C([4Lu])([5Lu])C([1W])([1W])C([2Lu])([3Lu])C1([W])[W]
[Lu]C1([1Lu])CC([2Lu])([3Lu])CC([4Lu])([5Lu])C1([W])[W]
[Lu]C1([1Lu])C(=[Hf])C([2Lu])([3Lu])C(=[1Hf])C([4Lu])([5Lu])C1=[2Hf]
[Lu]C1([1Lu])C(=[Hf])CC(=[1Hf])C([2Lu])([3Lu])C1([4Lu])[5Lu]
[Lu]C1CCC([1Lu])CC1=[Hf]
[Lu]C1([1Lu])CC(=[1Hf])C([2Lu])([3Lu])CC1=[Hf]
[Hf]=C1C(=[1Hf])C(=[2Hf])C(=[3Hf])C(=[4Hf])C1([W])[W]
[Hf]=C1C([W])([W])C(=[1Hf])C([1W])([1W])C(=[2Hf])C1([2W])[2W]
[Re]C1C([Re])C([2Re])C([2Re])C([1Re])C1[1Re]
[Lu]C1CCCC([Re])C1[Re]
[Hf]=C1CCC([1W])([1W])C([W])([W])C1
[Lu]C1CC(=[Hf])CC(=[1Hf])C1([1Lu])[2Lu]
[Lu]C1C([1Lu])C([1Re])C([1Re])C([Re])C1[Re]
[Lu]C1C(=[Hf])C([1Lu])C([2Lu])C(=[1Hf])C1[3Lu]
[Lu]C1CC(=[Hf])CCC1[1Lu]
[Hf]=C1C(=[1Hf])C([1W])([1W])C(=[2Hf])C(=[3Hf])C1([W])[W]
[Lu]C1C(=[Hf])C(=[3Hf])C([1Lu])C(=[2Hf])C1=[1Hf]
[Lu]C1CCCCC1([W])[W]
[Lu]C1([1Lu])C(=[Hf])CCCC1=[1Hf]
[Lu]C1C(=[Hf])CC(=[2Hf])CC1=[1Hf]
[Lu]C1([1Lu])CC(=[Hf])CC(=[1Hf])C1
[Lu]C1CCCC(=[1Hf])C1=[Hf]
[Hf]=C1CC(=[1Hf])C([1W])([1W])CC1([W])[W]
[Lu]C1C([Re])C([Re])C([1Lu])C([1Re])C1[1Re]
[Lu]C1([1Lu])CCCC(=[Hf])C1
[Hf]=C1CC(=[1Hf])CCC1([W])[W]
[Hf]=C1CCC([Re])C([Re])C1
[Lu]C1CC(=[Hf])CC([1Lu])C1
[Hf]=C1CCCC([W])([W])C1
[Hf]=C1CCCCC1=[1Hf]
[Lu]C1([1Lu])CC(=[1Hf])CCC1=[Hf]
[Lu]C1([1Lu])C([Re])C([Re])CC([1Re])C1[1Re]
[Lu]C1CC(=[1Hf])C([1Lu])CC1=[Hf]
[Hf]=C1C([W])([W])CCCC1([1W])[1W]
[Lu]C1CC(=[Hf])C(=[1Hf])C([1Lu])([2Lu])C1
[Lu]C1([1Lu])CCC([2Lu])([3Lu])C(=[Hf])C1=[1Hf]
[Hf]=C1CCC([W])([W])CC1=[1Hf]
[Lu]C1CCC([1Lu])CC1
[Hf]=C1CC([W])([W])C([1W])([1W])CC1=[1Hf]
[Lu]C1CC(=[Hf])C(=[1Hf])CC1[1Lu]
[Hf]=C1CCCCC1([W])[W]
[Hf]=C1CC(=[1Hf])C([Re])C([Re])C1
[Lu]C1([1Lu])CCC(=[Hf])C([2Lu])([3Lu])C1
[Lu]C1([1Lu])CCC(=[Hf])CC1([2Lu])[3Lu]
[Lu]C1([1Lu])CCCCC1=[Hf]
[Lu]C1([1Lu])CCCC([W])([W])C1([1W])[1W]
[Re]C1CCCCC1[Re]
[Hf]=C1C(=[1Hf])CC([1Re])C([Re])([1Re])C1[Re]
[W]C1([W])CCCCC1
[Hf]=C1CCCC(=[1Hf])C1
[Hf]=C1CCC(=[1Hf])C([Re])C1[Re]
[Re]C1CC([1Re])C([1Re])CC1[Re]
[Lu]C1([1Lu])CCC([2Lu])CC1=[Hf]
[Lu]C1C(=[Hf])CCCC1=[1Hf]
[W]C1([W])C([Re])C([Re])CC([1Re])C1[1Re]
[Lu]C1CC([Re])C([Re])CC1[1Lu]
[Lu]C1([1Lu])CC(=[Hf])CCC1[2Lu]
[Lu]C1([1Lu])C([W])([W])CCCC1([1W])[1W]
[Re]C1CCC([1Re])C([1Re])C1[Re]
[Hf]=C1CC(=[1Hf])CC([W])([W])C1
[Hf]=C1CCCC(=[1Hf])C1([W])[W]
[Lu]C1([1Lu])CC(=[Hf])CC([2Lu])([3Lu])C1
[Lu]C1([1Lu])CCCCC1([W])[W]
[Lu]C1CCCCC1
[Lu]C1CCCCC1[1Lu]
[Hf]=C1CC([Re])C([Re])CC1=[1Hf]
[Lu]C1([1Lu])CC(=[Hf])C(=[1Hf])CC1([2Lu])[3Lu]
